Looking for git in: git
Using git 2.18.0 from git
> git rev-parse --show-toplevel
> git config --get commit.template
Open repository: /home/vito/Code/technical-sales
> git status -z -u
> git symbolic-ref --short HEAD
> git rev-parse develop
> git rev-parse --symbolic-full-name develop@{u}
> git rev-list --left-right develop...refs/remotes/origin/develop
> git for-each-ref --format %(refname) %(objectname) --sort -committerdate
> git remote --verbose
> git check-ignore -z --stdin
> git check-ignore -z --stdin
> git check-ignore -z --stdin
> git check-ignore -z --stdin
> git show :netrounds_portal/accounts/templates/accounts/login.html
> git show :netrounds_portal/accounts/templates/accounts/signup.html
> git check-ignore -z --stdin
> git check-ignore -z --stdin
> git show :netrounds_portal/forms/models.py
> git show :netrounds_portal/forms/forms.py
> git show :netrounds_portal/accounts/admin.py
> git show :netrounds_portal/accounts/templates/accounts/login.html
> git show :netrounds_portal/accounts/templates/accounts/signup.html
> git show :netrounds_portal/accounts/templates/accounts/login.html
