[2018-08-17 21:49:23.755] [sharedprocess] [info] main {"machineId":"fb1d8074a8008de4bd901dbb6385ee608f730dc9a8e32fdeafe862f447821eed"}
[2018-08-17 21:49:23.817] [sharedprocess] [info] Scanned user extensions: 1
[2018-08-17 21:49:23.877] [sharedprocess] [info] Scanned user extensions: 1
[2018-08-17 21:49:23.877] [sharedprocess] [info] Scanned user extensions: 1
[2018-08-17 21:49:23.880] [sharedprocess] [info] Scanned user extensions: 1
[2018-08-17 21:49:23.885] [sharedprocess] [info] Scanned user extensions: 1
[2018-08-17 21:49:23.925] [sharedprocess] [info] Scanned system extensions: 71
[2018-08-17 21:49:23.929] [sharedprocess] [info] Scanned system extensions: 71
[2018-08-17 21:49:23.930] [sharedprocess] [info] Scanned system extensions: 71
[2018-08-17 21:49:23.933] [sharedprocess] [info] Scanned system extensions: 71
[2018-08-17 21:49:24.305] [sharedprocess] [info] Scanned user extensions: 1
[2018-08-17 21:49:24.308] [sharedprocess] [info] Scanned user extensions: 1
[2018-08-17 21:49:31.614] [sharedprocess] [info] Scanned user extensions: 1
[2018-08-17 21:49:31.616] [sharedprocess] [info] Scanned user extensions: 1
[2018-08-17 21:49:31.617] [sharedprocess] [info] Scanned user extensions: 1
[2018-08-17 21:49:31.659] [sharedprocess] [info] Scanned system extensions: 71
[2018-08-17 21:49:31.661] [sharedprocess] [info] Scanned system extensions: 71
[2018-08-17 21:49:34.136] [sharedprocess] [info] Scanned user extensions: 1
[2018-08-17 21:49:34.142] [sharedprocess] [info] Scanned user extensions: 1
[2018-08-17 21:50:03.757] [sharedprocess] [info] Starting to clean up unused language packs.
[2018-08-17 21:50:03.782] [sharedprocess] [info] Scanned user extensions: 1
[2018-08-17 21:50:03.782] [sharedprocess] [info] Scanned user extensions: 1
[2018-08-17 21:50:03.799] [sharedprocess] [info] Scanned system extensions: 71
[2018-08-17 21:50:06.882] [sharedprocess] [info] Scanned user extensions: 1
[2018-08-17 21:50:06.887] [sharedprocess] [info] Scanned user extensions: 1
[2018-08-17 21:50:36.678] [sharedprocess] [info] Scanned user extensions: 1
[2018-08-17 21:50:36.678] [sharedprocess] [info] Scanned user extensions: 1
[2018-08-17 21:50:36.679] [sharedprocess] [info] Scanned user extensions: 1
[2018-08-17 21:50:36.704] [sharedprocess] [info] Scanned system extensions: 71
[2018-08-17 21:50:36.706] [sharedprocess] [info] Scanned system extensions: 71
[2018-08-17 21:50:36.842] [sharedprocess] [info] Scanned user extensions: 1
[2018-08-17 21:50:36.855] [sharedprocess] [info] Scanned system extensions: 71
[2018-08-17 21:50:47.322] [sharedprocess] [info] Installing extension: vscode-theme-onedark
[2018-08-17 21:50:47.323] [sharedprocess] [info] Scanned user extensions: 1
[2018-08-17 21:50:48.312] [sharedprocess] [info] Downloaded extension: vscode-theme-onedark /tmp/e18ce548-7c57-4427-8a8a-60da629de056
[2018-08-17 21:50:48.321] [sharedprocess] [info] Extracted extension to /home/vito/.vscode-oss/extensions/.akamud.vscode-theme-onedark-2.1.0: akamud.vscode-theme-onedark-2.1.0
[2018-08-17 21:50:48.321] [sharedprocess] [info] Renamed to /home/vito/.vscode-oss/extensions/akamud.vscode-theme-onedark-2.1.0
[2018-08-17 21:50:48.321] [sharedprocess] [info] Installation completed. akamud.vscode-theme-onedark-2.1.0
[2018-08-17 21:50:48.324] [sharedprocess] [info] Extensions installed successfully: akamud.vscode-theme-onedark
[2018-08-17 21:50:48.444] [sharedprocess] [info] Scanned user extensions: 2
[2018-08-17 21:50:48.459] [sharedprocess] [info] Scanned system extensions: 71
[2018-08-17 21:50:56.479] [sharedprocess] [info] Scanned user extensions: 2
[2018-08-17 21:50:56.479] [sharedprocess] [info] Scanned user extensions: 2
[2018-08-17 21:50:56.484] [sharedprocess] [info] Scanned user extensions: 2
[2018-08-17 21:50:56.494] [sharedprocess] [info] Scanned user extensions: 2
[2018-08-17 21:50:56.495] [sharedprocess] [info] Scanned user extensions: 2
[2018-08-17 21:50:56.507] [sharedprocess] [info] Scanned user extensions: 2
[2018-08-17 21:50:56.547] [sharedprocess] [info] Scanned system extensions: 71
[2018-08-17 21:50:56.549] [sharedprocess] [info] Scanned system extensions: 71
[2018-08-17 21:50:56.551] [sharedprocess] [info] Scanned system extensions: 71
[2018-08-17 21:50:56.553] [sharedprocess] [info] Scanned system extensions: 71
[2018-08-17 21:50:59.647] [sharedprocess] [info] Scanned user extensions: 2
[2018-08-17 21:50:59.654] [sharedprocess] [info] Scanned user extensions: 2
[2018-08-17 21:54:24.055] [sharedprocess] [info] Scanned user extensions: 2
[2018-08-17 21:54:24.055] [sharedprocess] [info] Scanned user extensions: 2
[2018-08-17 21:54:24.058] [sharedprocess] [info] Scanned user extensions: 2
[2018-08-17 21:54:24.066] [sharedprocess] [info] Scanned user extensions: 2
[2018-08-17 21:54:24.067] [sharedprocess] [info] Scanned user extensions: 2
[2018-08-17 21:54:24.079] [sharedprocess] [info] Scanned user extensions: 2
[2018-08-17 21:54:24.124] [sharedprocess] [info] Scanned system extensions: 71
[2018-08-17 21:54:24.126] [sharedprocess] [info] Scanned system extensions: 71
[2018-08-17 21:54:24.128] [sharedprocess] [info] Scanned system extensions: 71
[2018-08-17 21:54:24.130] [sharedprocess] [info] Scanned system extensions: 71
[2018-08-17 21:54:27.227] [sharedprocess] [info] Scanned user extensions: 2
[2018-08-17 21:54:27.234] [sharedprocess] [info] Scanned user extensions: 2
[2018-08-17 21:54:45.098] [sharedprocess] [info] Scanned user extensions: 2
[2018-08-17 21:54:45.100] [sharedprocess] [info] Scanned user extensions: 2
[2018-08-17 21:54:45.111] [sharedprocess] [info] Scanned system extensions: 71
[2018-08-17 21:54:48.203] [sharedprocess] [info] Scanned user extensions: 2
[2018-08-17 21:54:48.207] [sharedprocess] [info] Scanned user extensions: 2
[2018-08-17 21:54:50.130] [sharedprocess] [info] Scanned user extensions: 2
[2018-08-17 21:54:50.130] [sharedprocess] [info] Scanned user extensions: 2
[2018-08-17 21:54:50.132] [sharedprocess] [info] Scanned user extensions: 2
[2018-08-17 21:54:50.155] [sharedprocess] [info] Scanned system extensions: 71
[2018-08-17 21:54:50.157] [sharedprocess] [info] Scanned system extensions: 71
[2018-08-17 21:54:50.288] [sharedprocess] [info] Scanned user extensions: 2
[2018-08-17 21:54:50.298] [sharedprocess] [info] Scanned system extensions: 71
[2018-08-17 21:57:23.821] [sharedprocess] [info] Installing extension: nord-5-stars
[2018-08-17 21:57:23.823] [sharedprocess] [info] Scanned user extensions: 2
[2018-08-17 21:57:26.042] [sharedprocess] [info] Downloaded extension: nord-5-stars /tmp/b66379ad-1ed3-4a98-8653-941c7caeba21
[2018-08-17 21:57:26.052] [sharedprocess] [info] Extracted extension to /home/vito/.vscode-oss/extensions/.sldobri.nord-5-stars-1.0.1: sldobri.nord-5-stars-1.0.1
[2018-08-17 21:57:26.052] [sharedprocess] [info] Renamed to /home/vito/.vscode-oss/extensions/sldobri.nord-5-stars-1.0.1
[2018-08-17 21:57:26.052] [sharedprocess] [info] Installation completed. sldobri.nord-5-stars-1.0.1
[2018-08-17 21:57:26.056] [sharedprocess] [info] Extensions installed successfully: sldobri.nord-5-stars
[2018-08-17 21:57:26.182] [sharedprocess] [info] Scanned user extensions: 3
[2018-08-17 21:57:26.199] [sharedprocess] [info] Scanned system extensions: 71
[2018-08-17 21:57:30.167] [sharedprocess] [info] Scanned user extensions: 3
[2018-08-17 21:57:30.167] [sharedprocess] [info] Scanned user extensions: 3
[2018-08-17 21:57:30.168] [sharedprocess] [info] Scanned user extensions: 3
[2018-08-17 21:57:30.201] [sharedprocess] [info] Scanned system extensions: 71
[2018-08-17 21:57:30.203] [sharedprocess] [info] Scanned system extensions: 71
[2018-08-17 21:57:30.206] [sharedprocess] [info] Scanned system extensions: 71
[2018-08-17 21:57:37.369] [sharedprocess] [info] Installing extension: ayu
[2018-08-17 21:57:37.370] [sharedprocess] [info] Scanned user extensions: 3
[2018-08-17 21:57:38.316] [sharedprocess] [info] Downloaded extension: ayu /tmp/f1f613af-8ecc-4a00-8e59-f3aff6fdda87
[2018-08-17 21:57:38.428] [sharedprocess] [info] Extracted extension to /home/vito/.vscode-oss/extensions/.teabyii.ayu-0.15.0: teabyii.ayu-0.15.0
[2018-08-17 21:57:38.428] [sharedprocess] [info] Renamed to /home/vito/.vscode-oss/extensions/teabyii.ayu-0.15.0
[2018-08-17 21:57:38.428] [sharedprocess] [info] Installation completed. teabyii.ayu-0.15.0
[2018-08-17 21:57:38.432] [sharedprocess] [info] Extensions installed successfully: teabyii.ayu
[2018-08-17 21:57:38.556] [sharedprocess] [info] Scanned user extensions: 4
[2018-08-17 21:57:38.572] [sharedprocess] [info] Scanned system extensions: 71
[2018-08-17 21:58:44.408] [sharedprocess] [info] Scanned user extensions: 4
[2018-08-17 21:58:44.409] [sharedprocess] [info] Scanned user extensions: 4
[2018-08-17 21:58:44.413] [sharedprocess] [info] Scanned user extensions: 4
[2018-08-17 21:58:44.423] [sharedprocess] [info] Scanned user extensions: 4
[2018-08-17 21:58:44.424] [sharedprocess] [info] Scanned user extensions: 4
[2018-08-17 21:58:44.435] [sharedprocess] [info] Scanned user extensions: 4
[2018-08-17 21:58:44.470] [sharedprocess] [info] Scanned system extensions: 71
[2018-08-17 21:58:44.472] [sharedprocess] [info] Scanned system extensions: 71
[2018-08-17 21:58:44.475] [sharedprocess] [info] Scanned system extensions: 71
[2018-08-17 21:58:44.479] [sharedprocess] [info] Scanned system extensions: 71
[2018-08-17 21:58:47.587] [sharedprocess] [info] Scanned user extensions: 4
[2018-08-17 21:58:47.596] [sharedprocess] [info] Scanned user extensions: 4
[2018-08-17 22:03:47.617] [sharedprocess] [info] Scanned user extensions: 4
[2018-08-17 22:08:47.621] [sharedprocess] [info] Scanned user extensions: 4
[2018-08-17 22:13:47.999] [sharedprocess] [info] Scanned user extensions: 4
[2018-08-17 22:13:48.001] [sharedprocess] [info] Scanned user extensions: 4
[2018-08-17 22:13:48.019] [sharedprocess] [info] Scanned system extensions: 71
[2018-08-17 22:13:51.124] [sharedprocess] [info] Scanned user extensions: 4
[2018-08-17 22:13:51.131] [sharedprocess] [info] Scanned user extensions: 4
[2018-08-17 22:18:51.148] [sharedprocess] [info] Scanned user extensions: 4
[2018-08-17 22:23:51.151] [sharedprocess] [info] Scanned user extensions: 4
[2018-08-17 22:28:51.156] [sharedprocess] [info] Scanned user extensions: 4
