[2018-08-24 21:01:59.352] [sharedprocess] [info] main {"machineId":"fb1d8074a8008de4bd901dbb6385ee608f730dc9a8e32fdeafe862f447821eed"}
[2018-08-24 21:01:59.421] [sharedprocess] [info] Scanned user extensions: 8
[2018-08-24 21:01:59.431] [sharedprocess] [info] Scanned user extensions: 8
[2018-08-24 21:01:59.432] [sharedprocess] [info] Scanned user extensions: 8
[2018-08-24 21:01:59.458] [sharedprocess] [info] Scanned system extensions: 71
[2018-08-24 21:01:59.459] [sharedprocess] [info] Scanned system extensions: 71
[2018-08-24 21:02:00.205] [sharedprocess] [info] Scanned user extensions: 8
[2018-08-24 21:02:00.209] [sharedprocess] [info] Scanned user extensions: 8
[2018-08-24 21:02:39.354] [sharedprocess] [info] Starting to clean up unused language packs.
[2018-08-24 21:07:00.232] [sharedprocess] [info] Scanned user extensions: 8
[2018-08-24 21:12:00.239] [sharedprocess] [info] Scanned user extensions: 8
[2018-08-24 21:17:00.263] [sharedprocess] [info] Scanned user extensions: 8
[2018-08-24 21:22:00.270] [sharedprocess] [info] Scanned user extensions: 8
[2018-08-24 21:27:00.277] [sharedprocess] [info] Scanned user extensions: 8
[2018-08-24 21:32:00.283] [sharedprocess] [info] Scanned user extensions: 8
[2018-08-24 21:37:00.291] [sharedprocess] [info] Scanned user extensions: 8
[2018-08-24 21:42:00.299] [sharedprocess] [info] Scanned user extensions: 8
[2018-08-24 21:47:00.307] [sharedprocess] [info] Scanned user extensions: 8
[2018-08-24 21:52:00.315] [sharedprocess] [info] Scanned user extensions: 8
[2018-08-24 21:57:00.324] [sharedprocess] [info] Scanned user extensions: 8
[2018-08-24 22:02:00.336] [sharedprocess] [info] Scanned user extensions: 8
[2018-08-24 22:07:00.344] [sharedprocess] [info] Scanned user extensions: 8
[2018-08-24 22:12:00.350] [sharedprocess] [info] Scanned user extensions: 8
[2018-08-24 22:17:00.356] [sharedprocess] [info] Scanned user extensions: 8
[2018-08-24 22:22:00.363] [sharedprocess] [info] Scanned user extensions: 8
[2018-08-24 22:27:00.368] [sharedprocess] [info] Scanned user extensions: 8
[2018-08-24 22:32:00.376] [sharedprocess] [info] Scanned user extensions: 8
[2018-08-24 22:37:00.385] [sharedprocess] [info] Scanned user extensions: 8
[2018-08-24 22:42:00.395] [sharedprocess] [info] Scanned user extensions: 8
[2018-08-24 22:47:00.408] [sharedprocess] [info] Scanned user extensions: 8
[2018-08-24 22:52:00.416] [sharedprocess] [info] Scanned user extensions: 8
[2018-08-24 22:57:00.425] [sharedprocess] [info] Scanned user extensions: 8
[2018-08-24 23:02:00.434] [sharedprocess] [info] Scanned user extensions: 8
[2018-08-24 23:07:00.446] [sharedprocess] [info] Scanned user extensions: 8
[2018-08-24 23:12:00.456] [sharedprocess] [info] Scanned user extensions: 8
[2018-08-24 23:17:00.463] [sharedprocess] [info] Scanned user extensions: 8
[2018-08-24 23:22:00.470] [sharedprocess] [info] Scanned user extensions: 8
[2018-08-24 23:27:00.481] [sharedprocess] [info] Scanned user extensions: 8
[2018-08-24 23:32:00.493] [sharedprocess] [info] Scanned user extensions: 8
[2018-08-24 23:37:00.503] [sharedprocess] [info] Scanned user extensions: 8
[2018-08-24 23:42:00.514] [sharedprocess] [info] Scanned user extensions: 8
[2018-08-24 23:47:00.527] [sharedprocess] [info] Scanned user extensions: 8
[2018-08-24 23:52:00.540] [sharedprocess] [info] Scanned user extensions: 8
[2018-08-24 23:57:00.557] [sharedprocess] [info] Scanned user extensions: 8
[2018-08-25 00:02:00.565] [sharedprocess] [info] Scanned user extensions: 8
[2018-08-25 00:07:00.573] [sharedprocess] [info] Scanned user extensions: 8
[2018-08-25 00:12:00.580] [sharedprocess] [info] Scanned user extensions: 8
[2018-08-25 00:17:00.585] [sharedprocess] [info] Scanned user extensions: 8
[2018-08-25 00:22:00.598] [sharedprocess] [info] Scanned user extensions: 8
[2018-08-25 00:27:00.607] [sharedprocess] [info] Scanned user extensions: 8
[2018-08-25 00:32:00.617] [sharedprocess] [info] Scanned user extensions: 8
[2018-08-25 00:37:00.626] [sharedprocess] [info] Scanned user extensions: 8
[2018-08-25 00:42:00.635] [sharedprocess] [info] Scanned user extensions: 8
[2018-08-25 00:47:00.647] [sharedprocess] [info] Scanned user extensions: 8
[2018-08-25 00:52:00.659] [sharedprocess] [info] Scanned user extensions: 8
[2018-08-25 00:57:00.669] [sharedprocess] [info] Scanned user extensions: 8
[2018-08-25 01:02:00.677] [sharedprocess] [info] Scanned user extensions: 8
[2018-08-25 01:07:00.691] [sharedprocess] [info] Scanned user extensions: 8
[2018-08-25 01:12:00.698] [sharedprocess] [info] Scanned user extensions: 8
[2018-08-25 01:17:00.704] [sharedprocess] [info] Scanned user extensions: 8
[2018-08-25 01:22:00.712] [sharedprocess] [info] Scanned user extensions: 8
[2018-08-25 01:27:00.727] [sharedprocess] [info] Scanned user extensions: 8
[2018-08-25 01:32:00.737] [sharedprocess] [info] Scanned user extensions: 8
[2018-08-25 01:37:00.745] [sharedprocess] [info] Scanned user extensions: 8
[2018-08-25 01:42:00.752] [sharedprocess] [info] Scanned user extensions: 8
[2018-08-25 01:47:00.759] [sharedprocess] [info] Scanned user extensions: 8
[2018-08-25 01:52:00.765] [sharedprocess] [info] Scanned user extensions: 8
[2018-08-25 01:57:00.773] [sharedprocess] [info] Scanned user extensions: 8
[2018-08-25 02:02:00.786] [sharedprocess] [info] Scanned user extensions: 8
[2018-08-25 02:07:00.793] [sharedprocess] [info] Scanned user extensions: 8
[2018-08-25 02:12:00.800] [sharedprocess] [info] Scanned user extensions: 8
[2018-08-25 02:17:00.810] [sharedprocess] [info] Scanned user extensions: 8
[2018-08-25 02:22:00.818] [sharedprocess] [info] Scanned user extensions: 8
[2018-08-25 02:27:00.826] [sharedprocess] [info] Scanned user extensions: 8
[2018-08-25 02:32:00.837] [sharedprocess] [info] Scanned user extensions: 8
[2018-08-25 02:37:00.855] [sharedprocess] [info] Scanned user extensions: 8
[2018-08-25 02:42:00.865] [sharedprocess] [info] Scanned user extensions: 8
[2018-08-25 02:47:00.876] [sharedprocess] [info] Scanned user extensions: 8
[2018-08-25 02:52:00.886] [sharedprocess] [info] Scanned user extensions: 8
[2018-08-25 02:57:00.899] [sharedprocess] [info] Scanned user extensions: 8
[2018-08-25 03:02:00.911] [sharedprocess] [info] Scanned user extensions: 8
[2018-08-25 03:07:00.920] [sharedprocess] [info] Scanned user extensions: 8
[2018-08-25 03:12:00.926] [sharedprocess] [info] Scanned user extensions: 8
[2018-08-25 03:17:00.933] [sharedprocess] [info] Scanned user extensions: 8
[2018-08-25 03:22:00.942] [sharedprocess] [info] Scanned user extensions: 8
[2018-08-25 03:27:00.954] [sharedprocess] [info] Scanned user extensions: 8
[2018-08-25 03:32:00.962] [sharedprocess] [info] Scanned user extensions: 8
[2018-08-25 03:37:00.970] [sharedprocess] [info] Scanned user extensions: 8
[2018-08-25 03:42:00.979] [sharedprocess] [info] Scanned user extensions: 8
[2018-08-25 03:47:00.985] [sharedprocess] [info] Scanned user extensions: 8
[2018-08-25 03:52:00.991] [sharedprocess] [info] Scanned user extensions: 8
[2018-08-25 03:57:01.001] [sharedprocess] [info] Scanned user extensions: 8
[2018-08-25 04:02:01.014] [sharedprocess] [info] Scanned user extensions: 8
[2018-08-25 04:07:01.026] [sharedprocess] [info] Scanned user extensions: 8
[2018-08-25 04:12:01.040] [sharedprocess] [info] Scanned user extensions: 8
[2018-08-25 04:17:01.047] [sharedprocess] [info] Scanned user extensions: 8
[2018-08-25 04:22:01.054] [sharedprocess] [info] Scanned user extensions: 8
[2018-08-25 04:27:01.062] [sharedprocess] [info] Scanned user extensions: 8
[2018-08-25 04:32:01.072] [sharedprocess] [info] Scanned user extensions: 8
[2018-08-25 04:37:01.084] [sharedprocess] [info] Scanned user extensions: 8
[2018-08-25 04:42:01.094] [sharedprocess] [info] Scanned user extensions: 8
[2018-08-25 04:47:01.102] [sharedprocess] [info] Scanned user extensions: 8
[2018-08-25 04:52:01.114] [sharedprocess] [info] Scanned user extensions: 8
[2018-08-25 04:57:01.125] [sharedprocess] [info] Scanned user extensions: 8
[2018-08-25 05:02:01.134] [sharedprocess] [info] Scanned user extensions: 8
[2018-08-25 05:07:01.147] [sharedprocess] [info] Scanned user extensions: 8
[2018-08-25 05:12:01.161] [sharedprocess] [info] Scanned user extensions: 8
[2018-08-25 05:17:01.173] [sharedprocess] [info] Scanned user extensions: 8
[2018-08-25 05:22:01.187] [sharedprocess] [info] Scanned user extensions: 8
[2018-08-25 05:27:01.202] [sharedprocess] [info] Scanned user extensions: 8
[2018-08-25 05:32:01.210] [sharedprocess] [info] Scanned user extensions: 8
[2018-08-25 05:37:01.225] [sharedprocess] [info] Scanned user extensions: 8
[2018-08-25 05:42:01.237] [sharedprocess] [info] Scanned user extensions: 8
[2018-08-25 05:47:01.251] [sharedprocess] [info] Scanned user extensions: 8
[2018-08-25 05:52:01.268] [sharedprocess] [info] Scanned user extensions: 8
[2018-08-25 05:57:01.280] [sharedprocess] [info] Scanned user extensions: 8
[2018-08-25 06:02:01.294] [sharedprocess] [info] Scanned user extensions: 8
[2018-08-25 06:07:01.304] [sharedprocess] [info] Scanned user extensions: 8
[2018-08-25 06:12:01.320] [sharedprocess] [info] Scanned user extensions: 8
[2018-08-25 06:17:01.326] [sharedprocess] [info] Scanned user extensions: 8
[2018-08-25 06:22:01.342] [sharedprocess] [info] Scanned user extensions: 8
[2018-08-25 06:27:01.351] [sharedprocess] [info] Scanned user extensions: 8
[2018-08-25 06:32:01.361] [sharedprocess] [info] Scanned user extensions: 8
[2018-08-25 06:37:01.371] [sharedprocess] [info] Scanned user extensions: 8
[2018-08-25 06:42:01.380] [sharedprocess] [info] Scanned user extensions: 8
[2018-08-25 06:47:01.390] [sharedprocess] [info] Scanned user extensions: 8
[2018-08-25 06:52:01.400] [sharedprocess] [info] Scanned user extensions: 8
[2018-08-25 06:57:01.412] [sharedprocess] [info] Scanned user extensions: 8
[2018-08-25 07:02:01.423] [sharedprocess] [info] Scanned user extensions: 8
[2018-08-25 07:07:01.431] [sharedprocess] [info] Scanned user extensions: 8
[2018-08-25 07:12:01.441] [sharedprocess] [info] Scanned user extensions: 8
[2018-08-25 07:17:01.455] [sharedprocess] [info] Scanned user extensions: 8
[2018-08-25 07:22:01.467] [sharedprocess] [info] Scanned user extensions: 8
[2018-08-25 07:27:01.478] [sharedprocess] [info] Scanned user extensions: 8
[2018-08-25 07:32:01.488] [sharedprocess] [info] Scanned user extensions: 8
[2018-08-25 07:37:01.497] [sharedprocess] [info] Scanned user extensions: 8
[2018-08-25 07:42:01.508] [sharedprocess] [info] Scanned user extensions: 8
[2018-08-25 07:47:01.525] [sharedprocess] [info] Scanned user extensions: 8
[2018-08-25 07:52:01.537] [sharedprocess] [info] Scanned user extensions: 8
[2018-08-25 07:57:01.546] [sharedprocess] [info] Scanned user extensions: 8
[2018-08-25 08:02:01.558] [sharedprocess] [info] Scanned user extensions: 8
[2018-08-25 08:07:01.571] [sharedprocess] [info] Scanned user extensions: 8
[2018-08-25 08:12:01.584] [sharedprocess] [info] Scanned user extensions: 8
[2018-08-25 08:17:01.592] [sharedprocess] [info] Scanned user extensions: 8
[2018-08-25 08:22:01.607] [sharedprocess] [info] Scanned user extensions: 8
[2018-08-25 08:27:01.618] [sharedprocess] [info] Scanned user extensions: 8
[2018-08-25 08:32:01.630] [sharedprocess] [info] Scanned user extensions: 8
[2018-08-25 08:37:01.642] [sharedprocess] [info] Scanned user extensions: 8
[2018-08-25 08:42:01.653] [sharedprocess] [info] Scanned user extensions: 8
[2018-08-25 08:47:01.665] [sharedprocess] [info] Scanned user extensions: 8
[2018-08-25 08:52:01.677] [sharedprocess] [info] Scanned user extensions: 8
[2018-08-25 08:57:01.690] [sharedprocess] [info] Scanned user extensions: 8
[2018-08-25 09:02:01.700] [sharedprocess] [info] Scanned user extensions: 8
[2018-08-25 09:07:01.707] [sharedprocess] [info] Scanned user extensions: 8
[2018-08-25 09:12:01.714] [sharedprocess] [info] Scanned user extensions: 8
[2018-08-25 09:17:01.727] [sharedprocess] [info] Scanned user extensions: 8
[2018-08-25 09:22:01.739] [sharedprocess] [info] Scanned user extensions: 8
[2018-08-25 09:27:01.749] [sharedprocess] [info] Scanned user extensions: 8
[2018-08-25 09:32:01.765] [sharedprocess] [info] Scanned user extensions: 8
[2018-08-25 09:37:01.777] [sharedprocess] [info] Scanned user extensions: 8
[2018-08-25 09:42:01.789] [sharedprocess] [info] Scanned user extensions: 8
[2018-08-25 09:47:01.800] [sharedprocess] [info] Scanned user extensions: 8
[2018-08-25 09:52:01.806] [sharedprocess] [info] Scanned user extensions: 8
[2018-08-25 09:57:01.813] [sharedprocess] [info] Scanned user extensions: 8
[2018-08-25 10:02:01.824] [sharedprocess] [info] Scanned user extensions: 8
[2018-08-25 10:07:01.837] [sharedprocess] [info] Scanned user extensions: 8
[2018-08-25 10:12:01.847] [sharedprocess] [info] Scanned user extensions: 8
[2018-08-25 10:17:01.856] [sharedprocess] [info] Scanned user extensions: 8
[2018-08-25 10:22:01.868] [sharedprocess] [info] Scanned user extensions: 8
[2018-08-25 10:27:01.882] [sharedprocess] [info] Scanned user extensions: 8
[2018-08-25 10:32:01.890] [sharedprocess] [info] Scanned user extensions: 8
[2018-08-25 10:37:01.897] [sharedprocess] [info] Scanned user extensions: 8
[2018-08-25 10:42:01.904] [sharedprocess] [info] Scanned user extensions: 8
[2018-08-25 10:47:01.915] [sharedprocess] [info] Scanned user extensions: 8
[2018-08-25 10:52:01.927] [sharedprocess] [info] Scanned user extensions: 8
[2018-08-25 10:57:01.940] [sharedprocess] [info] Scanned user extensions: 8
[2018-08-25 11:02:01.952] [sharedprocess] [info] Scanned user extensions: 8
[2018-08-25 11:07:01.961] [sharedprocess] [info] Scanned user extensions: 8
[2018-08-25 11:12:01.967] [sharedprocess] [info] Scanned user extensions: 8
[2018-08-25 11:17:01.977] [sharedprocess] [info] Scanned user extensions: 8
[2018-08-25 11:22:01.989] [sharedprocess] [info] Scanned user extensions: 8
[2018-08-25 11:27:01.997] [sharedprocess] [info] Scanned user extensions: 8
[2018-08-25 11:32:02.009] [sharedprocess] [info] Scanned user extensions: 8
[2018-08-25 11:37:02.023] [sharedprocess] [info] Scanned user extensions: 8
[2018-08-25 11:42:02.038] [sharedprocess] [info] Scanned user extensions: 8
[2018-08-25 11:47:02.048] [sharedprocess] [info] Scanned user extensions: 8
[2018-08-25 11:52:02.061] [sharedprocess] [info] Scanned user extensions: 8
[2018-08-25 11:57:02.072] [sharedprocess] [info] Scanned user extensions: 8
[2018-08-25 12:02:02.083] [sharedprocess] [info] Scanned user extensions: 8
[2018-08-25 12:07:02.096] [sharedprocess] [info] Scanned user extensions: 8
[2018-08-25 12:12:02.108] [sharedprocess] [info] Scanned user extensions: 8
[2018-08-25 12:17:02.122] [sharedprocess] [info] Scanned user extensions: 8
[2018-08-25 12:22:02.136] [sharedprocess] [info] Scanned user extensions: 8
[2018-08-25 12:27:02.143] [sharedprocess] [info] Scanned user extensions: 8
[2018-08-25 12:32:02.151] [sharedprocess] [info] Scanned user extensions: 8
[2018-08-25 12:37:02.159] [sharedprocess] [info] Scanned user extensions: 8
[2018-08-25 12:42:02.168] [sharedprocess] [info] Scanned user extensions: 8
[2018-08-25 12:47:02.176] [sharedprocess] [info] Scanned user extensions: 8
[2018-08-25 12:52:02.181] [sharedprocess] [info] Scanned user extensions: 8
[2018-08-25 12:57:02.191] [sharedprocess] [info] Scanned user extensions: 8
[2018-08-25 13:02:02.199] [sharedprocess] [info] Scanned user extensions: 8
[2018-08-25 13:07:02.211] [sharedprocess] [info] Scanned user extensions: 8
[2018-08-25 13:12:02.226] [sharedprocess] [info] Scanned user extensions: 8
[2018-08-25 13:17:02.235] [sharedprocess] [info] Scanned user extensions: 8
[2018-08-25 13:22:02.241] [sharedprocess] [info] Scanned user extensions: 8
[2018-08-25 13:27:02.246] [sharedprocess] [info] Scanned user extensions: 8
[2018-08-25 13:32:02.257] [sharedprocess] [info] Scanned user extensions: 8
[2018-08-25 13:37:02.264] [sharedprocess] [info] Scanned user extensions: 8
[2018-08-25 13:42:02.270] [sharedprocess] [info] Scanned user extensions: 8
[2018-08-25 13:47:02.276] [sharedprocess] [info] Scanned user extensions: 8
[2018-08-25 13:52:02.281] [sharedprocess] [info] Scanned user extensions: 8
[2018-08-25 13:57:02.287] [sharedprocess] [info] Scanned user extensions: 8
[2018-08-25 14:02:02.294] [sharedprocess] [info] Scanned user extensions: 8
[2018-08-25 14:07:02.300] [sharedprocess] [info] Scanned user extensions: 8
[2018-08-25 14:12:02.305] [sharedprocess] [info] Scanned user extensions: 8
[2018-08-25 14:17:02.312] [sharedprocess] [info] Scanned user extensions: 8
[2018-08-25 14:22:02.318] [sharedprocess] [info] Scanned user extensions: 8
[2018-08-25 14:27:02.325] [sharedprocess] [info] Scanned user extensions: 8
[2018-08-25 14:32:02.331] [sharedprocess] [info] Scanned user extensions: 8
[2018-08-25 14:37:02.338] [sharedprocess] [info] Scanned user extensions: 8
[2018-08-25 14:42:02.345] [sharedprocess] [info] Scanned user extensions: 8
[2018-08-25 14:47:02.353] [sharedprocess] [info] Scanned user extensions: 8
[2018-08-25 14:52:02.362] [sharedprocess] [info] Scanned user extensions: 8
[2018-08-25 14:57:02.369] [sharedprocess] [info] Scanned user extensions: 8
[2018-08-25 15:02:02.377] [sharedprocess] [info] Scanned user extensions: 8
[2018-08-25 15:07:02.386] [sharedprocess] [info] Scanned user extensions: 8
[2018-08-25 15:12:02.399] [sharedprocess] [info] Scanned user extensions: 8
[2018-08-25 15:17:02.408] [sharedprocess] [info] Scanned user extensions: 8
[2018-08-25 15:22:02.417] [sharedprocess] [info] Scanned user extensions: 8
[2018-08-25 15:27:02.427] [sharedprocess] [info] Scanned user extensions: 8
[2018-08-25 15:32:02.437] [sharedprocess] [info] Scanned user extensions: 8
[2018-08-25 15:37:02.443] [sharedprocess] [info] Scanned user extensions: 8
[2018-08-25 15:42:02.450] [sharedprocess] [info] Scanned user extensions: 8
[2018-08-25 15:47:02.461] [sharedprocess] [info] Scanned user extensions: 8
[2018-08-25 15:52:02.476] [sharedprocess] [info] Scanned user extensions: 8
[2018-08-25 15:57:02.483] [sharedprocess] [info] Scanned user extensions: 8
[2018-08-25 16:02:02.488] [sharedprocess] [info] Scanned user extensions: 8
[2018-08-25 16:07:02.494] [sharedprocess] [info] Scanned user extensions: 8
[2018-08-25 16:12:02.501] [sharedprocess] [info] Scanned user extensions: 8
[2018-08-25 16:17:02.511] [sharedprocess] [info] Scanned user extensions: 8
[2018-08-25 16:22:02.518] [sharedprocess] [info] Scanned user extensions: 8
[2018-08-25 16:27:02.526] [sharedprocess] [info] Scanned user extensions: 8
[2018-08-25 16:32:02.537] [sharedprocess] [info] Scanned user extensions: 8
[2018-08-25 16:37:02.547] [sharedprocess] [info] Scanned user extensions: 8
[2018-08-25 16:42:02.555] [sharedprocess] [info] Scanned user extensions: 8
[2018-08-25 16:47:02.564] [sharedprocess] [info] Scanned user extensions: 8
[2018-08-25 16:52:02.572] [sharedprocess] [info] Scanned user extensions: 8
[2018-08-25 16:57:02.582] [sharedprocess] [info] Scanned user extensions: 8
[2018-08-25 17:02:02.595] [sharedprocess] [info] Scanned user extensions: 8
[2018-08-25 17:07:02.604] [sharedprocess] [info] Scanned user extensions: 8
[2018-08-25 17:12:02.617] [sharedprocess] [info] Scanned user extensions: 8
[2018-08-25 17:17:02.629] [sharedprocess] [info] Scanned user extensions: 8
[2018-08-25 17:22:02.634] [sharedprocess] [info] Scanned user extensions: 8
[2018-08-25 17:27:02.641] [sharedprocess] [info] Scanned user extensions: 8
[2018-08-25 17:32:02.651] [sharedprocess] [info] Scanned user extensions: 8
[2018-08-25 17:37:02.659] [sharedprocess] [info] Scanned user extensions: 8
[2018-08-25 17:42:02.667] [sharedprocess] [info] Scanned user extensions: 8
[2018-08-25 17:47:02.687] [sharedprocess] [info] Scanned user extensions: 8
[2018-08-25 17:52:02.694] [sharedprocess] [info] Scanned user extensions: 8
[2018-08-25 17:57:02.700] [sharedprocess] [info] Scanned user extensions: 8
[2018-08-25 18:02:02.708] [sharedprocess] [info] Scanned user extensions: 8
[2018-08-25 18:07:02.719] [sharedprocess] [info] Scanned user extensions: 8
[2018-08-25 18:12:02.728] [sharedprocess] [info] Scanned user extensions: 8
[2018-08-25 18:17:02.736] [sharedprocess] [info] Scanned user extensions: 8
[2018-08-25 18:22:02.744] [sharedprocess] [info] Scanned user extensions: 8
[2018-08-25 18:27:02.753] [sharedprocess] [info] Scanned user extensions: 8
[2018-08-25 18:32:02.761] [sharedprocess] [info] Scanned user extensions: 8
[2018-08-25 18:37:02.769] [sharedprocess] [info] Scanned user extensions: 8
[2018-08-25 18:42:02.780] [sharedprocess] [info] Scanned user extensions: 8
[2018-08-25 18:47:02.790] [sharedprocess] [info] Scanned user extensions: 8
[2018-08-25 18:52:02.797] [sharedprocess] [info] Scanned user extensions: 8
[2018-08-25 18:57:02.806] [sharedprocess] [info] Scanned user extensions: 8
[2018-08-25 19:02:02.815] [sharedprocess] [info] Scanned user extensions: 8
[2018-08-25 19:07:02.821] [sharedprocess] [info] Scanned user extensions: 8
[2018-08-25 19:12:02.835] [sharedprocess] [info] Scanned user extensions: 8
[2018-08-25 19:17:02.843] [sharedprocess] [info] Scanned user extensions: 8
[2018-08-25 19:22:02.852] [sharedprocess] [info] Scanned user extensions: 8
[2018-08-25 19:27:02.861] [sharedprocess] [info] Scanned user extensions: 8
[2018-08-25 19:32:02.872] [sharedprocess] [info] Scanned user extensions: 8
[2018-08-25 19:37:02.879] [sharedprocess] [info] Scanned user extensions: 8
[2018-08-25 19:42:02.888] [sharedprocess] [info] Scanned user extensions: 8
[2018-08-25 19:47:02.897] [sharedprocess] [info] Scanned user extensions: 8
[2018-08-25 19:52:02.909] [sharedprocess] [info] Scanned user extensions: 8
[2018-08-25 19:57:02.920] [sharedprocess] [info] Scanned user extensions: 8
[2018-08-25 20:02:02.928] [sharedprocess] [info] Scanned user extensions: 8
[2018-08-25 20:07:02.937] [sharedprocess] [info] Scanned user extensions: 8
[2018-08-25 20:12:02.947] [sharedprocess] [info] Scanned user extensions: 8
[2018-08-25 20:17:02.952] [sharedprocess] [info] Scanned user extensions: 8
[2018-08-25 20:22:02.964] [sharedprocess] [info] Scanned user extensions: 8
[2018-08-25 20:27:02.978] [sharedprocess] [info] Scanned user extensions: 8
[2018-08-25 20:32:02.986] [sharedprocess] [info] Scanned user extensions: 8
[2018-08-25 20:37:02.999] [sharedprocess] [info] Scanned user extensions: 8
[2018-08-25 20:42:03.011] [sharedprocess] [info] Scanned user extensions: 8
[2018-08-25 20:47:03.025] [sharedprocess] [info] Scanned user extensions: 8
[2018-08-25 20:52:03.035] [sharedprocess] [info] Scanned user extensions: 8
[2018-08-25 20:57:03.047] [sharedprocess] [info] Scanned user extensions: 8
[2018-08-25 21:02:03.067] [sharedprocess] [info] Scanned user extensions: 8
[2018-08-25 21:07:03.078] [sharedprocess] [info] Scanned user extensions: 8
[2018-08-25 21:12:03.094] [sharedprocess] [info] Scanned user extensions: 8
[2018-08-25 21:17:03.105] [sharedprocess] [info] Scanned user extensions: 8
[2018-08-25 21:22:03.113] [sharedprocess] [info] Scanned user extensions: 8
[2018-08-25 21:27:03.126] [sharedprocess] [info] Scanned user extensions: 8
[2018-08-25 21:32:03.135] [sharedprocess] [info] Scanned user extensions: 8
[2018-08-25 21:37:03.148] [sharedprocess] [info] Scanned user extensions: 8
[2018-08-25 21:42:03.157] [sharedprocess] [info] Scanned user extensions: 8
[2018-08-25 21:47:03.166] [sharedprocess] [info] Scanned user extensions: 8
[2018-08-25 21:52:03.180] [sharedprocess] [info] Scanned user extensions: 8
[2018-08-25 21:57:03.191] [sharedprocess] [info] Scanned user extensions: 8
[2018-08-25 22:02:03.204] [sharedprocess] [info] Scanned user extensions: 8
[2018-08-25 22:07:03.215] [sharedprocess] [info] Scanned user extensions: 8
[2018-08-25 22:12:03.225] [sharedprocess] [info] Scanned user extensions: 8
[2018-08-25 22:17:03.235] [sharedprocess] [info] Scanned user extensions: 8
[2018-08-25 22:22:03.245] [sharedprocess] [info] Scanned user extensions: 8
[2018-08-25 22:27:03.252] [sharedprocess] [info] Scanned user extensions: 8
[2018-08-25 22:32:03.262] [sharedprocess] [info] Scanned user extensions: 8
[2018-08-25 22:37:03.275] [sharedprocess] [info] Scanned user extensions: 8
[2018-08-25 22:42:03.287] [sharedprocess] [info] Scanned user extensions: 8
[2018-08-25 22:47:03.300] [sharedprocess] [info] Scanned user extensions: 8
[2018-08-25 22:52:03.311] [sharedprocess] [info] Scanned user extensions: 8
[2018-08-25 22:57:03.325] [sharedprocess] [info] Scanned user extensions: 8
[2018-08-25 23:02:03.337] [sharedprocess] [info] Scanned user extensions: 8
[2018-08-25 23:07:03.344] [sharedprocess] [info] Scanned user extensions: 8
[2018-08-25 23:12:03.352] [sharedprocess] [info] Scanned user extensions: 8
[2018-08-25 23:17:03.362] [sharedprocess] [info] Scanned user extensions: 8
[2018-08-25 23:22:03.370] [sharedprocess] [info] Scanned user extensions: 8
[2018-08-25 23:27:03.380] [sharedprocess] [info] Scanned user extensions: 8
[2018-08-25 23:32:03.388] [sharedprocess] [info] Scanned user extensions: 8
[2018-08-25 23:37:03.397] [sharedprocess] [info] Scanned user extensions: 8
[2018-08-25 23:42:03.411] [sharedprocess] [info] Scanned user extensions: 8
[2018-08-25 23:47:03.423] [sharedprocess] [info] Scanned user extensions: 8
[2018-08-25 23:52:03.433] [sharedprocess] [info] Scanned user extensions: 8
[2018-08-25 23:57:03.440] [sharedprocess] [info] Scanned user extensions: 8
[2018-08-26 00:02:03.451] [sharedprocess] [info] Scanned user extensions: 8
[2018-08-26 00:07:03.458] [sharedprocess] [info] Scanned user extensions: 8
[2018-08-26 00:12:03.465] [sharedprocess] [info] Scanned user extensions: 8
[2018-08-26 00:17:03.475] [sharedprocess] [info] Scanned user extensions: 8
[2018-08-26 00:22:03.484] [sharedprocess] [info] Scanned user extensions: 8
[2018-08-26 00:27:03.493] [sharedprocess] [info] Scanned user extensions: 8
[2018-08-26 00:32:03.503] [sharedprocess] [info] Scanned user extensions: 8
[2018-08-26 00:37:03.512] [sharedprocess] [info] Scanned user extensions: 8
[2018-08-26 00:42:03.519] [sharedprocess] [info] Scanned user extensions: 8
[2018-08-26 00:47:03.527] [sharedprocess] [info] Scanned user extensions: 8
[2018-08-26 00:52:03.539] [sharedprocess] [info] Scanned user extensions: 8
[2018-08-26 00:57:03.549] [sharedprocess] [info] Scanned user extensions: 8
[2018-08-26 01:02:03.560] [sharedprocess] [info] Scanned user extensions: 8
[2018-08-26 01:07:03.567] [sharedprocess] [info] Scanned user extensions: 8
[2018-08-26 01:12:03.576] [sharedprocess] [info] Scanned user extensions: 8
[2018-08-26 01:17:03.584] [sharedprocess] [info] Scanned user extensions: 8
[2018-08-26 01:22:03.595] [sharedprocess] [info] Scanned user extensions: 8
[2018-08-26 01:27:03.605] [sharedprocess] [info] Scanned user extensions: 8
[2018-08-26 01:32:03.614] [sharedprocess] [info] Scanned user extensions: 8
[2018-08-26 01:37:03.624] [sharedprocess] [info] Scanned user extensions: 8
[2018-08-26 01:42:03.632] [sharedprocess] [info] Scanned user extensions: 8
[2018-08-26 01:47:03.640] [sharedprocess] [info] Scanned user extensions: 8
[2018-08-26 01:52:03.651] [sharedprocess] [info] Scanned user extensions: 8
[2018-08-26 01:57:03.667] [sharedprocess] [info] Scanned user extensions: 8
[2018-08-26 02:02:03.682] [sharedprocess] [info] Scanned user extensions: 8
[2018-08-26 02:07:03.692] [sharedprocess] [info] Scanned user extensions: 8
[2018-08-26 02:12:03.699] [sharedprocess] [info] Scanned user extensions: 8
[2018-08-26 02:17:03.710] [sharedprocess] [info] Scanned user extensions: 8
[2018-08-26 02:22:03.717] [sharedprocess] [info] Scanned user extensions: 8
[2018-08-26 02:27:03.724] [sharedprocess] [info] Scanned user extensions: 8
[2018-08-26 02:32:03.733] [sharedprocess] [info] Scanned user extensions: 8
[2018-08-26 02:37:03.745] [sharedprocess] [info] Scanned user extensions: 8
[2018-08-26 02:42:03.754] [sharedprocess] [info] Scanned user extensions: 8
[2018-08-26 02:47:03.764] [sharedprocess] [info] Scanned user extensions: 8
[2018-08-26 02:52:03.774] [sharedprocess] [info] Scanned user extensions: 8
[2018-08-26 02:57:03.783] [sharedprocess] [info] Scanned user extensions: 8
[2018-08-26 03:02:03.790] [sharedprocess] [info] Scanned user extensions: 8
[2018-08-26 03:07:03.796] [sharedprocess] [info] Scanned user extensions: 8
[2018-08-26 03:12:03.808] [sharedprocess] [info] Scanned user extensions: 8
[2018-08-26 03:17:03.815] [sharedprocess] [info] Scanned user extensions: 8
[2018-08-26 03:22:03.821] [sharedprocess] [info] Scanned user extensions: 8
[2018-08-26 03:27:03.826] [sharedprocess] [info] Scanned user extensions: 8
[2018-08-26 03:32:03.838] [sharedprocess] [info] Scanned user extensions: 8
[2018-08-26 03:37:03.847] [sharedprocess] [info] Scanned user extensions: 8
[2018-08-26 03:42:03.856] [sharedprocess] [info] Scanned user extensions: 8
[2018-08-26 03:47:03.868] [sharedprocess] [info] Scanned user extensions: 8
[2018-08-26 03:52:03.881] [sharedprocess] [info] Scanned user extensions: 8
[2018-08-26 03:57:03.893] [sharedprocess] [info] Scanned user extensions: 8
[2018-08-26 04:02:03.901] [sharedprocess] [info] Scanned user extensions: 8
[2018-08-26 04:07:03.906] [sharedprocess] [info] Scanned user extensions: 8
[2018-08-26 04:12:03.917] [sharedprocess] [info] Scanned user extensions: 8
[2018-08-26 04:17:03.929] [sharedprocess] [info] Scanned user extensions: 8
[2018-08-26 04:22:03.941] [sharedprocess] [info] Scanned user extensions: 8
[2018-08-26 04:27:03.950] [sharedprocess] [info] Scanned user extensions: 8
[2018-08-26 04:32:03.960] [sharedprocess] [info] Scanned user extensions: 8
[2018-08-26 04:37:03.970] [sharedprocess] [info] Scanned user extensions: 8
[2018-08-26 04:42:03.985] [sharedprocess] [info] Scanned user extensions: 8
[2018-08-26 04:47:03.996] [sharedprocess] [info] Scanned user extensions: 8
[2018-08-26 04:52:04.005] [sharedprocess] [info] Scanned user extensions: 8
[2018-08-26 04:57:04.015] [sharedprocess] [info] Scanned user extensions: 8
[2018-08-26 05:02:04.030] [sharedprocess] [info] Scanned user extensions: 8
[2018-08-26 05:07:04.041] [sharedprocess] [info] Scanned user extensions: 8
[2018-08-26 05:12:04.052] [sharedprocess] [info] Scanned user extensions: 8
[2018-08-26 05:17:04.069] [sharedprocess] [info] Scanned user extensions: 8
[2018-08-26 05:22:04.078] [sharedprocess] [info] Scanned user extensions: 8
[2018-08-26 05:27:04.088] [sharedprocess] [info] Scanned user extensions: 8
[2018-08-26 05:32:04.095] [sharedprocess] [info] Scanned user extensions: 8
[2018-08-26 05:37:04.101] [sharedprocess] [info] Scanned user extensions: 8
[2018-08-26 05:42:04.109] [sharedprocess] [info] Scanned user extensions: 8
[2018-08-26 05:47:04.124] [sharedprocess] [info] Scanned user extensions: 8
[2018-08-26 05:52:04.133] [sharedprocess] [info] Scanned user extensions: 8
[2018-08-26 05:57:04.143] [sharedprocess] [info] Scanned user extensions: 8
[2018-08-26 06:02:04.153] [sharedprocess] [info] Scanned user extensions: 8
[2018-08-26 06:07:04.160] [sharedprocess] [info] Scanned user extensions: 8
[2018-08-26 06:12:04.168] [sharedprocess] [info] Scanned user extensions: 8
[2018-08-26 06:17:04.181] [sharedprocess] [info] Scanned user extensions: 8
[2018-08-26 06:22:04.195] [sharedprocess] [info] Scanned user extensions: 8
[2018-08-26 06:27:04.211] [sharedprocess] [info] Scanned user extensions: 8
[2018-08-26 06:32:04.219] [sharedprocess] [info] Scanned user extensions: 8
[2018-08-26 06:37:04.230] [sharedprocess] [info] Scanned user extensions: 8
[2018-08-26 06:42:04.236] [sharedprocess] [info] Scanned user extensions: 8
[2018-08-26 06:47:04.243] [sharedprocess] [info] Scanned user extensions: 8
[2018-08-26 06:52:04.249] [sharedprocess] [info] Scanned user extensions: 8
[2018-08-26 06:57:04.254] [sharedprocess] [info] Scanned user extensions: 8
[2018-08-26 07:02:04.260] [sharedprocess] [info] Scanned user extensions: 8
[2018-08-26 07:07:04.266] [sharedprocess] [info] Scanned user extensions: 8
[2018-08-26 07:12:04.274] [sharedprocess] [info] Scanned user extensions: 8
[2018-08-26 07:17:04.280] [sharedprocess] [info] Scanned user extensions: 8
[2018-08-26 07:22:04.286] [sharedprocess] [info] Scanned user extensions: 8
[2018-08-26 07:27:04.292] [sharedprocess] [info] Scanned user extensions: 8
[2018-08-26 07:32:04.298] [sharedprocess] [info] Scanned user extensions: 8
[2018-08-26 07:37:04.304] [sharedprocess] [info] Scanned user extensions: 8
[2018-08-26 07:42:04.310] [sharedprocess] [info] Scanned user extensions: 8
[2018-08-26 07:47:04.315] [sharedprocess] [info] Scanned user extensions: 8
[2018-08-26 07:52:04.320] [sharedprocess] [info] Scanned user extensions: 8
[2018-08-26 07:57:04.325] [sharedprocess] [info] Scanned user extensions: 8
[2018-08-26 08:02:04.332] [sharedprocess] [info] Scanned user extensions: 8
[2018-08-26 08:07:04.339] [sharedprocess] [info] Scanned user extensions: 8
[2018-08-26 08:12:04.346] [sharedprocess] [info] Scanned user extensions: 8
[2018-08-26 08:17:04.352] [sharedprocess] [info] Scanned user extensions: 8
[2018-08-26 08:22:04.357] [sharedprocess] [info] Scanned user extensions: 8
[2018-08-26 08:27:04.364] [sharedprocess] [info] Scanned user extensions: 8
[2018-08-26 08:32:04.370] [sharedprocess] [info] Scanned user extensions: 8
[2018-08-26 08:37:04.377] [sharedprocess] [info] Scanned user extensions: 8
[2018-08-26 08:42:04.384] [sharedprocess] [info] Scanned user extensions: 8
[2018-08-26 08:47:04.391] [sharedprocess] [info] Scanned user extensions: 8
[2018-08-26 08:52:04.396] [sharedprocess] [info] Scanned user extensions: 8
[2018-08-26 08:57:04.401] [sharedprocess] [info] Scanned user extensions: 8
[2018-08-26 09:02:04.406] [sharedprocess] [info] Scanned user extensions: 8
[2018-08-26 09:07:04.412] [sharedprocess] [info] Scanned user extensions: 8
[2018-08-26 09:12:04.417] [sharedprocess] [info] Scanned user extensions: 8
[2018-08-26 09:17:04.424] [sharedprocess] [info] Scanned user extensions: 8
[2018-08-26 09:22:04.430] [sharedprocess] [info] Scanned user extensions: 8
[2018-08-26 09:27:04.436] [sharedprocess] [info] Scanned user extensions: 8
[2018-08-26 09:32:04.442] [sharedprocess] [info] Scanned user extensions: 8
[2018-08-26 09:37:04.448] [sharedprocess] [info] Scanned user extensions: 8
[2018-08-26 09:42:04.455] [sharedprocess] [info] Scanned user extensions: 8
[2018-08-26 09:47:04.464] [sharedprocess] [info] Scanned user extensions: 8
[2018-08-26 09:52:04.469] [sharedprocess] [info] Scanned user extensions: 8
[2018-08-26 09:57:04.477] [sharedprocess] [info] Scanned user extensions: 8
[2018-08-26 10:02:04.484] [sharedprocess] [info] Scanned user extensions: 8
[2018-08-26 10:07:04.490] [sharedprocess] [info] Scanned user extensions: 8
[2018-08-26 10:12:04.495] [sharedprocess] [info] Scanned user extensions: 8
[2018-08-26 10:17:04.505] [sharedprocess] [info] Scanned user extensions: 8
[2018-08-26 10:22:04.516] [sharedprocess] [info] Scanned user extensions: 8
[2018-08-26 10:27:04.529] [sharedprocess] [info] Scanned user extensions: 8
[2018-08-26 10:32:04.537] [sharedprocess] [info] Scanned user extensions: 8
[2018-08-26 10:37:04.543] [sharedprocess] [info] Scanned user extensions: 8
[2018-08-26 10:42:04.550] [sharedprocess] [info] Scanned user extensions: 8
[2018-08-26 10:47:04.560] [sharedprocess] [info] Scanned user extensions: 8
[2018-08-26 10:52:04.569] [sharedprocess] [info] Scanned user extensions: 8
[2018-08-26 10:57:04.581] [sharedprocess] [info] Scanned user extensions: 8
[2018-08-26 11:02:04.594] [sharedprocess] [info] Scanned user extensions: 8
[2018-08-26 11:07:04.603] [sharedprocess] [info] Scanned user extensions: 8
[2018-08-26 11:12:04.618] [sharedprocess] [info] Scanned user extensions: 8
[2018-08-26 11:17:04.625] [sharedprocess] [info] Scanned user extensions: 8
[2018-08-26 11:22:04.632] [sharedprocess] [info] Scanned user extensions: 8
[2018-08-26 11:27:04.643] [sharedprocess] [info] Scanned user extensions: 8
[2018-08-26 11:32:04.661] [sharedprocess] [info] Scanned user extensions: 8
[2018-08-26 11:37:04.670] [sharedprocess] [info] Scanned user extensions: 8
[2018-08-26 11:42:04.677] [sharedprocess] [info] Scanned user extensions: 8
[2018-08-26 11:47:04.691] [sharedprocess] [info] Scanned user extensions: 8
[2018-08-26 11:52:04.698] [sharedprocess] [info] Scanned user extensions: 8
[2018-08-26 11:57:04.705] [sharedprocess] [info] Scanned user extensions: 8
[2018-08-26 12:02:04.712] [sharedprocess] [info] Scanned user extensions: 8
[2018-08-26 12:07:04.724] [sharedprocess] [info] Scanned user extensions: 8
[2018-08-26 12:12:04.733] [sharedprocess] [info] Scanned user extensions: 8
[2018-08-26 12:17:04.740] [sharedprocess] [info] Scanned user extensions: 8
[2018-08-26 12:22:04.748] [sharedprocess] [info] Scanned user extensions: 8
[2018-08-26 12:27:04.758] [sharedprocess] [info] Scanned user extensions: 8
[2018-08-26 12:32:04.772] [sharedprocess] [info] Scanned user extensions: 8
[2018-08-26 12:37:04.785] [sharedprocess] [info] Scanned user extensions: 8
[2018-08-26 12:42:04.793] [sharedprocess] [info] Scanned user extensions: 8
[2018-08-26 12:47:04.807] [sharedprocess] [info] Scanned user extensions: 8
[2018-08-26 12:52:04.817] [sharedprocess] [info] Scanned user extensions: 8
[2018-08-26 12:57:04.823] [sharedprocess] [info] Scanned user extensions: 8
[2018-08-26 13:02:04.830] [sharedprocess] [info] Scanned user extensions: 8
[2018-08-26 13:07:04.837] [sharedprocess] [info] Scanned user extensions: 8
[2018-08-26 13:12:04.843] [sharedprocess] [info] Scanned user extensions: 8
[2018-08-26 13:17:04.850] [sharedprocess] [info] Scanned user extensions: 8
[2018-08-26 13:22:04.857] [sharedprocess] [info] Scanned user extensions: 8
[2018-08-26 13:27:04.864] [sharedprocess] [info] Scanned user extensions: 8
[2018-08-26 13:32:04.873] [sharedprocess] [info] Scanned user extensions: 8
[2018-08-26 13:37:04.888] [sharedprocess] [info] Scanned user extensions: 8
[2018-08-26 13:42:04.899] [sharedprocess] [info] Scanned user extensions: 8
[2018-08-26 13:47:04.910] [sharedprocess] [info] Scanned user extensions: 8
[2018-08-26 13:52:04.930] [sharedprocess] [info] Scanned user extensions: 8
[2018-08-26 13:57:04.946] [sharedprocess] [info] Scanned user extensions: 8
[2018-08-26 14:02:04.954] [sharedprocess] [info] Scanned user extensions: 8
[2018-08-26 14:07:04.960] [sharedprocess] [info] Scanned user extensions: 8
[2018-08-26 14:12:04.968] [sharedprocess] [info] Scanned user extensions: 8
[2018-08-26 14:17:04.980] [sharedprocess] [info] Scanned user extensions: 8
[2018-08-26 14:22:04.988] [sharedprocess] [info] Scanned user extensions: 8
[2018-08-26 14:27:04.993] [sharedprocess] [info] Scanned user extensions: 8
[2018-08-26 14:32:05.008] [sharedprocess] [info] Scanned user extensions: 8
[2018-08-26 14:37:05.021] [sharedprocess] [info] Scanned user extensions: 8
[2018-08-26 14:42:05.038] [sharedprocess] [info] Scanned user extensions: 8
[2018-08-26 14:47:05.050] [sharedprocess] [info] Scanned user extensions: 8
[2018-08-26 14:52:05.058] [sharedprocess] [info] Scanned user extensions: 8
[2018-08-26 14:57:05.069] [sharedprocess] [info] Scanned user extensions: 8
[2018-08-26 15:02:05.076] [sharedprocess] [info] Scanned user extensions: 8
[2018-08-26 15:07:05.084] [sharedprocess] [info] Scanned user extensions: 8
[2018-08-26 15:12:05.095] [sharedprocess] [info] Scanned user extensions: 8
[2018-08-26 15:17:05.105] [sharedprocess] [info] Scanned user extensions: 8
[2018-08-26 15:22:05.114] [sharedprocess] [info] Scanned user extensions: 8
[2018-08-26 15:27:05.124] [sharedprocess] [info] Scanned user extensions: 8
[2018-08-26 15:32:05.138] [sharedprocess] [info] Scanned user extensions: 8
[2018-08-26 15:37:05.144] [sharedprocess] [info] Scanned user extensions: 8
[2018-08-26 15:42:05.156] [sharedprocess] [info] Scanned user extensions: 8
[2018-08-26 15:47:05.175] [sharedprocess] [info] Scanned user extensions: 8
[2018-08-26 15:52:05.183] [sharedprocess] [info] Scanned user extensions: 8
[2018-08-26 15:57:05.192] [sharedprocess] [info] Scanned user extensions: 8
[2018-08-26 16:02:05.204] [sharedprocess] [info] Scanned user extensions: 8
[2018-08-26 16:07:05.215] [sharedprocess] [info] Scanned user extensions: 8
[2018-08-26 16:12:05.224] [sharedprocess] [info] Scanned user extensions: 8
[2018-08-26 16:17:05.236] [sharedprocess] [info] Scanned user extensions: 8
[2018-08-26 16:22:05.248] [sharedprocess] [info] Scanned user extensions: 8
[2018-08-26 16:27:05.260] [sharedprocess] [info] Scanned user extensions: 8
[2018-08-26 16:32:05.272] [sharedprocess] [info] Scanned user extensions: 8
[2018-08-26 16:37:05.282] [sharedprocess] [info] Scanned user extensions: 8
[2018-08-26 16:42:05.290] [sharedprocess] [info] Scanned user extensions: 8
[2018-08-26 16:47:05.298] [sharedprocess] [info] Scanned user extensions: 8
[2018-08-26 16:52:05.305] [sharedprocess] [info] Scanned user extensions: 8
[2018-08-26 16:57:05.317] [sharedprocess] [info] Scanned user extensions: 8
[2018-08-26 17:02:05.333] [sharedprocess] [info] Scanned user extensions: 8
[2018-08-26 17:07:05.347] [sharedprocess] [info] Scanned user extensions: 8
[2018-08-26 17:12:05.355] [sharedprocess] [info] Scanned user extensions: 8
[2018-08-26 17:17:05.361] [sharedprocess] [info] Scanned user extensions: 8
[2018-08-26 17:22:05.369] [sharedprocess] [info] Scanned user extensions: 8
[2018-08-26 17:27:05.380] [sharedprocess] [info] Scanned user extensions: 8
[2018-08-26 17:32:05.387] [sharedprocess] [info] Scanned user extensions: 8
[2018-08-26 17:37:05.396] [sharedprocess] [info] Scanned user extensions: 8
[2018-08-26 17:42:05.404] [sharedprocess] [info] Scanned user extensions: 8
[2018-08-26 17:47:05.417] [sharedprocess] [info] Scanned user extensions: 8
[2018-08-26 17:52:05.427] [sharedprocess] [info] Scanned user extensions: 8
[2018-08-26 17:57:05.436] [sharedprocess] [info] Scanned user extensions: 8
[2018-08-26 18:02:05.446] [sharedprocess] [info] Scanned user extensions: 8
[2018-08-26 18:07:05.453] [sharedprocess] [info] Scanned user extensions: 8
[2018-08-26 18:12:05.461] [sharedprocess] [info] Scanned user extensions: 8
[2018-08-26 18:17:05.473] [sharedprocess] [info] Scanned user extensions: 8
[2018-08-26 18:22:05.484] [sharedprocess] [info] Scanned user extensions: 8
[2018-08-26 18:27:05.498] [sharedprocess] [info] Scanned user extensions: 8
[2018-08-26 18:32:05.511] [sharedprocess] [info] Scanned user extensions: 8
[2018-08-26 18:37:05.520] [sharedprocess] [info] Scanned user extensions: 8
[2018-08-26 18:42:05.530] [sharedprocess] [info] Scanned user extensions: 8
[2018-08-26 18:47:05.543] [sharedprocess] [info] Scanned user extensions: 8
[2018-08-26 18:52:05.554] [sharedprocess] [info] Scanned user extensions: 8
[2018-08-26 18:57:05.570] [sharedprocess] [info] Scanned user extensions: 8
[2018-08-26 19:02:05.586] [sharedprocess] [info] Scanned user extensions: 8
[2018-08-26 19:07:05.594] [sharedprocess] [info] Scanned user extensions: 8
[2018-08-26 19:12:05.604] [sharedprocess] [info] Scanned user extensions: 8
[2018-08-26 19:17:05.611] [sharedprocess] [info] Scanned user extensions: 8
[2018-08-26 19:22:05.617] [sharedprocess] [info] Scanned user extensions: 8
[2018-08-26 19:27:05.628] [sharedprocess] [info] Scanned user extensions: 8
[2018-08-26 19:32:05.636] [sharedprocess] [info] Scanned user extensions: 8
[2018-08-26 19:37:05.646] [sharedprocess] [info] Scanned user extensions: 8
[2018-08-26 19:42:05.658] [sharedprocess] [info] Scanned user extensions: 8
[2018-08-26 19:47:05.669] [sharedprocess] [info] Scanned user extensions: 8
[2018-08-26 19:52:05.677] [sharedprocess] [info] Scanned user extensions: 8
[2018-08-26 19:57:05.683] [sharedprocess] [info] Scanned user extensions: 8
[2018-08-26 20:02:05.690] [sharedprocess] [info] Scanned user extensions: 8
[2018-08-26 20:07:05.697] [sharedprocess] [info] Scanned user extensions: 8
[2018-08-26 20:12:05.703] [sharedprocess] [info] Scanned user extensions: 8
[2018-08-26 20:17:05.709] [sharedprocess] [info] Scanned user extensions: 8
[2018-08-26 20:22:05.723] [sharedprocess] [info] Scanned user extensions: 8
[2018-08-26 20:27:05.736] [sharedprocess] [info] Scanned user extensions: 8
[2018-08-26 20:32:05.746] [sharedprocess] [info] Scanned user extensions: 8
[2018-08-26 20:37:05.754] [sharedprocess] [info] Scanned user extensions: 8
[2018-08-26 20:42:05.763] [sharedprocess] [info] Scanned user extensions: 8
[2018-08-26 20:47:05.770] [sharedprocess] [info] Scanned user extensions: 8
[2018-08-26 20:52:05.779] [sharedprocess] [info] Scanned user extensions: 8
[2018-08-26 20:57:05.790] [sharedprocess] [info] Scanned user extensions: 8
[2018-08-26 21:02:05.798] [sharedprocess] [info] Scanned user extensions: 8
[2018-08-26 21:07:05.807] [sharedprocess] [info] Scanned user extensions: 8
[2018-08-26 21:12:05.820] [sharedprocess] [info] Scanned user extensions: 8
[2018-08-26 21:17:05.830] [sharedprocess] [info] Scanned user extensions: 8
[2018-08-26 21:22:05.840] [sharedprocess] [info] Scanned user extensions: 8
[2018-08-26 21:27:05.858] [sharedprocess] [info] Scanned user extensions: 8
[2018-08-26 21:32:05.864] [sharedprocess] [info] Scanned user extensions: 8
[2018-08-26 21:37:05.870] [sharedprocess] [info] Scanned user extensions: 8
[2018-08-26 21:42:05.877] [sharedprocess] [info] Scanned user extensions: 8
[2018-08-26 21:47:05.891] [sharedprocess] [info] Scanned user extensions: 8
[2018-08-26 21:52:05.905] [sharedprocess] [info] Scanned user extensions: 8
[2018-08-26 21:57:05.915] [sharedprocess] [info] Scanned user extensions: 8
[2018-08-26 22:02:05.922] [sharedprocess] [info] Scanned user extensions: 8
[2018-08-26 22:07:05.928] [sharedprocess] [info] Scanned user extensions: 8
[2018-08-26 22:12:05.935] [sharedprocess] [info] Scanned user extensions: 8
[2018-08-26 22:17:05.947] [sharedprocess] [info] Scanned user extensions: 8
[2018-08-26 22:22:05.957] [sharedprocess] [info] Scanned user extensions: 8
[2018-08-26 22:27:05.972] [sharedprocess] [info] Scanned user extensions: 8
[2018-08-26 22:32:05.979] [sharedprocess] [info] Scanned user extensions: 8
[2018-08-26 22:37:05.986] [sharedprocess] [info] Scanned user extensions: 8
[2018-08-26 22:42:05.995] [sharedprocess] [info] Scanned user extensions: 8
[2018-08-26 22:47:06.007] [sharedprocess] [info] Scanned user extensions: 8
[2018-08-26 22:52:06.016] [sharedprocess] [info] Scanned user extensions: 8
[2018-08-26 22:57:06.023] [sharedprocess] [info] Scanned user extensions: 8
[2018-08-26 23:02:06.029] [sharedprocess] [info] Scanned user extensions: 8
[2018-08-26 23:07:06.039] [sharedprocess] [info] Scanned user extensions: 8
[2018-08-26 23:12:06.046] [sharedprocess] [info] Scanned user extensions: 8
[2018-08-26 23:17:06.056] [sharedprocess] [info] Scanned user extensions: 8
[2018-08-26 23:22:06.067] [sharedprocess] [info] Scanned user extensions: 8
[2018-08-26 23:27:06.080] [sharedprocess] [info] Scanned user extensions: 8
[2018-08-26 23:32:06.093] [sharedprocess] [info] Scanned user extensions: 8
[2018-08-26 23:37:06.101] [sharedprocess] [info] Scanned user extensions: 8
[2018-08-26 23:42:06.109] [sharedprocess] [info] Scanned user extensions: 8
[2018-08-26 23:47:06.120] [sharedprocess] [info] Scanned user extensions: 8
[2018-08-26 23:52:06.130] [sharedprocess] [info] Scanned user extensions: 8
[2018-08-26 23:57:06.136] [sharedprocess] [info] Scanned user extensions: 8
[2018-08-27 00:02:06.143] [sharedprocess] [info] Scanned user extensions: 8
[2018-08-27 00:07:06.151] [sharedprocess] [info] Scanned user extensions: 8
[2018-08-27 00:12:06.158] [sharedprocess] [info] Scanned user extensions: 8
[2018-08-27 00:17:06.169] [sharedprocess] [info] Scanned user extensions: 8
[2018-08-27 00:22:06.177] [sharedprocess] [info] Scanned user extensions: 8
[2018-08-27 00:27:06.188] [sharedprocess] [info] Scanned user extensions: 8
[2018-08-27 00:32:06.195] [sharedprocess] [info] Scanned user extensions: 8
[2018-08-27 00:37:06.201] [sharedprocess] [info] Scanned user extensions: 8
[2018-08-27 00:42:06.209] [sharedprocess] [info] Scanned user extensions: 8
[2018-08-27 00:47:06.216] [sharedprocess] [info] Scanned user extensions: 8
[2018-08-27 00:52:06.222] [sharedprocess] [info] Scanned user extensions: 8
[2018-08-27 00:57:06.228] [sharedprocess] [info] Scanned user extensions: 8
[2018-08-27 01:02:06.235] [sharedprocess] [info] Scanned user extensions: 8
[2018-08-27 01:07:06.242] [sharedprocess] [info] Scanned user extensions: 8
[2018-08-27 01:12:06.250] [sharedprocess] [info] Scanned user extensions: 8
[2018-08-27 01:17:06.257] [sharedprocess] [info] Scanned user extensions: 8
[2018-08-27 01:22:06.262] [sharedprocess] [info] Scanned user extensions: 8
[2018-08-27 01:27:06.269] [sharedprocess] [info] Scanned user extensions: 8
[2018-08-27 01:32:06.276] [sharedprocess] [info] Scanned user extensions: 8
[2018-08-27 01:37:06.282] [sharedprocess] [info] Scanned user extensions: 8
[2018-08-27 01:42:06.287] [sharedprocess] [info] Scanned user extensions: 8
[2018-08-27 01:47:06.294] [sharedprocess] [info] Scanned user extensions: 8
[2018-08-27 01:52:06.299] [sharedprocess] [info] Scanned user extensions: 8
[2018-08-27 01:57:06.304] [sharedprocess] [info] Scanned user extensions: 8
[2018-08-27 02:02:06.310] [sharedprocess] [info] Scanned user extensions: 8
[2018-08-27 02:07:06.315] [sharedprocess] [info] Scanned user extensions: 8
[2018-08-27 02:12:06.320] [sharedprocess] [info] Scanned user extensions: 8
[2018-08-27 02:17:06.327] [sharedprocess] [info] Scanned user extensions: 8
[2018-08-27 02:22:06.334] [sharedprocess] [info] Scanned user extensions: 8
[2018-08-27 02:27:06.342] [sharedprocess] [info] Scanned user extensions: 8
[2018-08-27 02:32:06.349] [sharedprocess] [info] Scanned user extensions: 8
[2018-08-27 02:37:06.355] [sharedprocess] [info] Scanned user extensions: 8
[2018-08-27 02:42:06.362] [sharedprocess] [info] Scanned user extensions: 8
[2018-08-27 02:47:06.372] [sharedprocess] [info] Scanned user extensions: 8
[2018-08-27 02:52:06.379] [sharedprocess] [info] Scanned user extensions: 8
[2018-08-27 02:57:06.385] [sharedprocess] [info] Scanned user extensions: 8
[2018-08-27 03:02:06.391] [sharedprocess] [info] Scanned user extensions: 8
[2018-08-27 03:07:06.396] [sharedprocess] [info] Scanned user extensions: 8
[2018-08-27 03:12:06.401] [sharedprocess] [info] Scanned user extensions: 8
[2018-08-27 03:17:06.408] [sharedprocess] [info] Scanned user extensions: 8
[2018-08-27 03:22:06.413] [sharedprocess] [info] Scanned user extensions: 8
[2018-08-27 03:27:06.418] [sharedprocess] [info] Scanned user extensions: 8
[2018-08-27 03:32:06.424] [sharedprocess] [info] Scanned user extensions: 8
[2018-08-27 03:37:06.431] [sharedprocess] [info] Scanned user extensions: 8
[2018-08-27 03:42:06.437] [sharedprocess] [info] Scanned user extensions: 8
[2018-08-27 03:47:06.444] [sharedprocess] [info] Scanned user extensions: 8
[2018-08-27 03:52:06.449] [sharedprocess] [info] Scanned user extensions: 8
[2018-08-27 03:57:06.456] [sharedprocess] [info] Scanned user extensions: 8
[2018-08-27 04:02:06.462] [sharedprocess] [info] Scanned user extensions: 8
[2018-08-27 04:07:06.467] [sharedprocess] [info] Scanned user extensions: 8
[2018-08-27 04:12:06.474] [sharedprocess] [info] Scanned user extensions: 8
[2018-08-27 04:17:06.483] [sharedprocess] [info] Scanned user extensions: 8
[2018-08-27 04:22:06.489] [sharedprocess] [info] Scanned user extensions: 8
[2018-08-27 04:27:06.494] [sharedprocess] [info] Scanned user extensions: 8
[2018-08-27 04:32:06.499] [sharedprocess] [info] Scanned user extensions: 8
[2018-08-27 04:37:06.505] [sharedprocess] [info] Scanned user extensions: 8
[2018-08-27 04:42:06.513] [sharedprocess] [info] Scanned user extensions: 8
[2018-08-27 04:47:06.522] [sharedprocess] [info] Scanned user extensions: 8
[2018-08-27 04:52:06.530] [sharedprocess] [info] Scanned user extensions: 8
[2018-08-27 04:57:06.538] [sharedprocess] [info] Scanned user extensions: 8
[2018-08-27 05:02:06.545] [sharedprocess] [info] Scanned user extensions: 8
[2018-08-27 05:07:06.552] [sharedprocess] [info] Scanned user extensions: 8
[2018-08-27 05:12:06.558] [sharedprocess] [info] Scanned user extensions: 8
[2018-08-27 05:17:06.565] [sharedprocess] [info] Scanned user extensions: 8
[2018-08-27 05:22:06.575] [sharedprocess] [info] Scanned user extensions: 8
[2018-08-27 05:27:06.582] [sharedprocess] [info] Scanned user extensions: 8
[2018-08-27 05:32:06.588] [sharedprocess] [info] Scanned user extensions: 8
[2018-08-27 05:37:06.595] [sharedprocess] [info] Scanned user extensions: 8
[2018-08-27 05:42:06.601] [sharedprocess] [info] Scanned user extensions: 8
[2018-08-27 05:47:06.613] [sharedprocess] [info] Scanned user extensions: 8
[2018-08-27 05:52:06.625] [sharedprocess] [info] Scanned user extensions: 8
[2018-08-27 05:57:06.636] [sharedprocess] [info] Scanned user extensions: 8
[2018-08-27 06:02:06.642] [sharedprocess] [info] Scanned user extensions: 8
[2018-08-27 06:07:06.650] [sharedprocess] [info] Scanned user extensions: 8
[2018-08-27 06:12:06.656] [sharedprocess] [info] Scanned user extensions: 8
[2018-08-27 06:17:06.665] [sharedprocess] [info] Scanned user extensions: 8
[2018-08-27 06:22:06.678] [sharedprocess] [info] Scanned user extensions: 8
[2018-08-27 06:27:06.686] [sharedprocess] [info] Scanned user extensions: 8
[2018-08-27 06:32:06.696] [sharedprocess] [info] Scanned user extensions: 8
[2018-08-27 06:37:06.705] [sharedprocess] [info] Scanned user extensions: 8
[2018-08-27 06:42:06.716] [sharedprocess] [info] Scanned user extensions: 8
[2018-08-27 06:47:06.727] [sharedprocess] [info] Scanned user extensions: 8
[2018-08-27 06:52:06.735] [sharedprocess] [info] Scanned user extensions: 8
[2018-08-27 06:57:06.740] [sharedprocess] [info] Scanned user extensions: 8
[2018-08-27 07:02:06.750] [sharedprocess] [info] Scanned user extensions: 8
[2018-08-27 07:07:06.757] [sharedprocess] [info] Scanned user extensions: 8
[2018-08-27 07:12:06.765] [sharedprocess] [info] Scanned user extensions: 8
[2018-08-27 07:17:06.777] [sharedprocess] [info] Scanned user extensions: 8
[2018-08-27 07:22:06.788] [sharedprocess] [info] Scanned user extensions: 8
[2018-08-27 07:27:06.799] [sharedprocess] [info] Scanned user extensions: 8
[2018-08-27 07:32:06.809] [sharedprocess] [info] Scanned user extensions: 8
[2018-08-27 07:37:06.820] [sharedprocess] [info] Scanned user extensions: 8
[2018-08-27 07:42:06.826] [sharedprocess] [info] Scanned user extensions: 8
[2018-08-27 07:47:06.832] [sharedprocess] [info] Scanned user extensions: 8
[2018-08-27 07:52:06.844] [sharedprocess] [info] Scanned user extensions: 8
[2018-08-27 07:57:06.855] [sharedprocess] [info] Scanned user extensions: 8
[2018-08-27 08:02:06.862] [sharedprocess] [info] Scanned user extensions: 8
[2018-08-27 08:07:06.875] [sharedprocess] [info] Scanned user extensions: 8
[2018-08-27 08:12:06.893] [sharedprocess] [info] Scanned user extensions: 8
[2018-08-27 08:17:06.905] [sharedprocess] [info] Scanned user extensions: 8
[2018-08-27 08:22:06.917] [sharedprocess] [info] Scanned user extensions: 8
[2018-08-27 08:27:06.930] [sharedprocess] [info] Scanned user extensions: 8
[2018-08-27 08:32:06.938] [sharedprocess] [info] Scanned user extensions: 8
[2018-08-27 08:37:06.946] [sharedprocess] [info] Scanned user extensions: 8
[2018-08-27 08:42:06.953] [sharedprocess] [info] Scanned user extensions: 8
[2018-08-27 08:47:06.961] [sharedprocess] [info] Scanned user extensions: 8
[2018-08-27 08:52:06.972] [sharedprocess] [info] Scanned user extensions: 8
[2018-08-27 08:57:06.981] [sharedprocess] [info] Scanned user extensions: 8
[2018-08-27 09:02:06.986] [sharedprocess] [info] Scanned user extensions: 8
[2018-08-27 09:07:06.993] [sharedprocess] [info] Scanned user extensions: 8
[2018-08-27 09:12:07.001] [sharedprocess] [info] Scanned user extensions: 8
[2018-08-27 09:17:07.009] [sharedprocess] [info] Scanned user extensions: 8
[2018-08-27 09:22:07.016] [sharedprocess] [info] Scanned user extensions: 8
[2018-08-27 09:27:07.023] [sharedprocess] [info] Scanned user extensions: 8
[2018-08-27 09:32:07.031] [sharedprocess] [info] Scanned user extensions: 8
[2018-08-27 09:37:07.038] [sharedprocess] [info] Scanned user extensions: 8
[2018-08-27 09:42:07.050] [sharedprocess] [info] Scanned user extensions: 8
[2018-08-27 09:47:07.063] [sharedprocess] [info] Scanned user extensions: 8
[2018-08-27 09:52:07.072] [sharedprocess] [info] Scanned user extensions: 8
[2018-08-27 09:57:07.079] [sharedprocess] [info] Scanned user extensions: 8
[2018-08-27 10:02:07.086] [sharedprocess] [info] Scanned user extensions: 8
[2018-08-27 10:07:07.092] [sharedprocess] [info] Scanned user extensions: 8
[2018-08-27 10:12:07.098] [sharedprocess] [info] Scanned user extensions: 8
[2018-08-27 10:17:07.104] [sharedprocess] [info] Scanned user extensions: 8
[2018-08-27 10:22:07.111] [sharedprocess] [info] Scanned user extensions: 8
[2018-08-27 10:27:07.116] [sharedprocess] [info] Scanned user extensions: 8
[2018-08-27 10:32:07.122] [sharedprocess] [info] Scanned user extensions: 8
[2018-08-27 10:37:07.128] [sharedprocess] [info] Scanned user extensions: 8
[2018-08-27 10:42:07.133] [sharedprocess] [info] Scanned user extensions: 8
[2018-08-27 10:47:07.141] [sharedprocess] [info] Scanned user extensions: 8
[2018-08-27 10:52:07.157] [sharedprocess] [info] Scanned user extensions: 8
[2018-08-27 10:57:07.163] [sharedprocess] [info] Scanned user extensions: 8
[2018-08-27 11:02:07.171] [sharedprocess] [info] Scanned user extensions: 8
[2018-08-27 11:07:07.178] [sharedprocess] [info] Scanned user extensions: 8
[2018-08-27 11:12:07.195] [sharedprocess] [info] Scanned user extensions: 8
[2018-08-27 11:17:07.200] [sharedprocess] [info] Scanned user extensions: 8
[2018-08-27 11:22:07.208] [sharedprocess] [info] Scanned user extensions: 8
[2018-08-27 11:27:07.219] [sharedprocess] [info] Scanned user extensions: 8
[2018-08-27 11:32:07.226] [sharedprocess] [info] Scanned user extensions: 8
[2018-08-27 11:37:07.231] [sharedprocess] [info] Scanned user extensions: 8
[2018-08-27 11:42:07.240] [sharedprocess] [info] Scanned user extensions: 8
[2018-08-27 11:47:07.246] [sharedprocess] [info] Scanned user extensions: 8
[2018-08-27 11:52:07.251] [sharedprocess] [info] Scanned user extensions: 8
[2018-08-27 11:57:07.259] [sharedprocess] [info] Scanned user extensions: 8
[2018-08-27 12:02:07.265] [sharedprocess] [info] Scanned user extensions: 8
[2018-08-27 12:07:07.270] [sharedprocess] [info] Scanned user extensions: 8
[2018-08-27 12:12:07.283] [sharedprocess] [info] Scanned user extensions: 8
[2018-08-27 12:17:07.294] [sharedprocess] [info] Scanned user extensions: 8
[2018-08-27 12:22:07.301] [sharedprocess] [info] Scanned user extensions: 8
[2018-08-27 12:27:07.306] [sharedprocess] [info] Scanned user extensions: 8
[2018-08-27 12:32:07.313] [sharedprocess] [info] Scanned user extensions: 8
[2018-08-27 12:37:07.322] [sharedprocess] [info] Scanned user extensions: 8
[2018-08-27 12:42:07.329] [sharedprocess] [info] Scanned user extensions: 8
[2018-08-27 12:47:07.336] [sharedprocess] [info] Scanned user extensions: 8
[2018-08-27 12:52:07.342] [sharedprocess] [info] Scanned user extensions: 8
[2018-08-27 12:57:07.348] [sharedprocess] [info] Scanned user extensions: 8
[2018-08-27 13:02:07.353] [sharedprocess] [info] Scanned user extensions: 8
[2018-08-27 13:07:07.359] [sharedprocess] [info] Scanned user extensions: 8
[2018-08-27 13:12:07.367] [sharedprocess] [info] Scanned user extensions: 8
[2018-08-27 13:17:07.376] [sharedprocess] [info] Scanned user extensions: 8
[2018-08-27 13:22:07.383] [sharedprocess] [info] Scanned user extensions: 8
[2018-08-27 13:27:07.390] [sharedprocess] [info] Scanned user extensions: 8
[2018-08-27 13:32:07.397] [sharedprocess] [info] Scanned user extensions: 8
[2018-08-27 13:37:07.403] [sharedprocess] [info] Scanned user extensions: 8
[2018-08-27 13:42:07.410] [sharedprocess] [info] Scanned user extensions: 8
[2018-08-27 13:47:07.416] [sharedprocess] [info] Scanned user extensions: 8
[2018-08-27 13:52:07.425] [sharedprocess] [info] Scanned user extensions: 8
[2018-08-27 13:57:07.432] [sharedprocess] [info] Scanned user extensions: 8
[2018-08-27 14:02:07.443] [sharedprocess] [info] Scanned user extensions: 8
[2018-08-27 14:07:07.449] [sharedprocess] [info] Scanned user extensions: 8
[2018-08-27 14:12:07.455] [sharedprocess] [info] Scanned user extensions: 8
[2018-08-27 14:17:07.461] [sharedprocess] [info] Scanned user extensions: 8
[2018-08-27 14:22:07.466] [sharedprocess] [info] Scanned user extensions: 8
[2018-08-27 14:27:07.472] [sharedprocess] [info] Scanned user extensions: 8
[2018-08-27 14:32:07.479] [sharedprocess] [info] Scanned user extensions: 8
[2018-08-27 14:37:07.485] [sharedprocess] [info] Scanned user extensions: 8
[2018-08-27 14:42:07.491] [sharedprocess] [info] Scanned user extensions: 8
[2018-08-27 14:47:07.496] [sharedprocess] [info] Scanned user extensions: 8
[2018-08-27 14:52:07.502] [sharedprocess] [info] Scanned user extensions: 8
[2018-08-27 14:57:07.507] [sharedprocess] [info] Scanned user extensions: 8
[2018-08-27 15:02:07.513] [sharedprocess] [info] Scanned user extensions: 8
[2018-08-27 15:07:07.518] [sharedprocess] [info] Scanned user extensions: 8
[2018-08-27 15:12:07.525] [sharedprocess] [info] Scanned user extensions: 8
[2018-08-27 15:17:07.533] [sharedprocess] [info] Scanned user extensions: 8
[2018-08-27 15:22:07.539] [sharedprocess] [info] Scanned user extensions: 8
[2018-08-27 15:27:07.546] [sharedprocess] [info] Scanned user extensions: 8
[2018-08-27 15:32:07.552] [sharedprocess] [info] Scanned user extensions: 8
[2018-08-27 15:37:07.561] [sharedprocess] [info] Scanned user extensions: 8
[2018-08-27 15:42:07.570] [sharedprocess] [info] Scanned user extensions: 8
[2018-08-27 15:47:07.578] [sharedprocess] [info] Scanned user extensions: 8
[2018-08-27 15:52:07.588] [sharedprocess] [info] Scanned user extensions: 8
[2018-08-27 15:57:07.596] [sharedprocess] [info] Scanned user extensions: 8
[2018-08-27 16:02:07.603] [sharedprocess] [info] Scanned user extensions: 8
[2018-08-27 16:07:07.608] [sharedprocess] [info] Scanned user extensions: 8
[2018-08-27 16:12:07.615] [sharedprocess] [info] Scanned user extensions: 8
[2018-08-27 16:17:07.620] [sharedprocess] [info] Scanned user extensions: 8
[2018-08-27 16:22:07.625] [sharedprocess] [info] Scanned user extensions: 8
[2018-08-27 16:27:07.632] [sharedprocess] [info] Scanned user extensions: 8
[2018-08-27 16:32:07.638] [sharedprocess] [info] Scanned user extensions: 8
[2018-08-27 16:37:07.643] [sharedprocess] [info] Scanned user extensions: 8
[2018-08-27 16:42:07.650] [sharedprocess] [info] Scanned user extensions: 8
[2018-08-27 16:47:07.655] [sharedprocess] [info] Scanned user extensions: 8
[2018-08-27 16:52:07.667] [sharedprocess] [info] Scanned user extensions: 8
[2018-08-27 16:57:07.676] [sharedprocess] [info] Scanned user extensions: 8
[2018-08-27 17:02:07.683] [sharedprocess] [info] Scanned user extensions: 8
[2018-08-27 17:07:07.689] [sharedprocess] [info] Scanned user extensions: 8
[2018-08-27 17:12:07.695] [sharedprocess] [info] Scanned user extensions: 8
[2018-08-27 17:17:07.700] [sharedprocess] [info] Scanned user extensions: 8
[2018-08-27 17:22:07.705] [sharedprocess] [info] Scanned user extensions: 8
[2018-08-27 17:27:07.711] [sharedprocess] [info] Scanned user extensions: 8
[2018-08-27 17:32:07.717] [sharedprocess] [info] Scanned user extensions: 8
[2018-08-27 17:37:07.722] [sharedprocess] [info] Scanned user extensions: 8
[2018-08-27 17:42:07.730] [sharedprocess] [info] Scanned user extensions: 8
[2018-08-27 17:47:07.746] [sharedprocess] [info] Scanned user extensions: 8
[2018-08-27 17:52:07.753] [sharedprocess] [info] Scanned user extensions: 8
[2018-08-27 17:57:07.758] [sharedprocess] [info] Scanned user extensions: 8
[2018-08-27 18:02:07.763] [sharedprocess] [info] Scanned user extensions: 8
[2018-08-27 18:07:07.768] [sharedprocess] [info] Scanned user extensions: 8
[2018-08-27 18:12:07.775] [sharedprocess] [info] Scanned user extensions: 8
[2018-08-27 18:17:07.781] [sharedprocess] [info] Scanned user extensions: 8
[2018-08-27 18:22:07.788] [sharedprocess] [info] Scanned user extensions: 8
[2018-08-27 18:27:07.794] [sharedprocess] [info] Scanned user extensions: 8
[2018-08-27 18:32:07.799] [sharedprocess] [info] Scanned user extensions: 8
[2018-08-27 18:37:07.806] [sharedprocess] [info] Scanned user extensions: 8
[2018-08-27 18:42:07.812] [sharedprocess] [info] Scanned user extensions: 8
[2018-08-27 18:47:07.817] [sharedprocess] [info] Scanned user extensions: 8
[2018-08-27 18:52:07.823] [sharedprocess] [info] Scanned user extensions: 8
[2018-08-27 18:57:07.829] [sharedprocess] [info] Scanned user extensions: 8
[2018-08-27 19:02:07.835] [sharedprocess] [info] Scanned user extensions: 8
[2018-08-27 19:07:07.841] [sharedprocess] [info] Scanned user extensions: 8
[2018-08-27 19:12:07.846] [sharedprocess] [info] Scanned user extensions: 8
[2018-08-27 19:17:07.852] [sharedprocess] [info] Scanned user extensions: 8
[2018-08-27 19:22:07.859] [sharedprocess] [info] Scanned user extensions: 8
[2018-08-27 19:27:07.864] [sharedprocess] [info] Scanned user extensions: 8
[2018-08-27 19:32:07.876] [sharedprocess] [info] Scanned user extensions: 8
[2018-08-27 19:37:07.884] [sharedprocess] [info] Scanned user extensions: 8
[2018-08-27 19:42:07.897] [sharedprocess] [info] Scanned user extensions: 8
[2018-08-27 19:47:07.907] [sharedprocess] [info] Scanned user extensions: 8
[2018-08-27 19:52:07.913] [sharedprocess] [info] Scanned user extensions: 8
[2018-08-27 19:57:07.926] [sharedprocess] [info] Scanned user extensions: 8
[2018-08-27 20:02:07.936] [sharedprocess] [info] Scanned user extensions: 8
[2018-08-27 20:07:07.942] [sharedprocess] [info] Scanned user extensions: 8
[2018-08-27 20:12:07.947] [sharedprocess] [info] Scanned user extensions: 8
[2018-08-27 20:17:07.953] [sharedprocess] [info] Scanned user extensions: 8
[2018-08-27 20:22:07.959] [sharedprocess] [info] Scanned user extensions: 8
[2018-08-27 20:27:07.965] [sharedprocess] [info] Scanned user extensions: 8
[2018-08-27 20:32:07.970] [sharedprocess] [info] Scanned user extensions: 8
[2018-08-27 20:37:07.976] [sharedprocess] [info] Scanned user extensions: 8
[2018-08-27 20:42:07.980] [sharedprocess] [info] Scanned user extensions: 8
[2018-08-27 20:47:07.987] [sharedprocess] [info] Scanned user extensions: 8
[2018-08-27 20:52:07.993] [sharedprocess] [info] Scanned user extensions: 8
[2018-08-27 20:57:07.999] [sharedprocess] [info] Scanned user extensions: 8
[2018-08-27 21:02:08.004] [sharedprocess] [info] Scanned user extensions: 8
[2018-08-27 21:07:08.009] [sharedprocess] [info] Scanned user extensions: 8
[2018-08-27 21:12:08.014] [sharedprocess] [info] Scanned user extensions: 8
[2018-08-27 21:17:08.021] [sharedprocess] [info] Scanned user extensions: 8
[2018-08-27 21:22:08.029] [sharedprocess] [info] Scanned user extensions: 8
[2018-08-27 21:27:08.034] [sharedprocess] [info] Scanned user extensions: 8
[2018-08-27 21:32:08.041] [sharedprocess] [info] Scanned user extensions: 8
[2018-08-27 21:37:08.048] [sharedprocess] [info] Scanned user extensions: 8
[2018-08-27 21:42:08.053] [sharedprocess] [info] Scanned user extensions: 8
[2018-08-27 21:47:08.059] [sharedprocess] [info] Scanned user extensions: 8
[2018-08-27 21:52:08.068] [sharedprocess] [info] Scanned user extensions: 8
[2018-08-27 21:57:08.076] [sharedprocess] [info] Scanned user extensions: 8
[2018-08-27 22:02:08.081] [sharedprocess] [info] Scanned user extensions: 8
[2018-08-27 22:07:08.086] [sharedprocess] [info] Scanned user extensions: 8
[2018-08-27 22:12:08.092] [sharedprocess] [info] Scanned user extensions: 8
[2018-08-27 22:17:08.099] [sharedprocess] [info] Scanned user extensions: 8
[2018-08-27 22:22:08.106] [sharedprocess] [info] Scanned user extensions: 8
[2018-08-27 22:27:08.112] [sharedprocess] [info] Scanned user extensions: 8
[2018-08-27 22:32:08.118] [sharedprocess] [info] Scanned user extensions: 8
[2018-08-27 22:37:08.123] [sharedprocess] [info] Scanned user extensions: 8
[2018-08-27 22:42:08.129] [sharedprocess] [info] Scanned user extensions: 8
[2018-08-27 22:47:08.135] [sharedprocess] [info] Scanned user extensions: 8
[2018-08-27 22:52:08.140] [sharedprocess] [info] Scanned user extensions: 8
[2018-08-27 22:57:08.148] [sharedprocess] [info] Scanned user extensions: 8
[2018-08-27 23:02:08.157] [sharedprocess] [info] Scanned user extensions: 8
[2018-08-27 23:07:08.164] [sharedprocess] [info] Scanned user extensions: 8
[2018-08-27 23:12:08.169] [sharedprocess] [info] Scanned user extensions: 8
[2018-08-27 23:17:08.174] [sharedprocess] [info] Scanned user extensions: 8
[2018-08-27 23:22:08.181] [sharedprocess] [info] Scanned user extensions: 8
[2018-08-27 23:27:08.188] [sharedprocess] [info] Scanned user extensions: 8
[2018-08-27 23:32:08.193] [sharedprocess] [info] Scanned user extensions: 8
[2018-08-27 23:37:08.199] [sharedprocess] [info] Scanned user extensions: 8
[2018-08-27 23:42:08.204] [sharedprocess] [info] Scanned user extensions: 8
[2018-08-27 23:47:08.210] [sharedprocess] [info] Scanned user extensions: 8
[2018-08-27 23:52:08.215] [sharedprocess] [info] Scanned user extensions: 8
[2018-08-27 23:57:08.219] [sharedprocess] [info] Scanned user extensions: 8
[2018-08-28 00:02:08.225] [sharedprocess] [info] Scanned user extensions: 8
[2018-08-28 00:07:08.230] [sharedprocess] [info] Scanned user extensions: 8
[2018-08-28 00:12:08.237] [sharedprocess] [info] Scanned user extensions: 8
[2018-08-28 00:17:08.244] [sharedprocess] [info] Scanned user extensions: 8
[2018-08-28 00:22:08.251] [sharedprocess] [info] Scanned user extensions: 8
[2018-08-28 00:27:08.258] [sharedprocess] [info] Scanned user extensions: 8
[2018-08-28 00:32:08.263] [sharedprocess] [info] Scanned user extensions: 8
[2018-08-28 00:37:08.268] [sharedprocess] [info] Scanned user extensions: 8
[2018-08-28 00:42:08.274] [sharedprocess] [info] Scanned user extensions: 8
[2018-08-28 00:47:08.281] [sharedprocess] [info] Scanned user extensions: 8
[2018-08-28 00:52:08.286] [sharedprocess] [info] Scanned user extensions: 8
[2018-08-28 00:57:08.292] [sharedprocess] [info] Scanned user extensions: 8
[2018-08-28 01:02:08.298] [sharedprocess] [info] Scanned user extensions: 8
[2018-08-28 01:07:08.304] [sharedprocess] [info] Scanned user extensions: 8
[2018-08-28 01:12:08.309] [sharedprocess] [info] Scanned user extensions: 8
[2018-08-28 01:17:08.315] [sharedprocess] [info] Scanned user extensions: 8
[2018-08-28 01:22:08.320] [sharedprocess] [info] Scanned user extensions: 8
[2018-08-28 01:27:08.325] [sharedprocess] [info] Scanned user extensions: 8
[2018-08-28 01:32:08.332] [sharedprocess] [info] Scanned user extensions: 8
[2018-08-28 01:37:08.339] [sharedprocess] [info] Scanned user extensions: 8
[2018-08-28 01:42:08.345] [sharedprocess] [info] Scanned user extensions: 8
[2018-08-28 01:47:08.351] [sharedprocess] [info] Scanned user extensions: 8
[2018-08-28 01:52:08.357] [sharedprocess] [info] Scanned user extensions: 8
[2018-08-28 01:57:08.363] [sharedprocess] [info] Scanned user extensions: 8
[2018-08-28 02:02:08.368] [sharedprocess] [info] Scanned user extensions: 8
[2018-08-28 02:07:08.374] [sharedprocess] [info] Scanned user extensions: 8
[2018-08-28 02:12:08.380] [sharedprocess] [info] Scanned user extensions: 8
[2018-08-28 02:17:08.386] [sharedprocess] [info] Scanned user extensions: 8
[2018-08-28 02:22:08.392] [sharedprocess] [info] Scanned user extensions: 8
[2018-08-28 02:27:08.397] [sharedprocess] [info] Scanned user extensions: 8
[2018-08-28 02:32:08.404] [sharedprocess] [info] Scanned user extensions: 8
[2018-08-28 02:37:08.410] [sharedprocess] [info] Scanned user extensions: 8
[2018-08-28 02:42:08.415] [sharedprocess] [info] Scanned user extensions: 8
[2018-08-28 02:47:08.421] [sharedprocess] [info] Scanned user extensions: 8
[2018-08-28 02:52:08.426] [sharedprocess] [info] Scanned user extensions: 8
[2018-08-28 02:57:08.434] [sharedprocess] [info] Scanned user extensions: 8
[2018-08-28 03:02:08.442] [sharedprocess] [info] Scanned user extensions: 8
[2018-08-28 03:07:08.452] [sharedprocess] [info] Scanned user extensions: 8
[2018-08-28 03:12:08.458] [sharedprocess] [info] Scanned user extensions: 8
[2018-08-28 03:17:08.465] [sharedprocess] [info] Scanned user extensions: 8
[2018-08-28 03:22:08.470] [sharedprocess] [info] Scanned user extensions: 8
[2018-08-28 03:27:08.476] [sharedprocess] [info] Scanned user extensions: 8
[2018-08-28 03:32:08.482] [sharedprocess] [info] Scanned user extensions: 8
[2018-08-28 03:37:08.489] [sharedprocess] [info] Scanned user extensions: 8
[2018-08-28 03:42:08.495] [sharedprocess] [info] Scanned user extensions: 8
[2018-08-28 03:47:08.501] [sharedprocess] [info] Scanned user extensions: 8
[2018-08-28 03:52:08.507] [sharedprocess] [info] Scanned user extensions: 8
[2018-08-28 03:57:08.512] [sharedprocess] [info] Scanned user extensions: 8
[2018-08-28 04:02:08.517] [sharedprocess] [info] Scanned user extensions: 8
[2018-08-28 04:07:08.522] [sharedprocess] [info] Scanned user extensions: 8
[2018-08-28 04:12:08.527] [sharedprocess] [info] Scanned user extensions: 8
[2018-08-28 04:17:08.532] [sharedprocess] [info] Scanned user extensions: 8
[2018-08-28 04:22:08.538] [sharedprocess] [info] Scanned user extensions: 8
[2018-08-28 04:27:08.543] [sharedprocess] [info] Scanned user extensions: 8
[2018-08-28 04:32:08.550] [sharedprocess] [info] Scanned user extensions: 8
[2018-08-28 04:37:08.556] [sharedprocess] [info] Scanned user extensions: 8
[2018-08-28 04:42:08.561] [sharedprocess] [info] Scanned user extensions: 8
[2018-08-28 04:47:08.566] [sharedprocess] [info] Scanned user extensions: 8
[2018-08-28 04:52:08.571] [sharedprocess] [info] Scanned user extensions: 8
[2018-08-28 04:57:08.577] [sharedprocess] [info] Scanned user extensions: 8
[2018-08-28 05:02:08.582] [sharedprocess] [info] Scanned user extensions: 8
[2018-08-28 05:07:08.587] [sharedprocess] [info] Scanned user extensions: 8
[2018-08-28 05:12:08.593] [sharedprocess] [info] Scanned user extensions: 8
[2018-08-28 05:17:08.598] [sharedprocess] [info] Scanned user extensions: 8
[2018-08-28 05:22:08.603] [sharedprocess] [info] Scanned user extensions: 8
[2018-08-28 05:27:08.608] [sharedprocess] [info] Scanned user extensions: 8
[2018-08-28 05:32:08.613] [sharedprocess] [info] Scanned user extensions: 8
[2018-08-28 05:37:08.618] [sharedprocess] [info] Scanned user extensions: 8
[2018-08-28 05:42:08.624] [sharedprocess] [info] Scanned user extensions: 8
[2018-08-28 05:47:08.629] [sharedprocess] [info] Scanned user extensions: 8
[2018-08-28 05:52:08.634] [sharedprocess] [info] Scanned user extensions: 8
[2018-08-28 05:57:08.640] [sharedprocess] [info] Scanned user extensions: 8
[2018-08-28 06:02:08.647] [sharedprocess] [info] Scanned user extensions: 8
[2018-08-28 06:07:08.653] [sharedprocess] [info] Scanned user extensions: 8
[2018-08-28 06:12:08.659] [sharedprocess] [info] Scanned user extensions: 8
[2018-08-28 06:17:08.665] [sharedprocess] [info] Scanned user extensions: 8
[2018-08-28 06:22:08.673] [sharedprocess] [info] Scanned user extensions: 8
[2018-08-28 06:27:08.679] [sharedprocess] [info] Scanned user extensions: 8
[2018-08-28 06:32:08.684] [sharedprocess] [info] Scanned user extensions: 8
[2018-08-28 06:37:08.690] [sharedprocess] [info] Scanned user extensions: 8
[2018-08-28 06:42:08.696] [sharedprocess] [info] Scanned user extensions: 8
[2018-08-28 06:47:08.703] [sharedprocess] [info] Scanned user extensions: 8
[2018-08-28 06:52:08.714] [sharedprocess] [info] Scanned user extensions: 8
[2018-08-28 06:57:08.719] [sharedprocess] [info] Scanned user extensions: 8
[2018-08-28 07:02:08.724] [sharedprocess] [info] Scanned user extensions: 8
[2018-08-28 07:07:08.729] [sharedprocess] [info] Scanned user extensions: 8
[2018-08-28 07:12:08.736] [sharedprocess] [info] Scanned user extensions: 8
[2018-08-28 07:17:08.743] [sharedprocess] [info] Scanned user extensions: 8
[2018-08-28 07:22:08.749] [sharedprocess] [info] Scanned user extensions: 8
[2018-08-28 07:27:08.755] [sharedprocess] [info] Scanned user extensions: 8
[2018-08-28 07:32:08.761] [sharedprocess] [info] Scanned user extensions: 8
[2018-08-28 07:37:08.767] [sharedprocess] [info] Scanned user extensions: 8
[2018-08-28 07:42:08.772] [sharedprocess] [info] Scanned user extensions: 8
[2018-08-28 07:47:08.777] [sharedprocess] [info] Scanned user extensions: 8
[2018-08-28 07:52:08.782] [sharedprocess] [info] Scanned user extensions: 8
[2018-08-28 07:57:08.788] [sharedprocess] [info] Scanned user extensions: 8
[2018-08-28 08:02:08.794] [sharedprocess] [info] Scanned user extensions: 8
[2018-08-28 08:07:08.800] [sharedprocess] [info] Scanned user extensions: 8
[2018-08-28 08:12:08.805] [sharedprocess] [info] Scanned user extensions: 8
[2018-08-28 08:17:08.811] [sharedprocess] [info] Scanned user extensions: 8
[2018-08-28 08:22:08.818] [sharedprocess] [info] Scanned user extensions: 8
[2018-08-28 08:27:08.824] [sharedprocess] [info] Scanned user extensions: 8
[2018-08-28 08:32:08.830] [sharedprocess] [info] Scanned user extensions: 8
[2018-08-28 08:37:08.834] [sharedprocess] [info] Scanned user extensions: 8
[2018-08-28 08:42:08.840] [sharedprocess] [info] Scanned user extensions: 8
[2018-08-28 08:47:08.845] [sharedprocess] [info] Scanned user extensions: 8
[2018-08-28 08:52:08.852] [sharedprocess] [info] Scanned user extensions: 8
[2018-08-28 08:57:08.857] [sharedprocess] [info] Scanned user extensions: 8
[2018-08-28 09:02:08.864] [sharedprocess] [info] Scanned user extensions: 8
[2018-08-28 09:07:08.870] [sharedprocess] [info] Scanned user extensions: 8
[2018-08-28 09:12:08.875] [sharedprocess] [info] Scanned user extensions: 8
[2018-08-28 09:17:08.880] [sharedprocess] [info] Scanned user extensions: 8
[2018-08-28 09:22:08.885] [sharedprocess] [info] Scanned user extensions: 8
[2018-08-28 09:27:08.890] [sharedprocess] [info] Scanned user extensions: 8
[2018-08-28 09:32:08.896] [sharedprocess] [info] Scanned user extensions: 8
[2018-08-28 09:37:08.901] [sharedprocess] [info] Scanned user extensions: 8
[2018-08-28 09:42:08.907] [sharedprocess] [info] Scanned user extensions: 8
[2018-08-28 09:47:08.913] [sharedprocess] [info] Scanned user extensions: 8
[2018-08-28 09:52:08.918] [sharedprocess] [info] Scanned user extensions: 8
[2018-08-28 09:57:08.923] [sharedprocess] [info] Scanned user extensions: 8
[2018-08-28 10:02:08.930] [sharedprocess] [info] Scanned user extensions: 8
[2018-08-28 10:07:08.935] [sharedprocess] [info] Scanned user extensions: 8
[2018-08-28 10:12:08.942] [sharedprocess] [info] Scanned user extensions: 8
[2018-08-28 10:17:08.948] [sharedprocess] [info] Scanned user extensions: 8
[2018-08-28 10:22:08.953] [sharedprocess] [info] Scanned user extensions: 8
[2018-08-28 10:27:08.959] [sharedprocess] [info] Scanned user extensions: 8
[2018-08-28 10:32:08.966] [sharedprocess] [info] Scanned user extensions: 8
[2018-08-28 10:37:08.971] [sharedprocess] [info] Scanned user extensions: 8
[2018-08-28 10:42:08.978] [sharedprocess] [info] Scanned user extensions: 8
[2018-08-28 10:47:08.984] [sharedprocess] [info] Scanned user extensions: 8
[2018-08-28 10:52:08.989] [sharedprocess] [info] Scanned user extensions: 8
[2018-08-28 10:57:08.994] [sharedprocess] [info] Scanned user extensions: 8
[2018-08-28 11:02:09.001] [sharedprocess] [info] Scanned user extensions: 8
[2018-08-28 11:07:09.006] [sharedprocess] [info] Scanned user extensions: 8
[2018-08-28 11:12:09.011] [sharedprocess] [info] Scanned user extensions: 8
[2018-08-28 11:17:09.017] [sharedprocess] [info] Scanned user extensions: 8
[2018-08-28 11:22:09.022] [sharedprocess] [info] Scanned user extensions: 8
[2018-08-28 11:27:09.027] [sharedprocess] [info] Scanned user extensions: 8
[2018-08-28 11:32:09.033] [sharedprocess] [info] Scanned user extensions: 8
[2018-08-28 11:37:09.038] [sharedprocess] [info] Scanned user extensions: 8
[2018-08-28 11:42:09.045] [sharedprocess] [info] Scanned user extensions: 8
[2018-08-28 11:47:09.052] [sharedprocess] [info] Scanned user extensions: 8
[2018-08-28 11:52:09.061] [sharedprocess] [info] Scanned user extensions: 8
[2018-08-28 11:57:09.067] [sharedprocess] [info] Scanned user extensions: 8
[2018-08-28 12:02:09.074] [sharedprocess] [info] Scanned user extensions: 8
[2018-08-28 12:07:09.080] [sharedprocess] [info] Scanned user extensions: 8
[2018-08-28 12:12:09.085] [sharedprocess] [info] Scanned user extensions: 8
[2018-08-28 12:17:09.092] [sharedprocess] [info] Scanned user extensions: 8
[2018-08-28 12:22:09.098] [sharedprocess] [info] Scanned user extensions: 8
[2018-08-28 12:27:09.105] [sharedprocess] [info] Scanned user extensions: 8
[2018-08-28 12:32:09.112] [sharedprocess] [info] Scanned user extensions: 8
[2018-08-28 12:37:09.118] [sharedprocess] [info] Scanned user extensions: 8
[2018-08-28 12:42:09.123] [sharedprocess] [info] Scanned user extensions: 8
[2018-08-28 12:47:09.130] [sharedprocess] [info] Scanned user extensions: 8
[2018-08-28 12:52:09.136] [sharedprocess] [info] Scanned user extensions: 8
[2018-08-28 12:57:09.140] [sharedprocess] [info] Scanned user extensions: 8
[2018-08-28 13:02:09.147] [sharedprocess] [info] Scanned user extensions: 8
[2018-08-28 13:07:09.154] [sharedprocess] [info] Scanned user extensions: 8
[2018-08-28 13:12:09.159] [sharedprocess] [info] Scanned user extensions: 8
[2018-08-28 13:17:09.165] [sharedprocess] [info] Scanned user extensions: 8
[2018-08-28 13:22:09.172] [sharedprocess] [info] Scanned user extensions: 8
[2018-08-28 13:27:09.179] [sharedprocess] [info] Scanned user extensions: 8
[2018-08-28 13:32:09.185] [sharedprocess] [info] Scanned user extensions: 8
[2018-08-28 13:37:09.190] [sharedprocess] [info] Scanned user extensions: 8
[2018-08-28 13:42:09.195] [sharedprocess] [info] Scanned user extensions: 8
[2018-08-28 13:47:09.202] [sharedprocess] [info] Scanned user extensions: 8
[2018-08-28 13:52:09.209] [sharedprocess] [info] Scanned user extensions: 8
[2018-08-28 13:57:09.214] [sharedprocess] [info] Scanned user extensions: 8
[2018-08-28 14:02:09.223] [sharedprocess] [info] Scanned user extensions: 8
[2018-08-28 14:07:09.229] [sharedprocess] [info] Scanned user extensions: 8
[2018-08-28 14:12:09.236] [sharedprocess] [info] Scanned user extensions: 8
[2018-08-28 14:17:09.242] [sharedprocess] [info] Scanned user extensions: 8
[2018-08-28 14:22:09.247] [sharedprocess] [info] Scanned user extensions: 8
[2018-08-28 14:27:09.252] [sharedprocess] [info] Scanned user extensions: 8
[2018-08-28 14:32:09.257] [sharedprocess] [info] Scanned user extensions: 8
[2018-08-28 14:37:09.262] [sharedprocess] [info] Scanned user extensions: 8
[2018-08-28 14:42:09.267] [sharedprocess] [info] Scanned user extensions: 8
[2018-08-28 14:47:09.273] [sharedprocess] [info] Scanned user extensions: 8
[2018-08-28 14:52:09.279] [sharedprocess] [info] Scanned user extensions: 8
[2018-08-28 14:57:09.284] [sharedprocess] [info] Scanned user extensions: 8
[2018-08-28 15:02:09.289] [sharedprocess] [info] Scanned user extensions: 8
[2018-08-28 15:07:09.294] [sharedprocess] [info] Scanned user extensions: 8
[2018-08-28 15:12:09.299] [sharedprocess] [info] Scanned user extensions: 8
[2018-08-28 15:17:09.304] [sharedprocess] [info] Scanned user extensions: 8
[2018-08-28 15:22:09.309] [sharedprocess] [info] Scanned user extensions: 8
[2018-08-28 15:27:09.315] [sharedprocess] [info] Scanned user extensions: 8
[2018-08-28 15:32:09.320] [sharedprocess] [info] Scanned user extensions: 8
[2018-08-28 15:37:09.325] [sharedprocess] [info] Scanned user extensions: 8
[2018-08-28 15:42:09.333] [sharedprocess] [info] Scanned user extensions: 8
[2018-08-28 15:47:09.338] [sharedprocess] [info] Scanned user extensions: 8
[2018-08-28 15:52:09.344] [sharedprocess] [info] Scanned user extensions: 8
[2018-08-28 15:57:09.350] [sharedprocess] [info] Scanned user extensions: 8
[2018-08-28 16:02:09.357] [sharedprocess] [info] Scanned user extensions: 8
[2018-08-28 16:07:09.362] [sharedprocess] [info] Scanned user extensions: 8
[2018-08-28 16:12:09.368] [sharedprocess] [info] Scanned user extensions: 8
[2018-08-28 16:17:09.375] [sharedprocess] [info] Scanned user extensions: 8
[2018-08-28 16:22:09.381] [sharedprocess] [info] Scanned user extensions: 8
[2018-08-28 16:27:09.388] [sharedprocess] [info] Scanned user extensions: 8
[2018-08-28 16:32:09.394] [sharedprocess] [info] Scanned user extensions: 8
[2018-08-28 16:37:09.399] [sharedprocess] [info] Scanned user extensions: 8
[2018-08-28 16:42:09.404] [sharedprocess] [info] Scanned user extensions: 8
[2018-08-28 16:47:09.409] [sharedprocess] [info] Scanned user extensions: 8
[2018-08-28 16:52:09.414] [sharedprocess] [info] Scanned user extensions: 8
[2018-08-28 16:57:09.422] [sharedprocess] [info] Scanned user extensions: 8
[2018-08-28 17:02:09.427] [sharedprocess] [info] Scanned user extensions: 8
[2018-08-28 17:07:09.433] [sharedprocess] [info] Scanned user extensions: 8
[2018-08-28 17:12:09.441] [sharedprocess] [info] Scanned user extensions: 8
[2018-08-28 17:17:09.448] [sharedprocess] [info] Scanned user extensions: 8
[2018-08-28 17:22:09.455] [sharedprocess] [info] Scanned user extensions: 8
[2018-08-28 17:27:09.463] [sharedprocess] [info] Scanned user extensions: 8
[2018-08-28 17:32:09.473] [sharedprocess] [info] Scanned user extensions: 8
[2018-08-28 17:37:09.485] [sharedprocess] [info] Scanned user extensions: 8
[2018-08-28 17:42:09.498] [sharedprocess] [info] Scanned user extensions: 8
[2018-08-28 17:47:09.507] [sharedprocess] [info] Scanned user extensions: 8
[2018-08-28 17:52:09.514] [sharedprocess] [info] Scanned user extensions: 8
[2018-08-28 17:57:09.522] [sharedprocess] [info] Scanned user extensions: 8
[2018-08-28 18:02:09.528] [sharedprocess] [info] Scanned user extensions: 8
[2018-08-28 18:07:09.534] [sharedprocess] [info] Scanned user extensions: 8
[2018-08-28 18:12:09.541] [sharedprocess] [info] Scanned user extensions: 8
[2018-08-28 18:17:09.547] [sharedprocess] [info] Scanned user extensions: 8
[2018-08-28 18:22:09.553] [sharedprocess] [info] Scanned user extensions: 8
[2018-08-28 18:27:09.561] [sharedprocess] [info] Scanned user extensions: 8
[2018-08-28 18:32:09.570] [sharedprocess] [info] Scanned user extensions: 8
[2018-08-28 18:37:09.578] [sharedprocess] [info] Scanned user extensions: 8
[2018-08-28 18:42:09.587] [sharedprocess] [info] Scanned user extensions: 8
[2018-08-28 18:47:09.592] [sharedprocess] [info] Scanned user extensions: 8
[2018-08-28 18:52:09.598] [sharedprocess] [info] Scanned user extensions: 8
[2018-08-28 18:57:09.604] [sharedprocess] [info] Scanned user extensions: 8
[2018-08-28 19:02:09.612] [sharedprocess] [info] Scanned user extensions: 8
[2018-08-28 19:07:09.619] [sharedprocess] [info] Scanned user extensions: 8
[2018-08-28 19:12:09.625] [sharedprocess] [info] Scanned user extensions: 8
[2018-08-28 19:17:09.637] [sharedprocess] [info] Scanned user extensions: 8
[2018-08-28 19:22:09.645] [sharedprocess] [info] Scanned user extensions: 8
[2018-08-28 19:27:09.653] [sharedprocess] [info] Scanned user extensions: 8
[2018-08-28 19:32:09.661] [sharedprocess] [info] Scanned user extensions: 8
[2018-08-28 19:37:09.668] [sharedprocess] [info] Scanned user extensions: 8
[2018-08-28 19:42:09.678] [sharedprocess] [info] Scanned user extensions: 8
[2018-08-28 19:47:09.687] [sharedprocess] [info] Scanned user extensions: 8
[2018-08-28 19:52:09.694] [sharedprocess] [info] Scanned user extensions: 8
[2018-08-28 19:57:09.706] [sharedprocess] [info] Scanned user extensions: 8
[2018-08-28 20:02:09.716] [sharedprocess] [info] Scanned user extensions: 8
[2018-08-28 20:07:09.722] [sharedprocess] [info] Scanned user extensions: 8
[2018-08-28 20:12:09.730] [sharedprocess] [info] Scanned user extensions: 8
[2018-08-28 20:17:09.736] [sharedprocess] [info] Scanned user extensions: 8
[2018-08-28 20:22:09.743] [sharedprocess] [info] Scanned user extensions: 8
[2018-08-28 20:27:09.749] [sharedprocess] [info] Scanned user extensions: 8
[2018-08-28 20:32:09.757] [sharedprocess] [info] Scanned user extensions: 8
[2018-08-28 20:37:09.763] [sharedprocess] [info] Scanned user extensions: 8
[2018-08-28 20:42:09.769] [sharedprocess] [info] Scanned user extensions: 8
[2018-08-28 20:47:09.774] [sharedprocess] [info] Scanned user extensions: 8
[2018-08-28 20:52:09.779] [sharedprocess] [info] Scanned user extensions: 8
[2018-08-28 20:57:09.785] [sharedprocess] [info] Scanned user extensions: 8
[2018-08-28 21:02:09.793] [sharedprocess] [info] Scanned user extensions: 8
[2018-08-28 21:07:09.804] [sharedprocess] [info] Scanned user extensions: 8
[2018-08-28 21:12:09.817] [sharedprocess] [info] Scanned user extensions: 8
[2018-08-28 21:17:09.824] [sharedprocess] [info] Scanned user extensions: 8
[2018-08-28 21:22:09.831] [sharedprocess] [info] Scanned user extensions: 8
[2018-08-28 21:27:09.840] [sharedprocess] [info] Scanned user extensions: 8
[2018-08-28 21:32:09.851] [sharedprocess] [info] Scanned user extensions: 8
[2018-08-28 21:37:09.862] [sharedprocess] [info] Scanned user extensions: 8
[2018-08-28 21:42:09.874] [sharedprocess] [info] Scanned user extensions: 8
[2018-08-28 21:47:09.885] [sharedprocess] [info] Scanned user extensions: 8
[2018-08-28 21:52:09.892] [sharedprocess] [info] Scanned user extensions: 8
[2018-08-28 21:57:09.897] [sharedprocess] [info] Scanned user extensions: 8
[2018-08-28 22:02:09.903] [sharedprocess] [info] Scanned user extensions: 8
[2018-08-28 22:07:09.909] [sharedprocess] [info] Scanned user extensions: 8
[2018-08-28 22:12:09.915] [sharedprocess] [info] Scanned user extensions: 8
[2018-08-28 22:17:09.920] [sharedprocess] [info] Scanned user extensions: 8
[2018-08-28 22:22:09.929] [sharedprocess] [info] Scanned user extensions: 8
[2018-08-28 22:27:09.941] [sharedprocess] [info] Scanned user extensions: 8
[2018-08-28 22:32:09.952] [sharedprocess] [info] Scanned user extensions: 8
[2018-08-28 22:37:09.959] [sharedprocess] [info] Scanned user extensions: 8
[2018-08-28 22:42:09.968] [sharedprocess] [info] Scanned user extensions: 8
[2018-08-28 22:47:09.979] [sharedprocess] [info] Scanned user extensions: 8
[2018-08-28 22:52:09.985] [sharedprocess] [info] Scanned user extensions: 8
[2018-08-28 22:57:09.990] [sharedprocess] [info] Scanned user extensions: 8
[2018-08-28 23:02:10.001] [sharedprocess] [info] Scanned user extensions: 8
[2018-08-28 23:07:10.013] [sharedprocess] [info] Scanned user extensions: 8
[2018-08-28 23:12:10.022] [sharedprocess] [info] Scanned user extensions: 8
[2018-08-28 23:17:10.034] [sharedprocess] [info] Scanned user extensions: 8
[2018-08-28 23:22:10.044] [sharedprocess] [info] Scanned user extensions: 8
[2018-08-28 23:27:10.051] [sharedprocess] [info] Scanned user extensions: 8
[2018-08-28 23:32:10.063] [sharedprocess] [info] Scanned user extensions: 8
[2018-08-28 23:37:10.072] [sharedprocess] [info] Scanned user extensions: 8
[2018-08-28 23:42:10.081] [sharedprocess] [info] Scanned user extensions: 8
[2018-08-28 23:47:10.091] [sharedprocess] [info] Scanned user extensions: 8
[2018-08-28 23:52:10.098] [sharedprocess] [info] Scanned user extensions: 8
[2018-08-28 23:57:10.103] [sharedprocess] [info] Scanned user extensions: 8
[2018-08-29 00:02:10.110] [sharedprocess] [info] Scanned user extensions: 8
[2018-08-29 00:07:10.117] [sharedprocess] [info] Scanned user extensions: 8
[2018-08-29 00:12:10.126] [sharedprocess] [info] Scanned user extensions: 8
[2018-08-29 00:17:10.135] [sharedprocess] [info] Scanned user extensions: 8
[2018-08-29 00:22:10.140] [sharedprocess] [info] Scanned user extensions: 8
[2018-08-29 00:27:10.148] [sharedprocess] [info] Scanned user extensions: 8
[2018-08-29 00:32:10.159] [sharedprocess] [info] Scanned user extensions: 8
[2018-08-29 00:37:10.169] [sharedprocess] [info] Scanned user extensions: 8
[2018-08-29 00:42:10.176] [sharedprocess] [info] Scanned user extensions: 8
[2018-08-29 00:47:10.184] [sharedprocess] [info] Scanned user extensions: 8
[2018-08-29 00:52:10.194] [sharedprocess] [info] Scanned user extensions: 8
[2018-08-29 00:57:10.204] [sharedprocess] [info] Scanned user extensions: 8
[2018-08-29 01:02:10.213] [sharedprocess] [info] Scanned user extensions: 8
[2018-08-29 01:07:10.223] [sharedprocess] [info] Scanned user extensions: 8
[2018-08-29 01:12:10.235] [sharedprocess] [info] Scanned user extensions: 8
[2018-08-29 01:17:10.242] [sharedprocess] [info] Scanned user extensions: 8
[2018-08-29 01:22:10.249] [sharedprocess] [info] Scanned user extensions: 8
[2018-08-29 01:27:10.255] [sharedprocess] [info] Scanned user extensions: 8
[2018-08-29 01:32:10.262] [sharedprocess] [info] Scanned user extensions: 8
[2018-08-29 01:37:10.267] [sharedprocess] [info] Scanned user extensions: 8
[2018-08-29 01:42:10.273] [sharedprocess] [info] Scanned user extensions: 8
[2018-08-29 01:47:10.279] [sharedprocess] [info] Scanned user extensions: 8
[2018-08-29 01:52:10.285] [sharedprocess] [info] Scanned user extensions: 8
[2018-08-29 01:57:10.292] [sharedprocess] [info] Scanned user extensions: 8
[2018-08-29 02:02:10.301] [sharedprocess] [info] Scanned user extensions: 8
[2018-08-29 02:07:10.307] [sharedprocess] [info] Scanned user extensions: 8
[2018-08-29 02:12:10.312] [sharedprocess] [info] Scanned user extensions: 8
[2018-08-29 02:17:10.318] [sharedprocess] [info] Scanned user extensions: 8
[2018-08-29 02:22:10.324] [sharedprocess] [info] Scanned user extensions: 8
[2018-08-29 02:27:10.330] [sharedprocess] [info] Scanned user extensions: 8
[2018-08-29 02:32:10.339] [sharedprocess] [info] Scanned user extensions: 8
[2018-08-29 02:37:10.345] [sharedprocess] [info] Scanned user extensions: 8
[2018-08-29 02:42:10.350] [sharedprocess] [info] Scanned user extensions: 8
[2018-08-29 02:47:10.355] [sharedprocess] [info] Scanned user extensions: 8
[2018-08-29 02:52:10.360] [sharedprocess] [info] Scanned user extensions: 8
[2018-08-29 02:57:10.365] [sharedprocess] [info] Scanned user extensions: 8
[2018-08-29 03:02:10.374] [sharedprocess] [info] Scanned user extensions: 8
[2018-08-29 03:07:10.383] [sharedprocess] [info] Scanned user extensions: 8
[2018-08-29 03:12:10.391] [sharedprocess] [info] Scanned user extensions: 8
[2018-08-29 03:17:10.399] [sharedprocess] [info] Scanned user extensions: 8
[2018-08-29 03:22:10.406] [sharedprocess] [info] Scanned user extensions: 8
[2018-08-29 03:27:10.415] [sharedprocess] [info] Scanned user extensions: 8
[2018-08-29 03:32:10.423] [sharedprocess] [info] Scanned user extensions: 8
[2018-08-29 03:37:10.429] [sharedprocess] [info] Scanned user extensions: 8
[2018-08-29 03:42:10.437] [sharedprocess] [info] Scanned user extensions: 8
[2018-08-29 03:47:10.444] [sharedprocess] [info] Scanned user extensions: 8
[2018-08-29 03:52:10.453] [sharedprocess] [info] Scanned user extensions: 8
[2018-08-29 03:57:10.463] [sharedprocess] [info] Scanned user extensions: 8
[2018-08-29 04:02:10.477] [sharedprocess] [info] Scanned user extensions: 8
[2018-08-29 04:07:10.485] [sharedprocess] [info] Scanned user extensions: 8
[2018-08-29 04:12:10.494] [sharedprocess] [info] Scanned user extensions: 8
[2018-08-29 04:17:10.503] [sharedprocess] [info] Scanned user extensions: 8
[2018-08-29 04:22:10.511] [sharedprocess] [info] Scanned user extensions: 8
[2018-08-29 04:27:10.517] [sharedprocess] [info] Scanned user extensions: 8
[2018-08-29 04:32:10.526] [sharedprocess] [info] Scanned user extensions: 8
[2018-08-29 04:37:10.532] [sharedprocess] [info] Scanned user extensions: 8
[2018-08-29 04:42:10.541] [sharedprocess] [info] Scanned user extensions: 8
[2018-08-29 04:47:10.548] [sharedprocess] [info] Scanned user extensions: 8
[2018-08-29 04:52:10.559] [sharedprocess] [info] Scanned user extensions: 8
[2018-08-29 04:57:10.567] [sharedprocess] [info] Scanned user extensions: 8
[2018-08-29 05:02:10.576] [sharedprocess] [info] Scanned user extensions: 8
[2018-08-29 05:07:10.586] [sharedprocess] [info] Scanned user extensions: 8
[2018-08-29 05:12:10.598] [sharedprocess] [info] Scanned user extensions: 8
[2018-08-29 05:17:10.609] [sharedprocess] [info] Scanned user extensions: 8
[2018-08-29 05:22:10.616] [sharedprocess] [info] Scanned user extensions: 8
[2018-08-29 05:27:10.621] [sharedprocess] [info] Scanned user extensions: 8
[2018-08-29 05:32:10.635] [sharedprocess] [info] Scanned user extensions: 8
[2018-08-29 05:37:10.643] [sharedprocess] [info] Scanned user extensions: 8
[2018-08-29 05:42:10.649] [sharedprocess] [info] Scanned user extensions: 8
[2018-08-29 05:47:10.656] [sharedprocess] [info] Scanned user extensions: 8
[2018-08-29 05:52:10.664] [sharedprocess] [info] Scanned user extensions: 8
[2018-08-29 05:57:10.670] [sharedprocess] [info] Scanned user extensions: 8
[2018-08-29 06:02:10.680] [sharedprocess] [info] Scanned user extensions: 8
[2018-08-29 06:07:10.693] [sharedprocess] [info] Scanned user extensions: 8
[2018-08-29 06:12:10.703] [sharedprocess] [info] Scanned user extensions: 8
[2018-08-29 06:17:10.713] [sharedprocess] [info] Scanned user extensions: 8
[2018-08-29 06:22:10.720] [sharedprocess] [info] Scanned user extensions: 8
[2018-08-29 06:27:10.727] [sharedprocess] [info] Scanned user extensions: 8
[2018-08-29 06:32:10.741] [sharedprocess] [info] Scanned user extensions: 8
[2018-08-29 06:37:10.748] [sharedprocess] [info] Scanned user extensions: 8
[2018-08-29 06:42:10.757] [sharedprocess] [info] Scanned user extensions: 8
[2018-08-29 06:47:10.768] [sharedprocess] [info] Scanned user extensions: 8
[2018-08-29 06:52:10.777] [sharedprocess] [info] Scanned user extensions: 8
[2018-08-29 06:57:10.783] [sharedprocess] [info] Scanned user extensions: 8
[2018-08-29 07:02:10.794] [sharedprocess] [info] Scanned user extensions: 8
[2018-08-29 07:07:10.802] [sharedprocess] [info] Scanned user extensions: 8
[2018-08-29 07:12:10.807] [sharedprocess] [info] Scanned user extensions: 8
[2018-08-29 07:17:10.814] [sharedprocess] [info] Scanned user extensions: 8
[2018-08-29 07:22:10.821] [sharedprocess] [info] Scanned user extensions: 8
[2018-08-29 07:27:10.829] [sharedprocess] [info] Scanned user extensions: 8
[2018-08-29 07:32:10.839] [sharedprocess] [info] Scanned user extensions: 8
[2018-08-29 07:37:10.847] [sharedprocess] [info] Scanned user extensions: 8
[2018-08-29 07:42:10.855] [sharedprocess] [info] Scanned user extensions: 8
[2018-08-29 07:47:10.866] [sharedprocess] [info] Scanned user extensions: 8
[2018-08-29 07:52:10.876] [sharedprocess] [info] Scanned user extensions: 8
[2018-08-29 07:57:10.883] [sharedprocess] [info] Scanned user extensions: 8
[2018-08-29 08:02:10.897] [sharedprocess] [info] Scanned user extensions: 8
