[2018-08-29 18:10:37.425] [exthost1] [info] extension host started
[2018-08-29 18:10:37.440] [exthost1] [info] ExtensionService#_doActivateExtension vscode.debug-auto-launch {"startup":true,"activationEvent":"*"}
[2018-08-29 18:10:37.440] [exthost1] [info] ExtensionService#loadCommonJSModule /usr/share/code-oss/resources/app/extensions/debug-auto-launch/out/extension
[2018-08-29 18:10:37.449] [exthost1] [info] ExtensionService#_doActivateExtension vscode.emmet {"startup":true,"activationEvent":"*"}
[2018-08-29 18:10:37.449] [exthost1] [info] ExtensionService#loadCommonJSModule /usr/share/code-oss/resources/app/extensions/emmet/out/extension
[2018-08-29 18:10:37.487] [exthost1] [info] ExtensionService#_doActivateExtension vscode.git {"startup":true,"activationEvent":"*"}
[2018-08-29 18:10:37.487] [exthost1] [info] ExtensionService#loadCommonJSModule /usr/share/code-oss/resources/app/extensions/git/out/main
[2018-08-29 18:10:37.606] [exthost1] [info] ExtensionService#_doActivateExtension vscode.merge-conflict {"startup":true,"activationEvent":"*"}
[2018-08-29 18:10:37.606] [exthost1] [info] ExtensionService#loadCommonJSModule /usr/share/code-oss/resources/app/extensions/merge-conflict/out/extension
[2018-08-29 18:10:37.615] [exthost1] [info] ExtensionService#_doActivateExtension vscode.search-rg {"startup":true,"activationEvent":"*"}
[2018-08-29 18:10:37.615] [exthost1] [info] ExtensionService#loadCommonJSModule /usr/share/code-oss/resources/app/extensions/search-rg/out/extension
[2018-08-29 18:10:37.620] [exthost1] [info] ExtensionService#_doActivateExtension Equinusocio.vsc-material-theme {"startup":true,"activationEvent":"*"}
[2018-08-29 18:10:37.620] [exthost1] [info] ExtensionService#loadCommonJSModule /home/vito/.vscode-oss/extensions/equinusocio.vsc-material-theme-2.3.0/extensions/material.theme.config.js
[2018-08-29 18:10:37.627] [exthost1] [info] ExtensionService#_doActivateExtension monokai.theme-monokai-pro-vscode {"startup":true,"activationEvent":"*"}
[2018-08-29 18:10:37.627] [exthost1] [info] ExtensionService#loadCommonJSModule /home/vito/.vscode-oss/extensions/monokai.theme-monokai-pro-vscode-1.1.8/js/main
[2018-08-29 18:10:37.636] [exthost1] [info] ExtensionService#_doActivateExtension vscode.python {"startup":false,"activationEvent":"onLanguage:python"}
[2018-08-29 18:10:37.636] [exthost1] [info] ExtensionService#loadCommonJSModule /usr/share/code-oss/resources/app/extensions/python/out/pythonMain
[2018-08-29 18:10:37.637] [exthost1] [info] ExtensionService#_doActivateExtension ms-python.python {"startup":false,"activationEvent":"onLanguage:python"}
[2018-08-29 18:10:37.637] [exthost1] [info] ExtensionService#loadCommonJSModule /home/vito/.vscode-oss/extensions/ms-python.python-2018.7.1/out/client/extension
[2018-08-29 18:10:38.759] [exthost1] [info] eager extensions activated
[2018-08-29 18:26:36.932] [exthost1] [info] ExtensionService#_doActivateExtension vscode.configuration-editing {"startup":false,"activationEvent":"onLanguage:jsonc"}
[2018-08-29 18:26:36.932] [exthost1] [info] ExtensionService#loadCommonJSModule /usr/share/code-oss/resources/app/extensions/configuration-editing/out/extension
[2018-08-29 18:26:36.943] [exthost1] [info] ExtensionService#_doActivateExtension vscode.json-language-features {"startup":false,"activationEvent":"onLanguage:jsonc"}
[2018-08-29 18:26:36.943] [exthost1] [info] ExtensionService#loadCommonJSModule /usr/share/code-oss/resources/app/extensions/json-language-features/client/out/jsonMain
[2018-08-29 18:32:53.560] [exthost1] [info] ExtensionService#_doActivateExtension vscode.html-language-features {"startup":false,"activationEvent":"onLanguage:html"}
[2018-08-29 18:32:53.560] [exthost1] [info] ExtensionService#loadCommonJSModule /usr/share/code-oss/resources/app/extensions/html-language-features/client/out/htmlMain
[2018-08-30 21:10:18.102] [exthost1] [info] ExtensionService#_doActivateExtension vscode.css-language-features {"startup":false,"activationEvent":"onLanguage:css"}
[2018-08-30 21:10:18.102] [exthost1] [info] ExtensionService#loadCommonJSModule /usr/share/code-oss/resources/app/extensions/css-language-features/client/out/cssMain
[2018-08-30 21:14:04.484] [exthost1] [info] ExtensionService#_doActivateExtension vscode.typescript-language-features {"startup":false,"activationEvent":"onLanguage:javascript"}
[2018-08-30 21:14:04.484] [exthost1] [info] ExtensionService#loadCommonJSModule /usr/share/code-oss/resources/app/extensions/typescript-language-features/out/extension
[2018-08-31 00:01:31.539] [exthost1] [info] extension host started
[2018-08-31 00:01:31.552] [exthost1] [info] ExtensionService#_doActivateExtension vscode.debug-auto-launch {"startup":true,"activationEvent":"*"}
[2018-08-31 00:01:31.552] [exthost1] [info] ExtensionService#loadCommonJSModule /usr/share/code-oss/resources/app/extensions/debug-auto-launch/out/extension
[2018-08-31 00:01:31.560] [exthost1] [info] ExtensionService#_doActivateExtension vscode.emmet {"startup":true,"activationEvent":"*"}
[2018-08-31 00:01:31.560] [exthost1] [info] ExtensionService#loadCommonJSModule /usr/share/code-oss/resources/app/extensions/emmet/out/extension
[2018-08-31 00:01:31.614] [exthost1] [info] ExtensionService#_doActivateExtension vscode.git {"startup":true,"activationEvent":"*"}
[2018-08-31 00:01:31.614] [exthost1] [info] ExtensionService#loadCommonJSModule /usr/share/code-oss/resources/app/extensions/git/out/main
[2018-08-31 00:01:31.780] [exthost1] [info] ExtensionService#_doActivateExtension vscode.merge-conflict {"startup":true,"activationEvent":"*"}
[2018-08-31 00:01:31.780] [exthost1] [info] ExtensionService#loadCommonJSModule /usr/share/code-oss/resources/app/extensions/merge-conflict/out/extension
[2018-08-31 00:01:31.791] [exthost1] [info] ExtensionService#_doActivateExtension vscode.search-rg {"startup":true,"activationEvent":"*"}
[2018-08-31 00:01:31.791] [exthost1] [info] ExtensionService#loadCommonJSModule /usr/share/code-oss/resources/app/extensions/search-rg/out/extension
[2018-08-31 00:01:31.797] [exthost1] [info] ExtensionService#_doActivateExtension Equinusocio.vsc-material-theme {"startup":true,"activationEvent":"*"}
[2018-08-31 00:01:31.797] [exthost1] [info] ExtensionService#loadCommonJSModule /home/vito/.vscode-oss/extensions/equinusocio.vsc-material-theme-2.3.0/extensions/material.theme.config.js
[2018-08-31 00:01:31.807] [exthost1] [info] ExtensionService#_doActivateExtension monokai.theme-monokai-pro-vscode {"startup":true,"activationEvent":"*"}
[2018-08-31 00:01:31.807] [exthost1] [info] ExtensionService#loadCommonJSModule /home/vito/.vscode-oss/extensions/monokai.theme-monokai-pro-vscode-1.1.8/js/main
[2018-08-31 00:01:31.820] [exthost1] [info] ExtensionService#_doActivateExtension vscode.python {"startup":false,"activationEvent":"onLanguage:python"}
[2018-08-31 00:01:31.820] [exthost1] [info] ExtensionService#loadCommonJSModule /usr/share/code-oss/resources/app/extensions/python/out/pythonMain
[2018-08-31 00:01:31.821] [exthost1] [info] ExtensionService#_doActivateExtension ms-python.python {"startup":false,"activationEvent":"onLanguage:python"}
[2018-08-31 00:01:31.821] [exthost1] [info] ExtensionService#loadCommonJSModule /home/vito/.vscode-oss/extensions/ms-python.python-2018.7.1/out/client/extension
[2018-08-31 00:01:32.558] [exthost1] [info] ExtensionService#_doActivateExtension vscode.configuration-editing {"startup":false,"activationEvent":"onLanguage:jsonc"}
[2018-08-31 00:01:32.558] [exthost1] [info] ExtensionService#loadCommonJSModule /usr/share/code-oss/resources/app/extensions/configuration-editing/out/extension
[2018-08-31 00:01:32.567] [exthost1] [info] ExtensionService#_doActivateExtension vscode.json-language-features {"startup":false,"activationEvent":"onLanguage:jsonc"}
[2018-08-31 00:01:32.567] [exthost1] [info] ExtensionService#loadCommonJSModule /usr/share/code-oss/resources/app/extensions/json-language-features/client/out/jsonMain
[2018-08-31 00:01:32.664] [exthost1] [info] ExtensionService#_doActivateExtension vscode.html-language-features {"startup":false,"activationEvent":"onLanguage:html"}
[2018-08-31 00:01:32.665] [exthost1] [info] ExtensionService#loadCommonJSModule /usr/share/code-oss/resources/app/extensions/html-language-features/client/out/htmlMain
[2018-08-31 00:01:32.746] [exthost1] [info] ExtensionService#_doActivateExtension vscode.css-language-features {"startup":false,"activationEvent":"onLanguage:css"}
[2018-08-31 00:01:32.746] [exthost1] [info] ExtensionService#loadCommonJSModule /usr/share/code-oss/resources/app/extensions/css-language-features/client/out/cssMain
[2018-08-31 00:01:32.792] [exthost1] [info] ExtensionService#_doActivateExtension vscode.typescript-language-features {"startup":false,"activationEvent":"onLanguage:javascript"}
[2018-08-31 00:01:32.792] [exthost1] [info] ExtensionService#loadCommonJSModule /usr/share/code-oss/resources/app/extensions/typescript-language-features/out/extension
[2018-08-31 00:01:32.874] [exthost1] [info] ExtensionService#_doActivateExtension vscode.extension-editing {"startup":false,"activationEvent":"onLanguage:json"}
[2018-08-31 00:01:32.874] [exthost1] [info] ExtensionService#loadCommonJSModule /usr/share/code-oss/resources/app/extensions/extension-editing/out/extension
[2018-08-31 00:01:32.887] [exthost1] [info] ExtensionService#_doActivateExtension vscode.npm {"startup":false,"activationEvent":"onLanguage:json"}
[2018-08-31 00:01:32.887] [exthost1] [info] ExtensionService#loadCommonJSModule /usr/share/code-oss/resources/app/extensions/npm/out/main
[2018-08-31 00:01:33.616] [exthost1] [info] eager extensions activated
