[2018-08-29 18:10:37.171] [renderer1] [info] no standard startup: not running latest version
[2018-08-30 21:41:22.956] [renderer1] [error] cannot open file:///home/vito/Documents/Netrounds/netrounds_portal/netrounds_portal/static_cdn. Detail: File is directory: Error: cannot open file:///home/vito/Documents/Netrounds/netrounds_portal/netrounds_portal/static_cdn. Detail: File is directory
    at file:///usr/share/code-oss/resources/app/out/vs/workbench/workbench.main.js:4236:621
    at Object.v [as _notify] (file:///usr/share/code-oss/resources/app/out/vs/workbench/workbench.main.js:152:302)
    at Object.enter (file:///usr/share/code-oss/resources/app/out/vs/workbench/workbench.main.js:155:568)
    at n.Class.derive._creator._run (file:///usr/share/code-oss/resources/app/out/vs/workbench/workbench.main.js:156:902)
    at n.Class.derive._creator._chainedError (file:///usr/share/code-oss/resources/app/out/vs/workbench/workbench.main.js:156:261)
    at n (file:///usr/share/code-oss/resources/app/out/vs/workbench/workbench.main.js:154:40)
    at n.Class.define.cancel.then (file:///usr/share/code-oss/resources/app/out/vs/workbench/workbench.main.js:157:736)
    at Object.enter (file:///usr/share/code-oss/resources/app/out/vs/workbench/workbench.main.js:154:109)
    at n.Class.derive._creator._run (file:///usr/share/code-oss/resources/app/out/vs/workbench/workbench.main.js:156:902)
    at n.Class.derive._creator._setCompleteValue (file:///usr/share/code-oss/resources/app/out/vs/workbench/workbench.main.js:156:596)
    at Object.v [as _notify] (file:///usr/share/code-oss/resources/app/out/vs/workbench/workbench.main.js:152:284)
    at Object.enter (file:///usr/share/code-oss/resources/app/out/vs/workbench/workbench.main.js:155:568)
    at n.Class.derive._creator._run (file:///usr/share/code-oss/resources/app/out/vs/workbench/workbench.main.js:156:902)
    at n.Class.derive._creator._chainedError (file:///usr/share/code-oss/resources/app/out/vs/workbench/workbench.main.js:156:261)
    at n (file:///usr/share/code-oss/resources/app/out/vs/workbench/workbench.main.js:154:40)
    at n.Class.define.cancel.then (file:///usr/share/code-oss/resources/app/out/vs/workbench/workbench.main.js:157:736)
    at Object.enter (file:///usr/share/code-oss/resources/app/out/vs/workbench/workbench.main.js:154:109)
    at n.Class.derive._creator._run (file:///usr/share/code-oss/resources/app/out/vs/workbench/workbench.main.js:156:902)
    at n.Class.derive._creator._setCompleteValue (file:///usr/share/code-oss/resources/app/out/vs/workbench/workbench.main.js:156:596)
    at Object.v [as _notify] (file:///usr/share/code-oss/resources/app/out/vs/workbench/workbench.main.js:152:284)
    at Object.enter (file:///usr/share/code-oss/resources/app/out/vs/workbench/workbench.main.js:155:568)
    at n.Class.derive._creator._run (file:///usr/share/code-oss/resources/app/out/vs/workbench/workbench.main.js:156:902)
    at n.Class.derive._creator._chainedError (file:///usr/share/code-oss/resources/app/out/vs/workbench/workbench.main.js:156:261)
    at n (file:///usr/share/code-oss/resources/app/out/vs/workbench/workbench.main.js:154:40)
    at n.Class.define.cancel.then (file:///usr/share/code-oss/resources/app/out/vs/workbench/workbench.main.js:157:736)
    at Object.enter (file:///usr/share/code-oss/resources/app/out/vs/workbench/workbench.main.js:154:109)
    at n.Class.derive._creator._run (file:///usr/share/code-oss/resources/app/out/vs/workbench/workbench.main.js:156:902)
    at n.Class.derive._creator._setCompleteValue (file:///usr/share/code-oss/resources/app/out/vs/workbench/workbench.main.js:156:596)
    at Object.v [as _notify] (file:///usr/share/code-oss/resources/app/out/vs/workbench/workbench.main.js:152:284)
    at Object.enter (file:///usr/share/code-oss/resources/app/out/vs/workbench/workbench.main.js:155:568)
    at n.Class.derive._creator._run (file:///usr/share/code-oss/resources/app/out/vs/workbench/workbench.main.js:156:902)
    at n.Class.derive._creator._chainedError (file:///usr/share/code-oss/resources/app/out/vs/workbench/workbench.main.js:156:261)
    at n (file:///usr/share/code-oss/resources/app/out/vs/workbench/workbench.main.js:154:40)
    at n.Class.define.cancel.then (file:///usr/share/code-oss/resources/app/out/vs/workbench/workbench.main.js:157:736)
    at Object.enter (file:///usr/share/code-oss/resources/app/out/vs/workbench/workbench.main.js:154:109)
    at n.Class.derive._creator._run (file:///usr/share/code-oss/resources/app/out/vs/workbench/workbench.main.js:156:902)
    at n.Class.derive._creator._setCompleteValue (file:///usr/share/code-oss/resources/app/out/vs/workbench/workbench.main.js:156:596)
    at Object.v [as _notify] (file:///usr/share/code-oss/resources/app/out/vs/workbench/workbench.main.js:152:284)
    at Object.enter (file:///usr/share/code-oss/resources/app/out/vs/workbench/workbench.main.js:155:568)
    at n.Class.derive._creator._run (file:///usr/share/code-oss/resources/app/out/vs/workbench/workbench.main.js:156:902)
    at n.Class.derive._creator._chainedError (file:///usr/share/code-oss/resources/app/out/vs/workbench/workbench.main.js:156:261)
    at n (file:///usr/share/code-oss/resources/app/out/vs/workbench/workbench.main.js:154:40)
    at n.Class.define.cancel.then (file:///usr/share/code-oss/resources/app/out/vs/workbench/workbench.main.js:157:736)
    at Object.enter (file:///usr/share/code-oss/resources/app/out/vs/workbench/workbench.main.js:154:109)
    at n.Class.derive._creator._run (file:///usr/share/code-oss/resources/app/out/vs/workbench/workbench.main.js:156:902)
    at n.Class.derive._creator._setCompleteValue (file:///usr/share/code-oss/resources/app/out/vs/workbench/workbench.main.js:156:596)
    at Object.v [as _notify] (file:///usr/share/code-oss/resources/app/out/vs/workbench/workbench.main.js:152:284)
    at Object.enter (file:///usr/share/code-oss/resources/app/out/vs/workbench/workbench.main.js:155:568)
    at n.Class.derive._oncancel._run (file:///usr/share/code-oss/resources/app/out/vs/workbench/workbench.main.js:156:902)
    at n.Class.derive._oncancel._error (file:///usr/share/code-oss/resources/app/out/vs/workbench/workbench.main.js:156:419)
    at l (file:///usr/share/code-oss/resources/app/out/vs/workbench/workbench.main.js:159:962)
    at file:///usr/share/code-oss/resources/app/out/vs/workbench/workbench.main.js:160:70
    at Object.v [as _notify] (file:///usr/share/code-oss/resources/app/out/vs/workbench/workbench.main.js:152:302)
    at Object.enter (file:///usr/share/code-oss/resources/app/out/vs/workbench/workbench.main.js:155:568)
    at n.Class.derive._creator._run (file:///usr/share/code-oss/resources/app/out/vs/workbench/workbench.main.js:156:902)
    at n.Class.derive._creator._chainedError (file:///usr/share/code-oss/resources/app/out/vs/workbench/workbench.main.js:156:261)
    at n (file:///usr/share/code-oss/resources/app/out/vs/workbench/workbench.main.js:154:40)
    at n.Class.define.cancel.then (file:///usr/share/code-oss/resources/app/out/vs/workbench/workbench.main.js:157:736)
    at Object.enter (file:///usr/share/code-oss/resources/app/out/vs/workbench/workbench.main.js:154:109)
    at n.Class.derive._creator._run (file:///usr/share/code-oss/resources/app/out/vs/workbench/workbench.main.js:156:902)
    at n.Class.derive._creator._setCompleteValue (file:///usr/share/code-oss/resources/app/out/vs/workbench/workbench.main.js:156:596)
    at Object.g [as _notify] (file:///usr/share/code-oss/resources/app/out/vs/workbench/workbench.main.js:151:709)
    at Object.enter (file:///usr/share/code-oss/resources/app/out/vs/workbench/workbench.main.js:155:61)
    at n.Class.derive._creator._run (file:///usr/share/code-oss/resources/app/out/vs/workbench/workbench.main.js:156:902)
    at n.Class.derive._creator._completed (file:///usr/share/code-oss/resources/app/out/vs/workbench/workbench.main.js:156:343)
    at Object.g [as _notify] (file:///usr/share/code-oss/resources/app/out/vs/workbench/workbench.main.js:151:729)
    at Object.enter (file:///usr/share/code-oss/resources/app/out/vs/workbench/workbench.main.js:155:61)
    at n.Class.derive._oncancel._run (file:///usr/share/code-oss/resources/app/out/vs/workbench/workbench.main.js:156:902)
    at n.Class.derive._oncancel._completed (file:///usr/share/code-oss/resources/app/out/vs/workbench/workbench.main.js:156:343)
    at file:///usr/share/code-oss/resources/app/out/vs/workbench/workbench.main.js:3262:478
    at file:///usr/share/code-oss/resources/app/out/vs/workbench/workbench.main.js:3263:355
    at file:///usr/share/code-oss/resources/app/out/vs/workbench/workbench.main.js:274:992
    at Function.<anonymous> (file:///usr/share/code-oss/resources/app/out/vs/workbench/workbench.main.js:3263:113)
    at file:///usr/share/code-oss/resources/app/out/vs/workbench/workbench.main.js:274:599
    at s (file:///usr/share/code-oss/resources/app/out/vs/workbench/workbench.main.js:274:130)
    at file:///usr/share/code-oss/resources/app/out/vs/workbench/workbench.main.js:274:234
    at _combinedTickCallback (internal/process/next_tick.js:131:7)
    at process._tickCallback (internal/process/next_tick.js:180:9)
[2018-08-30 21:41:37.844] [renderer1] [error] cannot open file:///home/vito/Documents/Netrounds/netrounds_portal/netrounds_portal/static. Detail: File is directory: Error: cannot open file:///home/vito/Documents/Netrounds/netrounds_portal/netrounds_portal/static. Detail: File is directory
    at file:///usr/share/code-oss/resources/app/out/vs/workbench/workbench.main.js:4236:621
    at Object.v [as _notify] (file:///usr/share/code-oss/resources/app/out/vs/workbench/workbench.main.js:152:302)
    at Object.enter (file:///usr/share/code-oss/resources/app/out/vs/workbench/workbench.main.js:155:568)
    at n.Class.derive._creator._run (file:///usr/share/code-oss/resources/app/out/vs/workbench/workbench.main.js:156:902)
    at n.Class.derive._creator._chainedError (file:///usr/share/code-oss/resources/app/out/vs/workbench/workbench.main.js:156:261)
    at n (file:///usr/share/code-oss/resources/app/out/vs/workbench/workbench.main.js:154:40)
    at n.Class.define.cancel.then (file:///usr/share/code-oss/resources/app/out/vs/workbench/workbench.main.js:157:736)
    at Object.enter (file:///usr/share/code-oss/resources/app/out/vs/workbench/workbench.main.js:154:109)
    at n.Class.derive._creator._run (file:///usr/share/code-oss/resources/app/out/vs/workbench/workbench.main.js:156:902)
    at n.Class.derive._creator._setCompleteValue (file:///usr/share/code-oss/resources/app/out/vs/workbench/workbench.main.js:156:596)
    at Object.v [as _notify] (file:///usr/share/code-oss/resources/app/out/vs/workbench/workbench.main.js:152:284)
    at Object.enter (file:///usr/share/code-oss/resources/app/out/vs/workbench/workbench.main.js:155:568)
    at n.Class.derive._creator._run (file:///usr/share/code-oss/resources/app/out/vs/workbench/workbench.main.js:156:902)
    at n.Class.derive._creator._chainedError (file:///usr/share/code-oss/resources/app/out/vs/workbench/workbench.main.js:156:261)
    at n (file:///usr/share/code-oss/resources/app/out/vs/workbench/workbench.main.js:154:40)
    at n.Class.define.cancel.then (file:///usr/share/code-oss/resources/app/out/vs/workbench/workbench.main.js:157:736)
    at Object.enter (file:///usr/share/code-oss/resources/app/out/vs/workbench/workbench.main.js:154:109)
    at n.Class.derive._creator._run (file:///usr/share/code-oss/resources/app/out/vs/workbench/workbench.main.js:156:902)
    at n.Class.derive._creator._setCompleteValue (file:///usr/share/code-oss/resources/app/out/vs/workbench/workbench.main.js:156:596)
    at Object.v [as _notify] (file:///usr/share/code-oss/resources/app/out/vs/workbench/workbench.main.js:152:284)
    at Object.enter (file:///usr/share/code-oss/resources/app/out/vs/workbench/workbench.main.js:155:568)
    at n.Class.derive._creator._run (file:///usr/share/code-oss/resources/app/out/vs/workbench/workbench.main.js:156:902)
    at n.Class.derive._creator._chainedError (file:///usr/share/code-oss/resources/app/out/vs/workbench/workbench.main.js:156:261)
    at n (file:///usr/share/code-oss/resources/app/out/vs/workbench/workbench.main.js:154:40)
    at n.Class.define.cancel.then (file:///usr/share/code-oss/resources/app/out/vs/workbench/workbench.main.js:157:736)
    at Object.enter (file:///usr/share/code-oss/resources/app/out/vs/workbench/workbench.main.js:154:109)
    at n.Class.derive._creator._run (file:///usr/share/code-oss/resources/app/out/vs/workbench/workbench.main.js:156:902)
    at n.Class.derive._creator._setCompleteValue (file:///usr/share/code-oss/resources/app/out/vs/workbench/workbench.main.js:156:596)
    at Object.v [as _notify] (file:///usr/share/code-oss/resources/app/out/vs/workbench/workbench.main.js:152:284)
    at Object.enter (file:///usr/share/code-oss/resources/app/out/vs/workbench/workbench.main.js:155:568)
    at n.Class.derive._creator._run (file:///usr/share/code-oss/resources/app/out/vs/workbench/workbench.main.js:156:902)
    at n.Class.derive._creator._chainedError (file:///usr/share/code-oss/resources/app/out/vs/workbench/workbench.main.js:156:261)
    at n (file:///usr/share/code-oss/resources/app/out/vs/workbench/workbench.main.js:154:40)
    at n.Class.define.cancel.then (file:///usr/share/code-oss/resources/app/out/vs/workbench/workbench.main.js:157:736)
    at Object.enter (file:///usr/share/code-oss/resources/app/out/vs/workbench/workbench.main.js:154:109)
    at n.Class.derive._creator._run (file:///usr/share/code-oss/resources/app/out/vs/workbench/workbench.main.js:156:902)
    at n.Class.derive._creator._setCompleteValue (file:///usr/share/code-oss/resources/app/out/vs/workbench/workbench.main.js:156:596)
    at Object.v [as _notify] (file:///usr/share/code-oss/resources/app/out/vs/workbench/workbench.main.js:152:284)
    at Object.enter (file:///usr/share/code-oss/resources/app/out/vs/workbench/workbench.main.js:155:568)
    at n.Class.derive._creator._run (file:///usr/share/code-oss/resources/app/out/vs/workbench/workbench.main.js:156:902)
    at n.Class.derive._creator._chainedError (file:///usr/share/code-oss/resources/app/out/vs/workbench/workbench.main.js:156:261)
    at n (file:///usr/share/code-oss/resources/app/out/vs/workbench/workbench.main.js:154:40)
    at n.Class.define.cancel.then (file:///usr/share/code-oss/resources/app/out/vs/workbench/workbench.main.js:157:736)
    at Object.enter (file:///usr/share/code-oss/resources/app/out/vs/workbench/workbench.main.js:154:109)
    at n.Class.derive._creator._run (file:///usr/share/code-oss/resources/app/out/vs/workbench/workbench.main.js:156:902)
    at n.Class.derive._creator._setCompleteValue (file:///usr/share/code-oss/resources/app/out/vs/workbench/workbench.main.js:156:596)
    at Object.v [as _notify] (file:///usr/share/code-oss/resources/app/out/vs/workbench/workbench.main.js:152:284)
    at Object.enter (file:///usr/share/code-oss/resources/app/out/vs/workbench/workbench.main.js:155:568)
    at n.Class.derive._oncancel._run (file:///usr/share/code-oss/resources/app/out/vs/workbench/workbench.main.js:156:902)
    at n.Class.derive._oncancel._error (file:///usr/share/code-oss/resources/app/out/vs/workbench/workbench.main.js:156:419)
    at l (file:///usr/share/code-oss/resources/app/out/vs/workbench/workbench.main.js:159:962)
    at file:///usr/share/code-oss/resources/app/out/vs/workbench/workbench.main.js:160:70
    at Object.v [as _notify] (file:///usr/share/code-oss/resources/app/out/vs/workbench/workbench.main.js:152:302)
    at Object.enter (file:///usr/share/code-oss/resources/app/out/vs/workbench/workbench.main.js:155:568)
    at n.Class.derive._creator._run (file:///usr/share/code-oss/resources/app/out/vs/workbench/workbench.main.js:156:902)
    at n.Class.derive._creator._chainedError (file:///usr/share/code-oss/resources/app/out/vs/workbench/workbench.main.js:156:261)
    at n (file:///usr/share/code-oss/resources/app/out/vs/workbench/workbench.main.js:154:40)
    at n.Class.define.cancel.then (file:///usr/share/code-oss/resources/app/out/vs/workbench/workbench.main.js:157:736)
    at Object.enter (file:///usr/share/code-oss/resources/app/out/vs/workbench/workbench.main.js:154:109)
    at n.Class.derive._creator._run (file:///usr/share/code-oss/resources/app/out/vs/workbench/workbench.main.js:156:902)
    at n.Class.derive._creator._setCompleteValue (file:///usr/share/code-oss/resources/app/out/vs/workbench/workbench.main.js:156:596)
    at Object.g [as _notify] (file:///usr/share/code-oss/resources/app/out/vs/workbench/workbench.main.js:151:709)
    at Object.enter (file:///usr/share/code-oss/resources/app/out/vs/workbench/workbench.main.js:155:61)
    at n.Class.derive._creator._run (file:///usr/share/code-oss/resources/app/out/vs/workbench/workbench.main.js:156:902)
    at n.Class.derive._creator._completed (file:///usr/share/code-oss/resources/app/out/vs/workbench/workbench.main.js:156:343)
    at Object.g [as _notify] (file:///usr/share/code-oss/resources/app/out/vs/workbench/workbench.main.js:151:729)
    at Object.enter (file:///usr/share/code-oss/resources/app/out/vs/workbench/workbench.main.js:155:61)
    at n.Class.derive._oncancel._run (file:///usr/share/code-oss/resources/app/out/vs/workbench/workbench.main.js:156:902)
    at n.Class.derive._oncancel._completed (file:///usr/share/code-oss/resources/app/out/vs/workbench/workbench.main.js:156:343)
    at file:///usr/share/code-oss/resources/app/out/vs/workbench/workbench.main.js:3262:478
    at file:///usr/share/code-oss/resources/app/out/vs/workbench/workbench.main.js:3263:355
    at file:///usr/share/code-oss/resources/app/out/vs/workbench/workbench.main.js:274:992
    at Function.<anonymous> (file:///usr/share/code-oss/resources/app/out/vs/workbench/workbench.main.js:3263:113)
    at file:///usr/share/code-oss/resources/app/out/vs/workbench/workbench.main.js:274:599
    at s (file:///usr/share/code-oss/resources/app/out/vs/workbench/workbench.main.js:274:130)
    at file:///usr/share/code-oss/resources/app/out/vs/workbench/workbench.main.js:274:234
    at _combinedTickCallback (internal/process/next_tick.js:131:7)
    at process._tickCallback (internal/process/next_tick.js:180:9)
[2018-08-30 22:52:52.730] [renderer1] [error] Cannot read property 'start' of undefined: TypeError: Cannot read property 'start' of undefined
	at Object.isStyleAttribute (/usr/share/code-oss/resources/app/extensions/emmet/out/util.js:537:57)
	at DefaultCompletionItemProvider.provideCompletionItemsInternal (/usr/share/code-oss/resources/app/extensions/emmet/out/defaultCompletionProvider.js:71:28)
	at DefaultCompletionItemProvider.provideCompletionItems (/usr/share/code-oss/resources/app/extensions/emmet/out/defaultCompletionProvider.js:12:39)
	at /usr/share/code-oss/resources/app/out/vs/workbench/node/extensionHostProcess.js:741:784
	at /usr/share/code-oss/resources/app/out/vs/workbench/node/extensionHostProcess.js:110:323
	at new n.Class.derive._oncancel (/usr/share/code-oss/resources/app/out/vs/workbench/node/extensionHostProcess.js:84:776)
	at Object.t.asWinJsPromise (/usr/share/code-oss/resources/app/out/vs/workbench/node/extensionHostProcess.js:110:286)
	at e.provideCompletionItems (/usr/share/code-oss/resources/app/out/vs/workbench/node/extensionHostProcess.js:741:738)
	at /usr/share/code-oss/resources/app/out/vs/workbench/node/extensionHostProcess.js:754:10
	at e._withAdapter (/usr/share/code-oss/resources/app/out/vs/workbench/node/extensionHostProcess.js:747:177)
	at e.$provideCompletionItems (/usr/share/code-oss/resources/app/out/vs/workbench/node/extensionHostProcess.js:753:987)
	at e._doInvokeHandler (/usr/share/code-oss/resources/app/out/vs/workbench/node/extensionHostProcess.js:671:983)
	at e._invokeHandler (/usr/share/code-oss/resources/app/out/vs/workbench/node/extensionHostProcess.js:671:701)
	at e._receiveRequest (/usr/share/code-oss/resources/app/out/vs/workbench/node/extensionHostProcess.js:670:767)
	at e._receiveOneMessage (/usr/share/code-oss/resources/app/out/vs/workbench/node/extensionHostProcess.js:670:536)
	at /usr/share/code-oss/resources/app/out/vs/workbench/node/extensionHostProcess.js:669:452
	at /usr/share/code-oss/resources/app/out/vs/workbench/node/extensionHostProcess.js:672:575
	at /usr/share/code-oss/resources/app/out/vs/workbench/node/extensionHostProcess.js:96:903
	at e.fire (/usr/share/code-oss/resources/app/out/vs/workbench/node/extensionHostProcess.js:98:218)
	at a (/usr/share/code-oss/resources/app/out/vs/workbench/node/extensionHostProcess.js:162:713)
	at Socket._socketDataListener (/usr/share/code-oss/resources/app/out/vs/workbench/node/extensionHostProcess.js:162:932)
	at emitOne (events.js:116:13)
	at Socket.emit (events.js:211:7)
	at addChunk (_stream_readable.js:263:12)
	at readableAddChunk (_stream_readable.js:250:11)
	at Socket.Readable.push (_stream_readable.js:208:10)
	at Pipe.onread (net.js:594:20)
[2018-08-30 22:55:37.904] [renderer1] [error] Cannot read property 'start' of undefined: TypeError: Cannot read property 'start' of undefined
	at Object.isStyleAttribute (/usr/share/code-oss/resources/app/extensions/emmet/out/util.js:537:57)
	at DefaultCompletionItemProvider.provideCompletionItemsInternal (/usr/share/code-oss/resources/app/extensions/emmet/out/defaultCompletionProvider.js:71:28)
	at DefaultCompletionItemProvider.provideCompletionItems (/usr/share/code-oss/resources/app/extensions/emmet/out/defaultCompletionProvider.js:12:39)
	at /usr/share/code-oss/resources/app/out/vs/workbench/node/extensionHostProcess.js:741:784
	at /usr/share/code-oss/resources/app/out/vs/workbench/node/extensionHostProcess.js:110:323
	at new n.Class.derive._oncancel (/usr/share/code-oss/resources/app/out/vs/workbench/node/extensionHostProcess.js:84:776)
	at Object.t.asWinJsPromise (/usr/share/code-oss/resources/app/out/vs/workbench/node/extensionHostProcess.js:110:286)
	at e.provideCompletionItems (/usr/share/code-oss/resources/app/out/vs/workbench/node/extensionHostProcess.js:741:738)
	at /usr/share/code-oss/resources/app/out/vs/workbench/node/extensionHostProcess.js:754:10
	at e._withAdapter (/usr/share/code-oss/resources/app/out/vs/workbench/node/extensionHostProcess.js:747:177)
	at e.$provideCompletionItems (/usr/share/code-oss/resources/app/out/vs/workbench/node/extensionHostProcess.js:753:987)
	at e._doInvokeHandler (/usr/share/code-oss/resources/app/out/vs/workbench/node/extensionHostProcess.js:671:983)
	at e._invokeHandler (/usr/share/code-oss/resources/app/out/vs/workbench/node/extensionHostProcess.js:671:701)
	at e._receiveRequest (/usr/share/code-oss/resources/app/out/vs/workbench/node/extensionHostProcess.js:670:767)
	at e._receiveOneMessage (/usr/share/code-oss/resources/app/out/vs/workbench/node/extensionHostProcess.js:670:536)
	at /usr/share/code-oss/resources/app/out/vs/workbench/node/extensionHostProcess.js:669:452
	at /usr/share/code-oss/resources/app/out/vs/workbench/node/extensionHostProcess.js:672:575
	at /usr/share/code-oss/resources/app/out/vs/workbench/node/extensionHostProcess.js:96:903
	at e.fire (/usr/share/code-oss/resources/app/out/vs/workbench/node/extensionHostProcess.js:98:218)
	at a (/usr/share/code-oss/resources/app/out/vs/workbench/node/extensionHostProcess.js:162:713)
	at Socket._socketDataListener (/usr/share/code-oss/resources/app/out/vs/workbench/node/extensionHostProcess.js:162:932)
	at emitOne (events.js:116:13)
	at Socket.emit (events.js:211:7)
	at addChunk (_stream_readable.js:263:12)
	at readableAddChunk (_stream_readable.js:250:11)
	at Socket.Readable.push (_stream_readable.js:208:10)
	at Pipe.onread (net.js:594:20)
[2018-08-31 00:04:52.973] [renderer1] [info] No grammar found for scope text.html.javadoc
