[2018-08-29 18:10:39.041] [sharedprocess] [info] main {"machineId":"fb1d8074a8008de4bd901dbb6385ee608f730dc9a8e32fdeafe862f447821eed"}
[2018-08-29 18:10:39.110] [sharedprocess] [info] Scanned user extensions: 8
[2018-08-29 18:10:39.125] [sharedprocess] [info] Scanned user extensions: 8
[2018-08-29 18:10:39.128] [sharedprocess] [info] Scanned user extensions: 8
[2018-08-29 18:10:39.160] [sharedprocess] [info] Scanned system extensions: 71
[2018-08-29 18:10:39.162] [sharedprocess] [info] Scanned system extensions: 71
[2018-08-29 18:10:40.140] [sharedprocess] [info] Scanned user extensions: 8
[2018-08-29 18:10:40.152] [sharedprocess] [info] Scanned user extensions: 8
[2018-08-29 18:11:19.043] [sharedprocess] [info] Starting to clean up unused language packs.
[2018-08-29 18:15:40.168] [sharedprocess] [info] Scanned user extensions: 8
[2018-08-29 18:20:40.174] [sharedprocess] [info] Scanned user extensions: 8
[2018-08-29 18:25:40.183] [sharedprocess] [info] Scanned user extensions: 8
[2018-08-29 18:30:40.189] [sharedprocess] [info] Scanned user extensions: 8
[2018-08-29 18:35:40.201] [sharedprocess] [info] Scanned user extensions: 8
[2018-08-29 18:40:40.209] [sharedprocess] [info] Scanned user extensions: 8
[2018-08-29 18:45:40.217] [sharedprocess] [info] Scanned user extensions: 8
[2018-08-29 18:50:40.226] [sharedprocess] [info] Scanned user extensions: 8
[2018-08-29 18:55:40.232] [sharedprocess] [info] Scanned user extensions: 8
[2018-08-29 19:00:40.240] [sharedprocess] [info] Scanned user extensions: 8
[2018-08-29 19:05:40.246] [sharedprocess] [info] Scanned user extensions: 8
[2018-08-29 19:10:40.254] [sharedprocess] [info] Scanned user extensions: 8
[2018-08-29 19:15:40.260] [sharedprocess] [info] Scanned user extensions: 8
[2018-08-29 19:20:40.267] [sharedprocess] [info] Scanned user extensions: 8
[2018-08-29 19:25:40.277] [sharedprocess] [info] Scanned user extensions: 8
[2018-08-29 19:30:40.283] [sharedprocess] [info] Scanned user extensions: 8
[2018-08-29 19:35:40.293] [sharedprocess] [info] Scanned user extensions: 8
[2018-08-29 19:40:40.302] [sharedprocess] [info] Scanned user extensions: 8
[2018-08-29 19:45:40.310] [sharedprocess] [info] Scanned user extensions: 8
[2018-08-29 19:50:40.315] [sharedprocess] [info] Scanned user extensions: 8
[2018-08-29 19:55:40.322] [sharedprocess] [info] Scanned user extensions: 8
[2018-08-29 20:00:40.328] [sharedprocess] [info] Scanned user extensions: 8
[2018-08-29 20:05:40.334] [sharedprocess] [info] Scanned user extensions: 8
[2018-08-29 20:10:40.341] [sharedprocess] [info] Scanned user extensions: 8
[2018-08-29 20:15:40.350] [sharedprocess] [info] Scanned user extensions: 8
[2018-08-29 20:20:40.358] [sharedprocess] [info] Scanned user extensions: 8
[2018-08-29 20:25:40.365] [sharedprocess] [info] Scanned user extensions: 8
[2018-08-29 20:30:40.372] [sharedprocess] [info] Scanned user extensions: 8
[2018-08-29 20:35:40.380] [sharedprocess] [info] Scanned user extensions: 8
[2018-08-29 20:40:40.388] [sharedprocess] [info] Scanned user extensions: 8
[2018-08-29 20:45:40.398] [sharedprocess] [info] Scanned user extensions: 8
[2018-08-29 20:50:40.404] [sharedprocess] [info] Scanned user extensions: 8
[2018-08-29 20:55:40.410] [sharedprocess] [info] Scanned user extensions: 8
[2018-08-29 21:00:40.418] [sharedprocess] [info] Scanned user extensions: 8
[2018-08-29 21:05:40.426] [sharedprocess] [info] Scanned user extensions: 8
[2018-08-29 21:10:40.435] [sharedprocess] [info] Scanned user extensions: 8
[2018-08-29 21:15:40.450] [sharedprocess] [info] Scanned user extensions: 8
[2018-08-29 21:20:40.456] [sharedprocess] [info] Scanned user extensions: 8
[2018-08-29 21:25:40.462] [sharedprocess] [info] Scanned user extensions: 8
[2018-08-29 21:30:40.469] [sharedprocess] [info] Scanned user extensions: 8
[2018-08-29 21:35:40.474] [sharedprocess] [info] Scanned user extensions: 8
[2018-08-29 21:40:40.481] [sharedprocess] [info] Scanned user extensions: 8
[2018-08-29 21:45:40.487] [sharedprocess] [info] Scanned user extensions: 8
[2018-08-29 21:50:40.501] [sharedprocess] [info] Scanned user extensions: 8
[2018-08-29 21:55:40.512] [sharedprocess] [info] Scanned user extensions: 8
[2018-08-29 22:00:40.525] [sharedprocess] [info] Scanned user extensions: 8
[2018-08-29 22:05:40.535] [sharedprocess] [info] Scanned user extensions: 8
[2018-08-29 22:10:40.543] [sharedprocess] [info] Scanned user extensions: 8
[2018-08-29 22:15:40.550] [sharedprocess] [info] Scanned user extensions: 8
[2018-08-29 22:20:40.556] [sharedprocess] [info] Scanned user extensions: 8
[2018-08-29 22:25:40.564] [sharedprocess] [info] Scanned user extensions: 8
[2018-08-29 22:30:40.576] [sharedprocess] [info] Scanned user extensions: 8
[2018-08-29 22:35:40.588] [sharedprocess] [info] Scanned user extensions: 8
[2018-08-29 22:40:40.598] [sharedprocess] [info] Scanned user extensions: 8
[2018-08-29 22:45:40.608] [sharedprocess] [info] Scanned user extensions: 8
[2018-08-29 22:50:40.622] [sharedprocess] [info] Scanned user extensions: 8
[2018-08-29 22:55:40.633] [sharedprocess] [info] Scanned user extensions: 8
[2018-08-29 23:00:40.644] [sharedprocess] [info] Scanned user extensions: 8
[2018-08-29 23:05:40.664] [sharedprocess] [info] Scanned user extensions: 8
[2018-08-29 23:10:40.676] [sharedprocess] [info] Scanned user extensions: 8
[2018-08-29 23:15:40.689] [sharedprocess] [info] Scanned user extensions: 8
[2018-08-29 23:20:40.696] [sharedprocess] [info] Scanned user extensions: 8
[2018-08-29 23:25:40.706] [sharedprocess] [info] Scanned user extensions: 8
[2018-08-29 23:30:40.715] [sharedprocess] [info] Scanned user extensions: 8
[2018-08-29 23:35:40.725] [sharedprocess] [info] Scanned user extensions: 8
[2018-08-29 23:40:40.734] [sharedprocess] [info] Scanned user extensions: 8
[2018-08-29 23:45:40.739] [sharedprocess] [info] Scanned user extensions: 8
[2018-08-29 23:50:40.751] [sharedprocess] [info] Scanned user extensions: 8
[2018-08-29 23:55:40.760] [sharedprocess] [info] Scanned user extensions: 8
[2018-08-30 00:00:40.769] [sharedprocess] [info] Scanned user extensions: 8
[2018-08-30 00:05:40.776] [sharedprocess] [info] Scanned user extensions: 8
[2018-08-30 00:10:40.783] [sharedprocess] [info] Scanned user extensions: 8
[2018-08-30 00:15:40.794] [sharedprocess] [info] Scanned user extensions: 8
[2018-08-30 00:20:40.805] [sharedprocess] [info] Scanned user extensions: 8
[2018-08-30 00:25:40.812] [sharedprocess] [info] Scanned user extensions: 8
[2018-08-30 00:30:40.820] [sharedprocess] [info] Scanned user extensions: 8
[2018-08-30 00:35:40.830] [sharedprocess] [info] Scanned user extensions: 8
[2018-08-30 00:40:40.837] [sharedprocess] [info] Scanned user extensions: 8
[2018-08-30 00:45:40.847] [sharedprocess] [info] Scanned user extensions: 8
[2018-08-30 00:50:40.857] [sharedprocess] [info] Scanned user extensions: 8
[2018-08-30 00:55:40.868] [sharedprocess] [info] Scanned user extensions: 8
[2018-08-30 01:00:40.876] [sharedprocess] [info] Scanned user extensions: 8
[2018-08-30 01:05:40.881] [sharedprocess] [info] Scanned user extensions: 8
[2018-08-30 01:10:40.893] [sharedprocess] [info] Scanned user extensions: 8
[2018-08-30 01:15:40.901] [sharedprocess] [info] Scanned user extensions: 8
[2018-08-30 01:20:40.906] [sharedprocess] [info] Scanned user extensions: 8
[2018-08-30 01:25:40.916] [sharedprocess] [info] Scanned user extensions: 8
[2018-08-30 01:30:40.924] [sharedprocess] [info] Scanned user extensions: 8
[2018-08-30 01:35:40.932] [sharedprocess] [info] Scanned user extensions: 8
[2018-08-30 01:40:40.944] [sharedprocess] [info] Scanned user extensions: 8
[2018-08-30 01:45:40.952] [sharedprocess] [info] Scanned user extensions: 8
[2018-08-30 01:50:40.959] [sharedprocess] [info] Scanned user extensions: 8
[2018-08-30 01:55:40.969] [sharedprocess] [info] Scanned user extensions: 8
[2018-08-30 02:00:40.982] [sharedprocess] [info] Scanned user extensions: 8
[2018-08-30 02:05:40.988] [sharedprocess] [info] Scanned user extensions: 8
[2018-08-30 02:10:40.996] [sharedprocess] [info] Scanned user extensions: 8
[2018-08-30 02:15:41.004] [sharedprocess] [info] Scanned user extensions: 8
[2018-08-30 02:20:41.010] [sharedprocess] [info] Scanned user extensions: 8
[2018-08-30 02:25:41.021] [sharedprocess] [info] Scanned user extensions: 8
[2018-08-30 02:30:41.028] [sharedprocess] [info] Scanned user extensions: 8
[2018-08-30 02:35:41.039] [sharedprocess] [info] Scanned user extensions: 8
[2018-08-30 02:40:41.047] [sharedprocess] [info] Scanned user extensions: 8
[2018-08-30 02:45:41.059] [sharedprocess] [info] Scanned user extensions: 8
[2018-08-30 02:50:41.066] [sharedprocess] [info] Scanned user extensions: 8
[2018-08-30 02:55:41.074] [sharedprocess] [info] Scanned user extensions: 8
[2018-08-30 03:00:41.081] [sharedprocess] [info] Scanned user extensions: 8
[2018-08-30 03:05:41.087] [sharedprocess] [info] Scanned user extensions: 8
[2018-08-30 03:10:41.092] [sharedprocess] [info] Scanned user extensions: 8
[2018-08-30 03:15:41.102] [sharedprocess] [info] Scanned user extensions: 8
[2018-08-30 03:20:41.112] [sharedprocess] [info] Scanned user extensions: 8
[2018-08-30 03:25:41.117] [sharedprocess] [info] Scanned user extensions: 8
[2018-08-30 03:30:41.126] [sharedprocess] [info] Scanned user extensions: 8
[2018-08-30 03:35:41.134] [sharedprocess] [info] Scanned user extensions: 8
[2018-08-30 03:40:41.145] [sharedprocess] [info] Scanned user extensions: 8
[2018-08-30 03:45:41.154] [sharedprocess] [info] Scanned user extensions: 8
[2018-08-30 03:50:41.160] [sharedprocess] [info] Scanned user extensions: 8
[2018-08-30 03:55:41.168] [sharedprocess] [info] Scanned user extensions: 8
[2018-08-30 04:00:41.176] [sharedprocess] [info] Scanned user extensions: 8
[2018-08-30 04:05:41.181] [sharedprocess] [info] Scanned user extensions: 8
[2018-08-30 04:10:41.194] [sharedprocess] [info] Scanned user extensions: 8
[2018-08-30 04:15:41.202] [sharedprocess] [info] Scanned user extensions: 8
[2018-08-30 04:20:41.208] [sharedprocess] [info] Scanned user extensions: 8
[2018-08-30 04:25:41.217] [sharedprocess] [info] Scanned user extensions: 8
[2018-08-30 04:30:41.229] [sharedprocess] [info] Scanned user extensions: 8
[2018-08-30 04:35:41.238] [sharedprocess] [info] Scanned user extensions: 8
[2018-08-30 04:40:41.250] [sharedprocess] [info] Scanned user extensions: 8
[2018-08-30 04:45:41.263] [sharedprocess] [info] Scanned user extensions: 8
[2018-08-30 04:50:41.270] [sharedprocess] [info] Scanned user extensions: 8
[2018-08-30 04:55:41.277] [sharedprocess] [info] Scanned user extensions: 8
[2018-08-30 05:00:41.285] [sharedprocess] [info] Scanned user extensions: 8
[2018-08-30 05:05:41.294] [sharedprocess] [info] Scanned user extensions: 8
[2018-08-30 05:10:41.301] [sharedprocess] [info] Scanned user extensions: 8
[2018-08-30 05:15:41.307] [sharedprocess] [info] Scanned user extensions: 8
[2018-08-30 05:20:41.314] [sharedprocess] [info] Scanned user extensions: 8
[2018-08-30 05:25:41.320] [sharedprocess] [info] Scanned user extensions: 8
[2018-08-30 05:30:41.326] [sharedprocess] [info] Scanned user extensions: 8
[2018-08-30 05:35:41.331] [sharedprocess] [info] Scanned user extensions: 8
[2018-08-30 05:40:41.336] [sharedprocess] [info] Scanned user extensions: 8
[2018-08-30 05:45:41.342] [sharedprocess] [info] Scanned user extensions: 8
[2018-08-30 05:50:41.352] [sharedprocess] [info] Scanned user extensions: 8
[2018-08-30 05:55:41.369] [sharedprocess] [info] Scanned user extensions: 8
[2018-08-30 06:00:41.383] [sharedprocess] [info] Scanned user extensions: 8
[2018-08-30 06:05:41.391] [sharedprocess] [info] Scanned user extensions: 8
[2018-08-30 06:10:41.249] [sharedprocess] [info] Installing extension: vsc-material-theme
[2018-08-30 06:10:41.252] [sharedprocess] [info] Scanned user extensions: 8
[2018-08-30 06:10:41.400] [sharedprocess] [info] Scanned user extensions: 8
[2018-08-30 06:10:42.242] [sharedprocess] [info] Downloaded extension: vsc-material-theme /tmp/5be67e0a-1be1-4062-9eb5-3bf6028191a8
[2018-08-30 06:10:42.688] [sharedprocess] [info] Extracted extension to /home/vito/.vscode-oss/extensions/.equinusocio.vsc-material-theme-2.4.1: equinusocio.vsc-material-theme-2.4.1
[2018-08-30 06:10:42.688] [sharedprocess] [info] Renamed to /home/vito/.vscode-oss/extensions/equinusocio.vsc-material-theme-2.4.1
[2018-08-30 06:10:42.688] [sharedprocess] [info] Installation completed. equinusocio.vsc-material-theme-2.4.1
[2018-08-30 06:10:42.693] [sharedprocess] [info] Extensions installed successfully: equinusocio.vsc-material-theme
[2018-08-30 06:10:42.803] [sharedprocess] [info] Scanned user extensions: 8
[2018-08-30 06:10:42.821] [sharedprocess] [info] Scanned system extensions: 71
[2018-08-30 06:15:41.406] [sharedprocess] [info] Scanned user extensions: 8
[2018-08-30 06:20:41.415] [sharedprocess] [info] Scanned user extensions: 8
[2018-08-30 06:25:41.430] [sharedprocess] [info] Scanned user extensions: 8
[2018-08-30 06:30:41.448] [sharedprocess] [info] Scanned user extensions: 8
[2018-08-30 06:35:41.456] [sharedprocess] [info] Scanned user extensions: 8
[2018-08-30 06:40:41.462] [sharedprocess] [info] Scanned user extensions: 8
[2018-08-30 06:45:41.470] [sharedprocess] [info] Scanned user extensions: 8
[2018-08-30 06:50:41.482] [sharedprocess] [info] Scanned user extensions: 8
[2018-08-30 06:55:41.489] [sharedprocess] [info] Scanned user extensions: 8
[2018-08-30 07:00:41.495] [sharedprocess] [info] Scanned user extensions: 8
[2018-08-30 07:05:41.501] [sharedprocess] [info] Scanned user extensions: 8
[2018-08-30 07:10:41.512] [sharedprocess] [info] Scanned user extensions: 8
[2018-08-30 07:15:41.523] [sharedprocess] [info] Scanned user extensions: 8
[2018-08-30 07:20:41.530] [sharedprocess] [info] Scanned user extensions: 8
[2018-08-30 07:25:41.538] [sharedprocess] [info] Scanned user extensions: 8
[2018-08-30 07:30:41.544] [sharedprocess] [info] Scanned user extensions: 8
[2018-08-30 07:35:41.549] [sharedprocess] [info] Scanned user extensions: 8
[2018-08-30 07:40:41.556] [sharedprocess] [info] Scanned user extensions: 8
[2018-08-30 07:45:41.564] [sharedprocess] [info] Scanned user extensions: 8
[2018-08-30 07:50:41.571] [sharedprocess] [info] Scanned user extensions: 8
[2018-08-30 07:55:41.584] [sharedprocess] [info] Scanned user extensions: 8
[2018-08-30 08:00:41.591] [sharedprocess] [info] Scanned user extensions: 8
[2018-08-30 08:05:41.597] [sharedprocess] [info] Scanned user extensions: 8
[2018-08-30 08:10:41.603] [sharedprocess] [info] Scanned user extensions: 8
[2018-08-30 08:15:41.610] [sharedprocess] [info] Scanned user extensions: 8
[2018-08-30 08:20:41.621] [sharedprocess] [info] Scanned user extensions: 8
[2018-08-30 08:25:41.630] [sharedprocess] [info] Scanned user extensions: 8
[2018-08-30 08:30:41.636] [sharedprocess] [info] Scanned user extensions: 8
[2018-08-30 08:35:41.647] [sharedprocess] [info] Scanned user extensions: 8
[2018-08-30 08:40:41.656] [sharedprocess] [info] Scanned user extensions: 8
[2018-08-30 08:45:41.662] [sharedprocess] [info] Scanned user extensions: 8
[2018-08-30 08:50:41.668] [sharedprocess] [info] Scanned user extensions: 8
[2018-08-30 08:55:41.674] [sharedprocess] [info] Scanned user extensions: 8
[2018-08-30 09:00:41.680] [sharedprocess] [info] Scanned user extensions: 8
[2018-08-30 09:05:41.686] [sharedprocess] [info] Scanned user extensions: 8
[2018-08-30 09:10:41.694] [sharedprocess] [info] Scanned user extensions: 8
[2018-08-30 09:15:41.703] [sharedprocess] [info] Scanned user extensions: 8
[2018-08-30 09:20:41.710] [sharedprocess] [info] Scanned user extensions: 8
[2018-08-30 09:25:41.715] [sharedprocess] [info] Scanned user extensions: 8
[2018-08-30 09:30:41.725] [sharedprocess] [info] Scanned user extensions: 8
[2018-08-30 09:35:41.738] [sharedprocess] [info] Scanned user extensions: 8
[2018-08-30 09:40:41.747] [sharedprocess] [info] Scanned user extensions: 8
[2018-08-30 09:45:41.756] [sharedprocess] [info] Scanned user extensions: 8
[2018-08-30 09:50:41.763] [sharedprocess] [info] Scanned user extensions: 8
[2018-08-30 09:55:41.770] [sharedprocess] [info] Scanned user extensions: 8
[2018-08-30 10:00:41.776] [sharedprocess] [info] Scanned user extensions: 8
[2018-08-30 10:05:41.784] [sharedprocess] [info] Scanned user extensions: 8
[2018-08-30 10:10:41.792] [sharedprocess] [info] Scanned user extensions: 8
[2018-08-30 10:15:41.798] [sharedprocess] [info] Scanned user extensions: 8
[2018-08-30 10:20:41.803] [sharedprocess] [info] Scanned user extensions: 8
[2018-08-30 10:25:41.812] [sharedprocess] [info] Scanned user extensions: 8
[2018-08-30 10:30:41.822] [sharedprocess] [info] Scanned user extensions: 8
[2018-08-30 10:35:41.829] [sharedprocess] [info] Scanned user extensions: 8
[2018-08-30 10:40:41.836] [sharedprocess] [info] Scanned user extensions: 8
[2018-08-30 10:45:41.841] [sharedprocess] [info] Scanned user extensions: 8
[2018-08-30 10:50:41.849] [sharedprocess] [info] Scanned user extensions: 8
[2018-08-30 10:55:41.855] [sharedprocess] [info] Scanned user extensions: 8
[2018-08-30 11:00:41.863] [sharedprocess] [info] Scanned user extensions: 8
[2018-08-30 11:05:41.871] [sharedprocess] [info] Scanned user extensions: 8
[2018-08-30 11:10:41.878] [sharedprocess] [info] Scanned user extensions: 8
[2018-08-30 11:15:41.886] [sharedprocess] [info] Scanned user extensions: 8
[2018-08-30 11:20:41.895] [sharedprocess] [info] Scanned user extensions: 8
[2018-08-30 11:25:41.907] [sharedprocess] [info] Scanned user extensions: 8
[2018-08-30 11:30:41.914] [sharedprocess] [info] Scanned user extensions: 8
[2018-08-30 11:35:41.920] [sharedprocess] [info] Scanned user extensions: 8
[2018-08-30 11:40:41.934] [sharedprocess] [info] Scanned user extensions: 8
[2018-08-30 11:45:41.947] [sharedprocess] [info] Scanned user extensions: 8
[2018-08-30 11:50:41.955] [sharedprocess] [info] Scanned user extensions: 8
[2018-08-30 11:55:41.963] [sharedprocess] [info] Scanned user extensions: 8
[2018-08-30 12:00:41.969] [sharedprocess] [info] Scanned user extensions: 8
[2018-08-30 12:05:41.977] [sharedprocess] [info] Scanned user extensions: 8
[2018-08-30 12:10:41.983] [sharedprocess] [info] Scanned user extensions: 8
[2018-08-30 12:15:41.990] [sharedprocess] [info] Scanned user extensions: 8
[2018-08-30 12:20:41.995] [sharedprocess] [info] Scanned user extensions: 8
[2018-08-30 12:25:42.009] [sharedprocess] [info] Scanned user extensions: 8
[2018-08-30 12:30:42.016] [sharedprocess] [info] Scanned user extensions: 8
[2018-08-30 12:35:42.026] [sharedprocess] [info] Scanned user extensions: 8
[2018-08-30 12:40:42.032] [sharedprocess] [info] Scanned user extensions: 8
[2018-08-30 12:45:42.039] [sharedprocess] [info] Scanned user extensions: 8
[2018-08-30 12:50:42.048] [sharedprocess] [info] Scanned user extensions: 8
[2018-08-30 12:55:42.056] [sharedprocess] [info] Scanned user extensions: 8
[2018-08-30 13:00:42.063] [sharedprocess] [info] Scanned user extensions: 8
[2018-08-30 13:05:42.069] [sharedprocess] [info] Scanned user extensions: 8
[2018-08-30 13:10:42.076] [sharedprocess] [info] Scanned user extensions: 8
[2018-08-30 13:15:42.083] [sharedprocess] [info] Scanned user extensions: 8
[2018-08-30 13:20:42.095] [sharedprocess] [info] Scanned user extensions: 8
[2018-08-30 13:25:42.106] [sharedprocess] [info] Scanned user extensions: 8
[2018-08-30 13:30:42.113] [sharedprocess] [info] Scanned user extensions: 8
[2018-08-30 13:35:42.122] [sharedprocess] [info] Scanned user extensions: 8
[2018-08-30 13:40:42.131] [sharedprocess] [info] Scanned user extensions: 8
[2018-08-30 13:45:42.137] [sharedprocess] [info] Scanned user extensions: 8
[2018-08-30 13:50:42.143] [sharedprocess] [info] Scanned user extensions: 8
[2018-08-30 13:55:42.149] [sharedprocess] [info] Scanned user extensions: 8
[2018-08-30 14:00:42.156] [sharedprocess] [info] Scanned user extensions: 8
[2018-08-30 14:05:42.167] [sharedprocess] [info] Scanned user extensions: 8
[2018-08-30 14:10:42.175] [sharedprocess] [info] Scanned user extensions: 8
[2018-08-30 14:15:42.186] [sharedprocess] [info] Scanned user extensions: 8
[2018-08-30 14:20:42.193] [sharedprocess] [info] Scanned user extensions: 8
[2018-08-30 14:25:42.199] [sharedprocess] [info] Scanned user extensions: 8
[2018-08-30 14:30:42.206] [sharedprocess] [info] Scanned user extensions: 8
[2018-08-30 14:35:42.211] [sharedprocess] [info] Scanned user extensions: 8
[2018-08-30 14:40:42.217] [sharedprocess] [info] Scanned user extensions: 8
[2018-08-30 14:45:42.224] [sharedprocess] [info] Scanned user extensions: 8
[2018-08-30 14:50:42.232] [sharedprocess] [info] Scanned user extensions: 8
[2018-08-30 14:55:42.238] [sharedprocess] [info] Scanned user extensions: 8
[2018-08-30 15:00:42.245] [sharedprocess] [info] Scanned user extensions: 8
[2018-08-30 15:05:42.256] [sharedprocess] [info] Scanned user extensions: 8
[2018-08-30 15:10:42.266] [sharedprocess] [info] Scanned user extensions: 8
[2018-08-30 15:15:42.278] [sharedprocess] [info] Scanned user extensions: 8
[2018-08-30 15:20:42.286] [sharedprocess] [info] Scanned user extensions: 8
[2018-08-30 15:25:42.293] [sharedprocess] [info] Scanned user extensions: 8
[2018-08-30 15:30:42.303] [sharedprocess] [info] Scanned user extensions: 8
[2018-08-30 15:35:42.314] [sharedprocess] [info] Scanned user extensions: 8
[2018-08-30 15:40:42.323] [sharedprocess] [info] Scanned user extensions: 8
[2018-08-30 15:45:42.337] [sharedprocess] [info] Scanned user extensions: 8
[2018-08-30 15:50:42.344] [sharedprocess] [info] Scanned user extensions: 8
[2018-08-30 15:55:42.352] [sharedprocess] [info] Scanned user extensions: 8
[2018-08-30 16:00:42.358] [sharedprocess] [info] Scanned user extensions: 8
[2018-08-30 16:05:42.366] [sharedprocess] [info] Scanned user extensions: 8
[2018-08-30 16:10:42.373] [sharedprocess] [info] Scanned user extensions: 8
[2018-08-30 16:15:42.380] [sharedprocess] [info] Scanned user extensions: 8
[2018-08-30 16:20:42.389] [sharedprocess] [info] Scanned user extensions: 8
[2018-08-30 16:25:42.398] [sharedprocess] [info] Scanned user extensions: 8
[2018-08-30 16:30:42.407] [sharedprocess] [info] Scanned user extensions: 8
[2018-08-30 16:35:42.415] [sharedprocess] [info] Scanned user extensions: 8
[2018-08-30 16:40:42.426] [sharedprocess] [info] Scanned user extensions: 8
[2018-08-30 16:45:42.437] [sharedprocess] [info] Scanned user extensions: 8
[2018-08-30 16:50:42.445] [sharedprocess] [info] Scanned user extensions: 8
[2018-08-30 16:55:42.453] [sharedprocess] [info] Scanned user extensions: 8
[2018-08-30 17:00:42.459] [sharedprocess] [info] Scanned user extensions: 8
[2018-08-30 17:05:42.466] [sharedprocess] [info] Scanned user extensions: 8
[2018-08-30 17:10:42.478] [sharedprocess] [info] Scanned user extensions: 8
[2018-08-30 17:15:42.487] [sharedprocess] [info] Scanned user extensions: 8
[2018-08-30 17:20:42.495] [sharedprocess] [info] Scanned user extensions: 8
[2018-08-30 17:25:42.502] [sharedprocess] [info] Scanned user extensions: 8
[2018-08-30 17:30:42.517] [sharedprocess] [info] Scanned user extensions: 8
[2018-08-30 17:35:42.525] [sharedprocess] [info] Scanned user extensions: 8
[2018-08-30 17:40:42.530] [sharedprocess] [info] Scanned user extensions: 8
[2018-08-30 17:45:42.536] [sharedprocess] [info] Scanned user extensions: 8
[2018-08-30 17:50:42.547] [sharedprocess] [info] Scanned user extensions: 8
[2018-08-30 17:55:42.555] [sharedprocess] [info] Scanned user extensions: 8
[2018-08-30 18:00:42.563] [sharedprocess] [info] Scanned user extensions: 8
[2018-08-30 18:05:42.571] [sharedprocess] [info] Scanned user extensions: 8
[2018-08-30 18:10:41.913] [sharedprocess] [info] Installing extension: vsc-material-theme
[2018-08-30 18:10:41.913] [sharedprocess] [info] Installing extension: ayu
[2018-08-30 18:10:41.917] [sharedprocess] [info] Scanned user extensions: 8
[2018-08-30 18:10:41.919] [sharedprocess] [info] Scanned user extensions: 8
[2018-08-30 18:10:42.576] [sharedprocess] [info] Scanned user extensions: 8
[2018-08-30 18:10:42.746] [sharedprocess] [info] Downloaded extension: vsc-material-theme /tmp/e71bcffe-befa-4400-8f83-b5e95008191e
[2018-08-30 18:10:42.954] [sharedprocess] [info] Downloaded extension: ayu /tmp/13d90970-9133-4bdc-a103-5e30e1972461
[2018-08-30 18:10:43.093] [sharedprocess] [info] Extracted extension to /home/vito/.vscode-oss/extensions/.teabyii.ayu-0.16.0: teabyii.ayu-0.16.0
[2018-08-30 18:10:43.093] [sharedprocess] [info] Renamed to /home/vito/.vscode-oss/extensions/teabyii.ayu-0.16.0
[2018-08-30 18:10:43.093] [sharedprocess] [info] Installation completed. teabyii.ayu-0.16.0
[2018-08-30 18:10:43.096] [sharedprocess] [info] Extensions installed successfully: teabyii.ayu
[2018-08-30 18:10:43.175] [sharedprocess] [info] Extracted extension to /home/vito/.vscode-oss/extensions/.equinusocio.vsc-material-theme-2.4.2: equinusocio.vsc-material-theme-2.4.2
[2018-08-30 18:10:43.175] [sharedprocess] [info] Renamed to /home/vito/.vscode-oss/extensions/equinusocio.vsc-material-theme-2.4.2
[2018-08-30 18:10:43.175] [sharedprocess] [info] Installation completed. equinusocio.vsc-material-theme-2.4.2
[2018-08-30 18:10:43.178] [sharedprocess] [info] Extensions installed successfully: equinusocio.vsc-material-theme
[2018-08-30 18:10:43.314] [sharedprocess] [info] Scanned user extensions: 8
[2018-08-30 18:10:43.317] [sharedprocess] [info] Scanned user extensions: 8
[2018-08-30 18:10:43.341] [sharedprocess] [info] Scanned system extensions: 71
[2018-08-30 18:10:43.343] [sharedprocess] [info] Scanned system extensions: 71
[2018-08-30 18:15:42.585] [sharedprocess] [info] Scanned user extensions: 8
[2018-08-30 18:20:42.594] [sharedprocess] [info] Scanned user extensions: 8
[2018-08-30 18:25:42.605] [sharedprocess] [info] Scanned user extensions: 8
[2018-08-30 18:30:42.613] [sharedprocess] [info] Scanned user extensions: 8
[2018-08-30 18:35:42.620] [sharedprocess] [info] Scanned user extensions: 8
[2018-08-30 18:40:42.628] [sharedprocess] [info] Scanned user extensions: 8
[2018-08-30 18:45:42.635] [sharedprocess] [info] Scanned user extensions: 8
[2018-08-30 18:50:42.644] [sharedprocess] [info] Scanned user extensions: 8
[2018-08-30 18:55:42.655] [sharedprocess] [info] Scanned user extensions: 8
[2018-08-30 19:00:42.663] [sharedprocess] [info] Scanned user extensions: 8
[2018-08-30 19:05:42.669] [sharedprocess] [info] Scanned user extensions: 8
[2018-08-30 19:10:42.677] [sharedprocess] [info] Scanned user extensions: 8
[2018-08-30 19:15:42.683] [sharedprocess] [info] Scanned user extensions: 8
[2018-08-30 19:20:42.690] [sharedprocess] [info] Scanned user extensions: 8
[2018-08-30 19:25:42.698] [sharedprocess] [info] Scanned user extensions: 8
[2018-08-30 19:30:42.706] [sharedprocess] [info] Scanned user extensions: 8
[2018-08-30 19:35:42.715] [sharedprocess] [info] Scanned user extensions: 8
[2018-08-30 19:40:42.723] [sharedprocess] [info] Scanned user extensions: 8
[2018-08-30 19:45:42.730] [sharedprocess] [info] Scanned user extensions: 8
[2018-08-30 19:50:42.736] [sharedprocess] [info] Scanned user extensions: 8
[2018-08-30 19:55:42.742] [sharedprocess] [info] Scanned user extensions: 8
[2018-08-30 20:00:42.748] [sharedprocess] [info] Scanned user extensions: 8
[2018-08-30 20:05:42.757] [sharedprocess] [info] Scanned user extensions: 8
[2018-08-30 20:10:42.765] [sharedprocess] [info] Scanned user extensions: 8
[2018-08-30 20:15:42.772] [sharedprocess] [info] Scanned user extensions: 8
[2018-08-30 20:20:42.790] [sharedprocess] [info] Scanned user extensions: 8
[2018-08-30 20:25:42.797] [sharedprocess] [info] Scanned user extensions: 8
[2018-08-30 20:30:42.806] [sharedprocess] [info] Scanned user extensions: 8
[2018-08-30 20:35:42.814] [sharedprocess] [info] Scanned user extensions: 8
[2018-08-30 20:40:42.820] [sharedprocess] [info] Scanned user extensions: 8
[2018-08-30 20:45:42.826] [sharedprocess] [info] Scanned user extensions: 8
[2018-08-30 20:50:42.833] [sharedprocess] [info] Scanned user extensions: 8
[2018-08-30 20:55:42.839] [sharedprocess] [info] Scanned user extensions: 8
[2018-08-30 21:00:42.847] [sharedprocess] [info] Scanned user extensions: 8
[2018-08-30 21:05:42.854] [sharedprocess] [info] Scanned user extensions: 8
[2018-08-30 21:10:42.861] [sharedprocess] [info] Scanned user extensions: 8
[2018-08-30 21:15:42.868] [sharedprocess] [info] Scanned user extensions: 8
[2018-08-30 21:20:42.876] [sharedprocess] [info] Scanned user extensions: 8
[2018-08-30 21:25:42.882] [sharedprocess] [info] Scanned user extensions: 8
[2018-08-30 21:30:42.889] [sharedprocess] [info] Scanned user extensions: 8
[2018-08-30 21:35:42.897] [sharedprocess] [info] Scanned user extensions: 8
[2018-08-30 21:40:42.903] [sharedprocess] [info] Scanned user extensions: 8
[2018-08-30 21:45:42.912] [sharedprocess] [info] Scanned user extensions: 8
[2018-08-30 21:50:42.918] [sharedprocess] [info] Scanned user extensions: 8
[2018-08-30 21:55:42.929] [sharedprocess] [info] Scanned user extensions: 8
[2018-08-30 22:00:42.936] [sharedprocess] [info] Scanned user extensions: 8
[2018-08-30 22:05:42.944] [sharedprocess] [info] Scanned user extensions: 8
[2018-08-30 22:10:42.954] [sharedprocess] [info] Scanned user extensions: 8
[2018-08-30 22:15:42.964] [sharedprocess] [info] Scanned user extensions: 8
[2018-08-30 22:20:42.970] [sharedprocess] [info] Scanned user extensions: 8
[2018-08-30 22:25:42.982] [sharedprocess] [info] Scanned user extensions: 8
[2018-08-30 22:30:42.992] [sharedprocess] [info] Scanned user extensions: 8
[2018-08-30 22:35:42.999] [sharedprocess] [info] Scanned user extensions: 8
[2018-08-30 22:40:43.015] [sharedprocess] [info] Scanned user extensions: 8
[2018-08-30 22:45:43.021] [sharedprocess] [info] Scanned user extensions: 8
[2018-08-30 22:50:43.030] [sharedprocess] [info] Scanned user extensions: 8
[2018-08-30 22:55:43.039] [sharedprocess] [info] Scanned user extensions: 8
[2018-08-30 23:00:43.046] [sharedprocess] [info] Scanned user extensions: 8
[2018-08-30 23:05:43.052] [sharedprocess] [info] Scanned user extensions: 8
[2018-08-30 23:10:43.061] [sharedprocess] [info] Scanned user extensions: 8
[2018-08-30 23:15:43.072] [sharedprocess] [info] Scanned user extensions: 8
[2018-08-30 23:20:43.083] [sharedprocess] [info] Scanned user extensions: 8
[2018-08-30 23:25:43.094] [sharedprocess] [info] Scanned user extensions: 8
[2018-08-30 23:30:43.112] [sharedprocess] [info] Scanned user extensions: 8
[2018-08-30 23:35:43.123] [sharedprocess] [info] Scanned user extensions: 8
[2018-08-30 23:40:43.139] [sharedprocess] [info] Scanned user extensions: 8
[2018-08-30 23:45:43.155] [sharedprocess] [info] Scanned user extensions: 8
[2018-08-30 23:50:43.167] [sharedprocess] [info] Scanned user extensions: 8
[2018-08-30 23:55:43.176] [sharedprocess] [info] Scanned user extensions: 8
[2018-08-31 00:00:43.189] [sharedprocess] [info] Scanned user extensions: 8
[2018-08-31 00:05:43.198] [sharedprocess] [info] Scanned user extensions: 8
[2018-08-31 00:10:43.217] [sharedprocess] [info] Scanned user extensions: 8
[2018-08-31 00:15:43.223] [sharedprocess] [info] Scanned user extensions: 8
[2018-08-31 00:20:43.229] [sharedprocess] [info] Scanned user extensions: 8
[2018-08-31 00:25:43.239] [sharedprocess] [info] Scanned user extensions: 8
[2018-08-31 00:30:43.250] [sharedprocess] [info] Scanned user extensions: 8
[2018-08-31 00:35:43.256] [sharedprocess] [info] Scanned user extensions: 8
[2018-08-31 00:40:43.265] [sharedprocess] [info] Scanned user extensions: 8
[2018-08-31 00:45:43.275] [sharedprocess] [info] Scanned user extensions: 8
[2018-08-31 00:50:43.283] [sharedprocess] [info] Scanned user extensions: 8
[2018-08-31 00:55:43.290] [sharedprocess] [info] Scanned user extensions: 8
[2018-08-31 01:00:43.297] [sharedprocess] [info] Scanned user extensions: 8
[2018-08-31 01:05:43.305] [sharedprocess] [info] Scanned user extensions: 8
[2018-08-31 01:10:43.315] [sharedprocess] [info] Scanned user extensions: 8
[2018-08-31 01:15:43.324] [sharedprocess] [info] Scanned user extensions: 8
[2018-08-31 01:20:43.330] [sharedprocess] [info] Scanned user extensions: 8
[2018-08-31 01:25:43.345] [sharedprocess] [info] Scanned user extensions: 8
[2018-08-31 01:30:43.354] [sharedprocess] [info] Scanned user extensions: 8
[2018-08-31 01:35:43.372] [sharedprocess] [info] Scanned user extensions: 8
[2018-08-31 01:40:43.380] [sharedprocess] [info] Scanned user extensions: 8
[2018-08-31 01:45:43.389] [sharedprocess] [info] Scanned user extensions: 8
[2018-08-31 01:50:43.396] [sharedprocess] [info] Scanned user extensions: 8
[2018-08-31 01:55:43.407] [sharedprocess] [info] Scanned user extensions: 8
[2018-08-31 02:00:43.416] [sharedprocess] [info] Scanned user extensions: 8
[2018-08-31 02:05:43.428] [sharedprocess] [info] Scanned user extensions: 8
[2018-08-31 02:10:43.434] [sharedprocess] [info] Scanned user extensions: 8
[2018-08-31 02:15:43.440] [sharedprocess] [info] Scanned user extensions: 8
[2018-08-31 02:20:43.448] [sharedprocess] [info] Scanned user extensions: 8
[2018-08-31 02:25:43.456] [sharedprocess] [info] Scanned user extensions: 8
[2018-08-31 02:30:43.463] [sharedprocess] [info] Scanned user extensions: 8
[2018-08-31 02:35:43.470] [sharedprocess] [info] Scanned user extensions: 8
[2018-08-31 02:40:43.476] [sharedprocess] [info] Scanned user extensions: 8
[2018-08-31 02:45:43.488] [sharedprocess] [info] Scanned user extensions: 8
[2018-08-31 02:50:43.499] [sharedprocess] [info] Scanned user extensions: 8
[2018-08-31 02:55:43.507] [sharedprocess] [info] Scanned user extensions: 8
[2018-08-31 03:00:43.513] [sharedprocess] [info] Scanned user extensions: 8
[2018-08-31 03:05:43.525] [sharedprocess] [info] Scanned user extensions: 8
[2018-08-31 03:10:43.536] [sharedprocess] [info] Scanned user extensions: 8
[2018-08-31 03:15:43.543] [sharedprocess] [info] Scanned user extensions: 8
[2018-08-31 03:20:43.552] [sharedprocess] [info] Scanned user extensions: 8
[2018-08-31 03:25:43.561] [sharedprocess] [info] Scanned user extensions: 8
[2018-08-31 03:30:43.568] [sharedprocess] [info] Scanned user extensions: 8
[2018-08-31 03:35:43.576] [sharedprocess] [info] Scanned user extensions: 8
[2018-08-31 03:40:43.584] [sharedprocess] [info] Scanned user extensions: 8
[2018-08-31 03:45:43.597] [sharedprocess] [info] Scanned user extensions: 8
[2018-08-31 03:50:43.605] [sharedprocess] [info] Scanned user extensions: 8
[2018-08-31 03:55:43.611] [sharedprocess] [info] Scanned user extensions: 8
[2018-08-31 04:00:43.624] [sharedprocess] [info] Scanned user extensions: 8
[2018-08-31 04:05:43.640] [sharedprocess] [info] Scanned user extensions: 8
[2018-08-31 04:10:43.649] [sharedprocess] [info] Scanned user extensions: 8
[2018-08-31 04:15:43.656] [sharedprocess] [info] Scanned user extensions: 8
[2018-08-31 04:20:43.664] [sharedprocess] [info] Scanned user extensions: 8
[2018-08-31 04:25:43.670] [sharedprocess] [info] Scanned user extensions: 8
[2018-08-31 04:30:43.677] [sharedprocess] [info] Scanned user extensions: 8
[2018-08-31 04:35:43.683] [sharedprocess] [info] Scanned user extensions: 8
[2018-08-31 04:40:43.695] [sharedprocess] [info] Scanned user extensions: 8
[2018-08-31 04:45:43.703] [sharedprocess] [info] Scanned user extensions: 8
[2018-08-31 04:50:43.714] [sharedprocess] [info] Scanned user extensions: 8
[2018-08-31 04:55:43.726] [sharedprocess] [info] Scanned user extensions: 8
[2018-08-31 05:00:43.735] [sharedprocess] [info] Scanned user extensions: 8
[2018-08-31 05:05:43.742] [sharedprocess] [info] Scanned user extensions: 8
[2018-08-31 05:10:43.750] [sharedprocess] [info] Scanned user extensions: 8
[2018-08-31 05:15:43.757] [sharedprocess] [info] Scanned user extensions: 8
[2018-08-31 05:20:43.765] [sharedprocess] [info] Scanned user extensions: 8
[2018-08-31 05:25:43.776] [sharedprocess] [info] Scanned user extensions: 8
[2018-08-31 05:30:43.785] [sharedprocess] [info] Scanned user extensions: 8
[2018-08-31 05:35:43.800] [sharedprocess] [info] Scanned user extensions: 8
[2018-08-31 05:40:43.810] [sharedprocess] [info] Scanned user extensions: 8
[2018-08-31 05:45:43.820] [sharedprocess] [info] Scanned user extensions: 8
[2018-08-31 05:50:43.829] [sharedprocess] [info] Scanned user extensions: 8
[2018-08-31 05:55:43.837] [sharedprocess] [info] Scanned user extensions: 8
[2018-08-31 06:00:43.843] [sharedprocess] [info] Scanned user extensions: 8
[2018-08-31 06:05:43.854] [sharedprocess] [info] Scanned user extensions: 8
[2018-08-31 06:10:43.863] [sharedprocess] [info] Scanned user extensions: 8
[2018-08-31 06:15:43.877] [sharedprocess] [info] Scanned user extensions: 8
[2018-08-31 06:20:43.883] [sharedprocess] [info] Scanned user extensions: 8
[2018-08-31 06:25:43.897] [sharedprocess] [info] Scanned user extensions: 8
[2018-08-31 06:30:43.904] [sharedprocess] [info] Scanned user extensions: 8
[2018-08-31 06:35:43.917] [sharedprocess] [info] Scanned user extensions: 8
[2018-08-31 06:40:43.924] [sharedprocess] [info] Scanned user extensions: 8
[2018-08-31 06:45:43.931] [sharedprocess] [info] Scanned user extensions: 8
[2018-08-31 06:50:43.937] [sharedprocess] [info] Scanned user extensions: 8
[2018-08-31 06:55:43.951] [sharedprocess] [info] Scanned user extensions: 8
[2018-08-31 07:00:43.959] [sharedprocess] [info] Scanned user extensions: 8
[2018-08-31 07:05:43.967] [sharedprocess] [info] Scanned user extensions: 8
[2018-08-31 07:10:43.976] [sharedprocess] [info] Scanned user extensions: 8
[2018-08-31 07:15:43.982] [sharedprocess] [info] Scanned user extensions: 8
[2018-08-31 07:20:43.989] [sharedprocess] [info] Scanned user extensions: 8
[2018-08-31 07:25:43.995] [sharedprocess] [info] Scanned user extensions: 8
[2018-08-31 07:30:44.007] [sharedprocess] [info] Scanned user extensions: 8
[2018-08-31 07:35:44.015] [sharedprocess] [info] Scanned user extensions: 8
[2018-08-31 07:40:44.022] [sharedprocess] [info] Scanned user extensions: 8
[2018-08-31 07:45:44.028] [sharedprocess] [info] Scanned user extensions: 8
[2018-08-31 07:50:44.044] [sharedprocess] [info] Scanned user extensions: 8
[2018-08-31 07:55:44.051] [sharedprocess] [info] Scanned user extensions: 8
[2018-08-31 08:00:44.059] [sharedprocess] [info] Scanned user extensions: 8
[2018-08-31 08:05:44.067] [sharedprocess] [info] Scanned user extensions: 8
[2018-08-31 08:10:44.077] [sharedprocess] [info] Scanned user extensions: 8
[2018-08-31 08:15:44.084] [sharedprocess] [info] Scanned user extensions: 8
[2018-08-31 08:20:44.091] [sharedprocess] [info] Scanned user extensions: 8
[2018-08-31 08:25:44.097] [sharedprocess] [info] Scanned user extensions: 8
[2018-08-31 08:30:44.104] [sharedprocess] [info] Scanned user extensions: 8
[2018-08-31 08:35:44.116] [sharedprocess] [info] Scanned user extensions: 8
[2018-08-31 08:40:44.126] [sharedprocess] [info] Scanned user extensions: 8
[2018-08-31 08:45:44.132] [sharedprocess] [info] Scanned user extensions: 8
[2018-08-31 08:48:33.456] [sharedprocess] [info] Scanned user extensions: 8
[2018-08-31 08:48:33.457] [sharedprocess] [info] Scanned user extensions: 8
[2018-08-31 08:48:33.459] [sharedprocess] [info] Scanned user extensions: 8
[2018-08-31 08:48:33.495] [sharedprocess] [info] Scanned system extensions: 71
[2018-08-31 08:48:33.498] [sharedprocess] [info] Scanned system extensions: 71
[2018-08-31 08:48:36.009] [sharedprocess] [info] Scanned user extensions: 8
[2018-08-31 08:48:36.012] [sharedprocess] [info] Scanned user extensions: 8
[2018-08-31 08:48:50.285] [sharedprocess] [info] Scanned user extensions: 8
[2018-08-31 08:48:50.290] [sharedprocess] [info] Scanned user extensions: 8
[2018-08-31 08:48:50.295] [sharedprocess] [info] Scanned user extensions: 8
[2018-08-31 08:48:50.330] [sharedprocess] [info] Scanned system extensions: 71
[2018-08-31 08:48:50.334] [sharedprocess] [info] Scanned system extensions: 71
[2018-08-31 08:48:52.799] [sharedprocess] [info] Scanned user extensions: 8
[2018-08-31 08:48:52.805] [sharedprocess] [info] Scanned user extensions: 8
[2018-08-31 08:50:44.147] [sharedprocess] [info] Scanned user extensions: 8
[2018-08-31 08:53:52.818] [sharedprocess] [info] Scanned user extensions: 8
[2018-08-31 08:55:44.161] [sharedprocess] [info] Scanned user extensions: 8
