[2018-08-17 22:33:58.895] [renderer1] [info] no standard startup: not running latest version
[2018-08-17 22:42:27.523] [renderer1] [error] Unable to create '.vscode/settings.json' (Error: Permission denied writing to file (file:///home/vito/Documents/Netrounds/netrounds_portal/netrounds_portal/.vscode/settings.json)).: Error: Unable to create '.vscode/settings.json' (Error: Permission denied writing to file (file:///home/vito/Documents/Netrounds/netrounds_portal/netrounds_portal/.vscode/settings.json)).
    at file:///usr/share/code-oss/resources/app/out/vs/workbench/workbench.main.js:3743:770
    at Object.v [as _notify] (file:///usr/share/code-oss/resources/app/out/vs/workbench/workbench.main.js:152:302)
    at Object.enter (file:///usr/share/code-oss/resources/app/out/vs/workbench/workbench.main.js:155:568)
    at n.Class.derive._creator._run (file:///usr/share/code-oss/resources/app/out/vs/workbench/workbench.main.js:156:902)
    at n.Class.derive._creator._chainedError (file:///usr/share/code-oss/resources/app/out/vs/workbench/workbench.main.js:156:261)
    at n (file:///usr/share/code-oss/resources/app/out/vs/workbench/workbench.main.js:154:40)
    at n.Class.define.cancel.then (file:///usr/share/code-oss/resources/app/out/vs/workbench/workbench.main.js:157:736)
    at Object.enter (file:///usr/share/code-oss/resources/app/out/vs/workbench/workbench.main.js:154:109)
    at n.Class.derive._creator._run (file:///usr/share/code-oss/resources/app/out/vs/workbench/workbench.main.js:156:902)
    at n.Class.derive._creator._setCompleteValue (file:///usr/share/code-oss/resources/app/out/vs/workbench/workbench.main.js:156:596)
    at Object.v [as _notify] (file:///usr/share/code-oss/resources/app/out/vs/workbench/workbench.main.js:152:284)
    at Object.enter (file:///usr/share/code-oss/resources/app/out/vs/workbench/workbench.main.js:155:568)
    at n.Class.derive._creator._run (file:///usr/share/code-oss/resources/app/out/vs/workbench/workbench.main.js:156:902)
    at n.Class.derive._creator._chainedError (file:///usr/share/code-oss/resources/app/out/vs/workbench/workbench.main.js:156:261)
    at n (file:///usr/share/code-oss/resources/app/out/vs/workbench/workbench.main.js:154:40)
    at n.Class.define.cancel.then (file:///usr/share/code-oss/resources/app/out/vs/workbench/workbench.main.js:157:736)
    at Object.enter (file:///usr/share/code-oss/resources/app/out/vs/workbench/workbench.main.js:154:109)
    at n.Class.derive._creator._run (file:///usr/share/code-oss/resources/app/out/vs/workbench/workbench.main.js:156:902)
    at n.Class.derive._creator._setCompleteValue (file:///usr/share/code-oss/resources/app/out/vs/workbench/workbench.main.js:156:596)
    at Object.v [as _notify] (file:///usr/share/code-oss/resources/app/out/vs/workbench/workbench.main.js:152:284)
    at Object.enter (file:///usr/share/code-oss/resources/app/out/vs/workbench/workbench.main.js:155:568)
    at n.Class.derive._creator._run (file:///usr/share/code-oss/resources/app/out/vs/workbench/workbench.main.js:156:902)
    at n.Class.derive._creator._chainedError (file:///usr/share/code-oss/resources/app/out/vs/workbench/workbench.main.js:156:261)
    at n (file:///usr/share/code-oss/resources/app/out/vs/workbench/workbench.main.js:154:40)
    at n.Class.define.cancel.then (file:///usr/share/code-oss/resources/app/out/vs/workbench/workbench.main.js:157:736)
    at Object.enter (file:///usr/share/code-oss/resources/app/out/vs/workbench/workbench.main.js:154:109)
    at n.Class.derive._creator._run (file:///usr/share/code-oss/resources/app/out/vs/workbench/workbench.main.js:156:902)
    at n.Class.derive._creator._setCompleteValue (file:///usr/share/code-oss/resources/app/out/vs/workbench/workbench.main.js:156:596)
    at Object.v [as _notify] (file:///usr/share/code-oss/resources/app/out/vs/workbench/workbench.main.js:152:284)
    at Object.enter (file:///usr/share/code-oss/resources/app/out/vs/workbench/workbench.main.js:155:568)
    at n.Class.derive._oncancel._run (file:///usr/share/code-oss/resources/app/out/vs/workbench/workbench.main.js:156:902)
    at n.Class.derive._oncancel._error (file:///usr/share/code-oss/resources/app/out/vs/workbench/workbench.main.js:156:419)
    at file:///usr/share/code-oss/resources/app/out/vs/workbench/workbench.main.js:200:1015
    at /usr/share/code-oss/resources/app/node_modules.asar/graceful-fs/polyfills.js:284:29
    at FSReqWrap.oncomplete (original-fs.js:152:21)
[2018-08-17 22:43:14.191] [renderer1] [error] Permission denied writing to file (file:///home/vito/Documents/Netrounds/netrounds_portal/netrounds_portal/.vscode/settings.json): Error: Permission denied writing to file (file:///home/vito/Documents/Netrounds/netrounds_portal/netrounds_portal/.vscode/settings.json)
    at new t (file:///usr/share/code-oss/resources/app/out/vs/workbench/workbench.main.js:1371:300)
    at file:///usr/share/code-oss/resources/app/out/vs/workbench/workbench.main.js:3253:532
    at Object.v [as _notify] (file:///usr/share/code-oss/resources/app/out/vs/workbench/workbench.main.js:152:302)
    at Object.enter (file:///usr/share/code-oss/resources/app/out/vs/workbench/workbench.main.js:155:568)
    at n.Class.derive._creator._run (file:///usr/share/code-oss/resources/app/out/vs/workbench/workbench.main.js:156:902)
    at n.Class.derive._creator._chainedError (file:///usr/share/code-oss/resources/app/out/vs/workbench/workbench.main.js:156:261)
    at n (file:///usr/share/code-oss/resources/app/out/vs/workbench/workbench.main.js:154:40)
    at n.Class.define.cancel.then (file:///usr/share/code-oss/resources/app/out/vs/workbench/workbench.main.js:157:736)
    at Object.enter (file:///usr/share/code-oss/resources/app/out/vs/workbench/workbench.main.js:154:109)
    at n.Class.derive._creator._run (file:///usr/share/code-oss/resources/app/out/vs/workbench/workbench.main.js:156:902)
    at n.Class.derive._creator._setCompleteValue (file:///usr/share/code-oss/resources/app/out/vs/workbench/workbench.main.js:156:596)
    at Object.v [as _notify] (file:///usr/share/code-oss/resources/app/out/vs/workbench/workbench.main.js:152:284)
    at Object.enter (file:///usr/share/code-oss/resources/app/out/vs/workbench/workbench.main.js:155:568)
    at n.Class.derive._creator._run (file:///usr/share/code-oss/resources/app/out/vs/workbench/workbench.main.js:156:902)
    at n.Class.derive._creator._chainedError (file:///usr/share/code-oss/resources/app/out/vs/workbench/workbench.main.js:156:261)
    at n (file:///usr/share/code-oss/resources/app/out/vs/workbench/workbench.main.js:154:40)
    at n.Class.define.cancel.then (file:///usr/share/code-oss/resources/app/out/vs/workbench/workbench.main.js:157:736)
    at Object.enter (file:///usr/share/code-oss/resources/app/out/vs/workbench/workbench.main.js:154:109)
    at n.Class.derive._creator._run (file:///usr/share/code-oss/resources/app/out/vs/workbench/workbench.main.js:156:902)
    at n.Class.derive._creator._setCompleteValue (file:///usr/share/code-oss/resources/app/out/vs/workbench/workbench.main.js:156:596)
    at Object.v [as _notify] (file:///usr/share/code-oss/resources/app/out/vs/workbench/workbench.main.js:152:284)
    at Object.enter (file:///usr/share/code-oss/resources/app/out/vs/workbench/workbench.main.js:155:568)
    at n.Class.derive._oncancel._run (file:///usr/share/code-oss/resources/app/out/vs/workbench/workbench.main.js:156:902)
    at n.Class.derive._oncancel._error (file:///usr/share/code-oss/resources/app/out/vs/workbench/workbench.main.js:156:419)
    at file:///usr/share/code-oss/resources/app/out/vs/workbench/workbench.main.js:200:1015
    at /usr/share/code-oss/resources/app/node_modules.asar/graceful-fs/polyfills.js:284:29
    at FSReqWrap.oncomplete (original-fs.js:152:21)
[2018-08-17 22:45:41.656] [renderer1] [info] no standard startup: not a new window
[2018-08-17 22:47:38.616] [renderer1] [error] Unable to create '.vscode/settings.json' (Error: Permission denied writing to file (file:///home/vito/Documents/Netrounds/netrounds_portal/netrounds_portal/.vscode/settings.json)).: Error: Unable to create '.vscode/settings.json' (Error: Permission denied writing to file (file:///home/vito/Documents/Netrounds/netrounds_portal/netrounds_portal/.vscode/settings.json)).
    at file:///usr/share/code-oss/resources/app/out/vs/workbench/workbench.main.js:3743:770
    at Object.v [as _notify] (file:///usr/share/code-oss/resources/app/out/vs/workbench/workbench.main.js:152:302)
    at Object.enter (file:///usr/share/code-oss/resources/app/out/vs/workbench/workbench.main.js:155:568)
    at n.Class.derive._creator._run (file:///usr/share/code-oss/resources/app/out/vs/workbench/workbench.main.js:156:902)
    at n.Class.derive._creator._chainedError (file:///usr/share/code-oss/resources/app/out/vs/workbench/workbench.main.js:156:261)
    at n (file:///usr/share/code-oss/resources/app/out/vs/workbench/workbench.main.js:154:40)
    at n.Class.define.cancel.then (file:///usr/share/code-oss/resources/app/out/vs/workbench/workbench.main.js:157:736)
    at Object.enter (file:///usr/share/code-oss/resources/app/out/vs/workbench/workbench.main.js:154:109)
    at n.Class.derive._creator._run (file:///usr/share/code-oss/resources/app/out/vs/workbench/workbench.main.js:156:902)
    at n.Class.derive._creator._setCompleteValue (file:///usr/share/code-oss/resources/app/out/vs/workbench/workbench.main.js:156:596)
    at Object.v [as _notify] (file:///usr/share/code-oss/resources/app/out/vs/workbench/workbench.main.js:152:284)
    at Object.enter (file:///usr/share/code-oss/resources/app/out/vs/workbench/workbench.main.js:155:568)
    at n.Class.derive._creator._run (file:///usr/share/code-oss/resources/app/out/vs/workbench/workbench.main.js:156:902)
    at n.Class.derive._creator._chainedError (file:///usr/share/code-oss/resources/app/out/vs/workbench/workbench.main.js:156:261)
    at n (file:///usr/share/code-oss/resources/app/out/vs/workbench/workbench.main.js:154:40)
    at n.Class.define.cancel.then (file:///usr/share/code-oss/resources/app/out/vs/workbench/workbench.main.js:157:736)
    at Object.enter (file:///usr/share/code-oss/resources/app/out/vs/workbench/workbench.main.js:154:109)
    at n.Class.derive._creator._run (file:///usr/share/code-oss/resources/app/out/vs/workbench/workbench.main.js:156:902)
    at n.Class.derive._creator._setCompleteValue (file:///usr/share/code-oss/resources/app/out/vs/workbench/workbench.main.js:156:596)
    at Object.v [as _notify] (file:///usr/share/code-oss/resources/app/out/vs/workbench/workbench.main.js:152:284)
    at Object.enter (file:///usr/share/code-oss/resources/app/out/vs/workbench/workbench.main.js:155:568)
    at n.Class.derive._creator._run (file:///usr/share/code-oss/resources/app/out/vs/workbench/workbench.main.js:156:902)
    at n.Class.derive._creator._chainedError (file:///usr/share/code-oss/resources/app/out/vs/workbench/workbench.main.js:156:261)
    at n (file:///usr/share/code-oss/resources/app/out/vs/workbench/workbench.main.js:154:40)
    at n.Class.define.cancel.then (file:///usr/share/code-oss/resources/app/out/vs/workbench/workbench.main.js:157:736)
    at Object.enter (file:///usr/share/code-oss/resources/app/out/vs/workbench/workbench.main.js:154:109)
    at n.Class.derive._creator._run (file:///usr/share/code-oss/resources/app/out/vs/workbench/workbench.main.js:156:902)
    at n.Class.derive._creator._setCompleteValue (file:///usr/share/code-oss/resources/app/out/vs/workbench/workbench.main.js:156:596)
    at Object.v [as _notify] (file:///usr/share/code-oss/resources/app/out/vs/workbench/workbench.main.js:152:284)
    at Object.enter (file:///usr/share/code-oss/resources/app/out/vs/workbench/workbench.main.js:155:568)
    at n.Class.derive._oncancel._run (file:///usr/share/code-oss/resources/app/out/vs/workbench/workbench.main.js:156:902)
    at n.Class.derive._oncancel._error (file:///usr/share/code-oss/resources/app/out/vs/workbench/workbench.main.js:156:419)
    at file:///usr/share/code-oss/resources/app/out/vs/workbench/workbench.main.js:200:1015
    at /usr/share/code-oss/resources/app/node_modules.asar/graceful-fs/polyfills.js:284:29
    at FSReqWrap.oncomplete (original-fs.js:152:21)
[2018-08-17 22:56:58.688] [renderer1] [error] Unable to create '.vscode/settings.json' (Error: Permission denied writing to file (file:///home/vito/Documents/Netrounds/netrounds_portal/netrounds_portal/.vscode/settings.json)).: Error: Unable to create '.vscode/settings.json' (Error: Permission denied writing to file (file:///home/vito/Documents/Netrounds/netrounds_portal/netrounds_portal/.vscode/settings.json)).
    at file:///usr/share/code-oss/resources/app/out/vs/workbench/workbench.main.js:3743:770
    at Object.v [as _notify] (file:///usr/share/code-oss/resources/app/out/vs/workbench/workbench.main.js:152:302)
    at Object.enter (file:///usr/share/code-oss/resources/app/out/vs/workbench/workbench.main.js:155:568)
    at n.Class.derive._creator._run (file:///usr/share/code-oss/resources/app/out/vs/workbench/workbench.main.js:156:902)
    at n.Class.derive._creator._chainedError (file:///usr/share/code-oss/resources/app/out/vs/workbench/workbench.main.js:156:261)
    at n (file:///usr/share/code-oss/resources/app/out/vs/workbench/workbench.main.js:154:40)
    at n.Class.define.cancel.then (file:///usr/share/code-oss/resources/app/out/vs/workbench/workbench.main.js:157:736)
    at Object.enter (file:///usr/share/code-oss/resources/app/out/vs/workbench/workbench.main.js:154:109)
    at n.Class.derive._creator._run (file:///usr/share/code-oss/resources/app/out/vs/workbench/workbench.main.js:156:902)
    at n.Class.derive._creator._setCompleteValue (file:///usr/share/code-oss/resources/app/out/vs/workbench/workbench.main.js:156:596)
    at Object.v [as _notify] (file:///usr/share/code-oss/resources/app/out/vs/workbench/workbench.main.js:152:284)
    at Object.enter (file:///usr/share/code-oss/resources/app/out/vs/workbench/workbench.main.js:155:568)
    at n.Class.derive._creator._run (file:///usr/share/code-oss/resources/app/out/vs/workbench/workbench.main.js:156:902)
    at n.Class.derive._creator._chainedError (file:///usr/share/code-oss/resources/app/out/vs/workbench/workbench.main.js:156:261)
    at n (file:///usr/share/code-oss/resources/app/out/vs/workbench/workbench.main.js:154:40)
    at n.Class.define.cancel.then (file:///usr/share/code-oss/resources/app/out/vs/workbench/workbench.main.js:157:736)
    at Object.enter (file:///usr/share/code-oss/resources/app/out/vs/workbench/workbench.main.js:154:109)
    at n.Class.derive._creator._run (file:///usr/share/code-oss/resources/app/out/vs/workbench/workbench.main.js:156:902)
    at n.Class.derive._creator._setCompleteValue (file:///usr/share/code-oss/resources/app/out/vs/workbench/workbench.main.js:156:596)
    at Object.v [as _notify] (file:///usr/share/code-oss/resources/app/out/vs/workbench/workbench.main.js:152:284)
    at Object.enter (file:///usr/share/code-oss/resources/app/out/vs/workbench/workbench.main.js:155:568)
    at n.Class.derive._creator._run (file:///usr/share/code-oss/resources/app/out/vs/workbench/workbench.main.js:156:902)
    at n.Class.derive._creator._chainedError (file:///usr/share/code-oss/resources/app/out/vs/workbench/workbench.main.js:156:261)
    at n (file:///usr/share/code-oss/resources/app/out/vs/workbench/workbench.main.js:154:40)
    at n.Class.define.cancel.then (file:///usr/share/code-oss/resources/app/out/vs/workbench/workbench.main.js:157:736)
    at Object.enter (file:///usr/share/code-oss/resources/app/out/vs/workbench/workbench.main.js:154:109)
    at n.Class.derive._creator._run (file:///usr/share/code-oss/resources/app/out/vs/workbench/workbench.main.js:156:902)
    at n.Class.derive._creator._setCompleteValue (file:///usr/share/code-oss/resources/app/out/vs/workbench/workbench.main.js:156:596)
    at Object.v [as _notify] (file:///usr/share/code-oss/resources/app/out/vs/workbench/workbench.main.js:152:284)
    at Object.enter (file:///usr/share/code-oss/resources/app/out/vs/workbench/workbench.main.js:155:568)
    at n.Class.derive._oncancel._run (file:///usr/share/code-oss/resources/app/out/vs/workbench/workbench.main.js:156:902)
    at n.Class.derive._oncancel._error (file:///usr/share/code-oss/resources/app/out/vs/workbench/workbench.main.js:156:419)
    at file:///usr/share/code-oss/resources/app/out/vs/workbench/workbench.main.js:200:1015
    at /usr/share/code-oss/resources/app/node_modules.asar/graceful-fs/polyfills.js:284:29
    at FSReqWrap.oncomplete (original-fs.js:152:21)
[2018-08-17 23:00:51.787] [renderer1] [error] Unable to write into user settings because the file is dirty. Please save the user settings file first and then try again.: Error: Unable to write into user settings because the file is dirty. Please save the user settings file first and then try again.
    at new t (file:///usr/share/code-oss/resources/app/out/vs/workbench/workbench.main.js:4062:314)
    at e.wrapError (file:///usr/share/code-oss/resources/app/out/vs/workbench/workbench.main.js:4066:145)
    at file:///usr/share/code-oss/resources/app/out/vs/workbench/workbench.main.js:4070:450
    at Object.g [as _notify] (file:///usr/share/code-oss/resources/app/out/vs/workbench/workbench.main.js:151:729)
    at Object.enter (file:///usr/share/code-oss/resources/app/out/vs/workbench/workbench.main.js:155:61)
    at n.Class.derive._creator._run (file:///usr/share/code-oss/resources/app/out/vs/workbench/workbench.main.js:156:902)
    at n.Class.derive._creator._completed (file:///usr/share/code-oss/resources/app/out/vs/workbench/workbench.main.js:156:343)
    at n.Class.derive._creator.then (file:///usr/share/code-oss/resources/app/out/vs/workbench/workbench.main.js:158:366)
    at Object.enter (file:///usr/share/code-oss/resources/app/out/vs/workbench/workbench.main.js:154:109)
    at n.Class.derive._creator._run (file:///usr/share/code-oss/resources/app/out/vs/workbench/workbench.main.js:156:902)
    at n.Class.derive._creator._setCompleteValue (file:///usr/share/code-oss/resources/app/out/vs/workbench/workbench.main.js:156:596)
    at Object.g [as _notify] (file:///usr/share/code-oss/resources/app/out/vs/workbench/workbench.main.js:151:709)
    at Object.enter (file:///usr/share/code-oss/resources/app/out/vs/workbench/workbench.main.js:155:61)
    at n.Class.derive._creator._run (file:///usr/share/code-oss/resources/app/out/vs/workbench/workbench.main.js:156:902)
    at n.Class.derive._creator._completed (file:///usr/share/code-oss/resources/app/out/vs/workbench/workbench.main.js:156:343)
    at n.Class.define.cancel.then (file:///usr/share/code-oss/resources/app/out/vs/workbench/workbench.main.js:158:366)
    at Object.enter (file:///usr/share/code-oss/resources/app/out/vs/workbench/workbench.main.js:154:109)
    at n.Class.derive._creator._run (file:///usr/share/code-oss/resources/app/out/vs/workbench/workbench.main.js:156:902)
    at n.Class.derive._creator._setCompleteValue (file:///usr/share/code-oss/resources/app/out/vs/workbench/workbench.main.js:156:596)
    at Object.g [as _notify] (file:///usr/share/code-oss/resources/app/out/vs/workbench/workbench.main.js:151:709)
    at Object.enter (file:///usr/share/code-oss/resources/app/out/vs/workbench/workbench.main.js:155:61)
    at n.Class.derive._oncancel._run (file:///usr/share/code-oss/resources/app/out/vs/workbench/workbench.main.js:156:902)
    at n.Class.derive._oncancel._completed (file:///usr/share/code-oss/resources/app/out/vs/workbench/workbench.main.js:156:343)
    at file:///usr/share/code-oss/resources/app/out/vs/workbench/workbench.main.js:200:1020
    at file:///usr/share/code-oss/resources/app/out/vs/workbench/workbench.main.js:289:711
    at /usr/share/code-oss/resources/app/node_modules.asar/graceful-fs/polyfills.js:287:18
    at FSReqWrap.oncomplete (original-fs.js:153:5)
[2018-08-17 23:01:11.899] [renderer1] [error] Unable to write into user settings because the file is dirty. Please save the user settings file first and then try again.: Error: Unable to write into user settings because the file is dirty. Please save the user settings file first and then try again.
    at new t (file:///usr/share/code-oss/resources/app/out/vs/workbench/workbench.main.js:4062:314)
    at e.wrapError (file:///usr/share/code-oss/resources/app/out/vs/workbench/workbench.main.js:4066:145)
    at file:///usr/share/code-oss/resources/app/out/vs/workbench/workbench.main.js:4070:450
    at Object.g [as _notify] (file:///usr/share/code-oss/resources/app/out/vs/workbench/workbench.main.js:151:729)
    at Object.enter (file:///usr/share/code-oss/resources/app/out/vs/workbench/workbench.main.js:155:61)
    at n.Class.derive._creator._run (file:///usr/share/code-oss/resources/app/out/vs/workbench/workbench.main.js:156:902)
    at n.Class.derive._creator._completed (file:///usr/share/code-oss/resources/app/out/vs/workbench/workbench.main.js:156:343)
    at n.Class.derive._creator.then (file:///usr/share/code-oss/resources/app/out/vs/workbench/workbench.main.js:158:366)
    at Object.enter (file:///usr/share/code-oss/resources/app/out/vs/workbench/workbench.main.js:154:109)
    at n.Class.derive._creator._run (file:///usr/share/code-oss/resources/app/out/vs/workbench/workbench.main.js:156:902)
    at n.Class.derive._creator._setCompleteValue (file:///usr/share/code-oss/resources/app/out/vs/workbench/workbench.main.js:156:596)
    at Object.g [as _notify] (file:///usr/share/code-oss/resources/app/out/vs/workbench/workbench.main.js:151:709)
    at Object.enter (file:///usr/share/code-oss/resources/app/out/vs/workbench/workbench.main.js:155:61)
    at n.Class.derive._creator._run (file:///usr/share/code-oss/resources/app/out/vs/workbench/workbench.main.js:156:902)
    at n.Class.derive._creator._completed (file:///usr/share/code-oss/resources/app/out/vs/workbench/workbench.main.js:156:343)
    at n.Class.define.cancel.then (file:///usr/share/code-oss/resources/app/out/vs/workbench/workbench.main.js:158:366)
    at Object.enter (file:///usr/share/code-oss/resources/app/out/vs/workbench/workbench.main.js:154:109)
    at n.Class.derive._creator._run (file:///usr/share/code-oss/resources/app/out/vs/workbench/workbench.main.js:156:902)
    at n.Class.derive._creator._setCompleteValue (file:///usr/share/code-oss/resources/app/out/vs/workbench/workbench.main.js:156:596)
    at Object.g [as _notify] (file:///usr/share/code-oss/resources/app/out/vs/workbench/workbench.main.js:151:709)
    at Object.enter (file:///usr/share/code-oss/resources/app/out/vs/workbench/workbench.main.js:155:61)
    at n.Class.derive._oncancel._run (file:///usr/share/code-oss/resources/app/out/vs/workbench/workbench.main.js:156:902)
    at n.Class.derive._oncancel._completed (file:///usr/share/code-oss/resources/app/out/vs/workbench/workbench.main.js:156:343)
    at file:///usr/share/code-oss/resources/app/out/vs/workbench/workbench.main.js:200:1020
    at file:///usr/share/code-oss/resources/app/out/vs/workbench/workbench.main.js:289:711
    at /usr/share/code-oss/resources/app/node_modules.asar/graceful-fs/polyfills.js:287:18
    at FSReqWrap.oncomplete (original-fs.js:153:5)
[2018-08-17 23:32:04.600] [renderer1] [info] no standard startup: not a new window
[2018-08-18 00:37:22.286] [renderer1] [info] no standard startup: not a new window
[2018-08-18 01:07:07.293] [renderer1] [error] Unable to write into user settings because the file is dirty. Please save the user settings file first and then try again.: Error: Unable to write into user settings because the file is dirty. Please save the user settings file first and then try again.
    at new t (file:///usr/share/code-oss/resources/app/out/vs/workbench/workbench.main.js:4062:314)
    at e.wrapError (file:///usr/share/code-oss/resources/app/out/vs/workbench/workbench.main.js:4066:145)
    at file:///usr/share/code-oss/resources/app/out/vs/workbench/workbench.main.js:4070:450
    at Object.g [as _notify] (file:///usr/share/code-oss/resources/app/out/vs/workbench/workbench.main.js:151:729)
    at Object.enter (file:///usr/share/code-oss/resources/app/out/vs/workbench/workbench.main.js:155:61)
    at n.Class.derive._creator._run (file:///usr/share/code-oss/resources/app/out/vs/workbench/workbench.main.js:156:902)
    at n.Class.derive._creator._completed (file:///usr/share/code-oss/resources/app/out/vs/workbench/workbench.main.js:156:343)
    at n.Class.derive._creator.then (file:///usr/share/code-oss/resources/app/out/vs/workbench/workbench.main.js:158:366)
    at Object.enter (file:///usr/share/code-oss/resources/app/out/vs/workbench/workbench.main.js:154:109)
    at n.Class.derive._creator._run (file:///usr/share/code-oss/resources/app/out/vs/workbench/workbench.main.js:156:902)
    at n.Class.derive._creator._setCompleteValue (file:///usr/share/code-oss/resources/app/out/vs/workbench/workbench.main.js:156:596)
    at Object.g [as _notify] (file:///usr/share/code-oss/resources/app/out/vs/workbench/workbench.main.js:151:709)
    at Object.enter (file:///usr/share/code-oss/resources/app/out/vs/workbench/workbench.main.js:155:61)
    at n.Class.derive._creator._run (file:///usr/share/code-oss/resources/app/out/vs/workbench/workbench.main.js:156:902)
    at n.Class.derive._creator._completed (file:///usr/share/code-oss/resources/app/out/vs/workbench/workbench.main.js:156:343)
    at n.Class.define.cancel.then (file:///usr/share/code-oss/resources/app/out/vs/workbench/workbench.main.js:158:366)
    at Object.enter (file:///usr/share/code-oss/resources/app/out/vs/workbench/workbench.main.js:154:109)
    at n.Class.derive._creator._run (file:///usr/share/code-oss/resources/app/out/vs/workbench/workbench.main.js:156:902)
    at n.Class.derive._creator._setCompleteValue (file:///usr/share/code-oss/resources/app/out/vs/workbench/workbench.main.js:156:596)
    at Object.g [as _notify] (file:///usr/share/code-oss/resources/app/out/vs/workbench/workbench.main.js:151:709)
    at Object.enter (file:///usr/share/code-oss/resources/app/out/vs/workbench/workbench.main.js:155:61)
    at n.Class.derive._oncancel._run (file:///usr/share/code-oss/resources/app/out/vs/workbench/workbench.main.js:156:902)
    at n.Class.derive._oncancel._completed (file:///usr/share/code-oss/resources/app/out/vs/workbench/workbench.main.js:156:343)
    at file:///usr/share/code-oss/resources/app/out/vs/workbench/workbench.main.js:200:1020
    at file:///usr/share/code-oss/resources/app/out/vs/workbench/workbench.main.js:289:711
    at /usr/share/code-oss/resources/app/node_modules.asar/graceful-fs/polyfills.js:287:18
    at FSReqWrap.oncomplete (original-fs.js:153:5)
