[2018-08-17 22:34:00.817] [sharedprocess] [info] main {"machineId":"fb1d8074a8008de4bd901dbb6385ee608f730dc9a8e32fdeafe862f447821eed"}
[2018-08-17 22:34:00.889] [sharedprocess] [info] Scanned user extensions: 4
[2018-08-17 22:34:00.898] [sharedprocess] [info] Scanned user extensions: 4
[2018-08-17 22:34:00.898] [sharedprocess] [info] Scanned user extensions: 4
[2018-08-17 22:34:00.925] [sharedprocess] [info] Scanned system extensions: 71
[2018-08-17 22:34:00.926] [sharedprocess] [info] Scanned system extensions: 71
[2018-08-17 22:34:01.886] [sharedprocess] [info] Scanned user extensions: 4
[2018-08-17 22:34:01.891] [sharedprocess] [info] Scanned user extensions: 4
[2018-08-17 22:34:40.819] [sharedprocess] [info] Starting to clean up unused language packs.
[2018-08-17 22:39:02.159] [sharedprocess] [info] Scanned user extensions: 4
[2018-08-17 22:44:02.163] [sharedprocess] [info] Scanned user extensions: 4
[2018-08-17 22:44:12.098] [sharedprocess] [info] Scanned user extensions: 4
[2018-08-17 22:44:12.099] [sharedprocess] [info] Scanned user extensions: 4
[2018-08-17 22:44:12.100] [sharedprocess] [info] Scanned user extensions: 4
[2018-08-17 22:44:12.136] [sharedprocess] [info] Scanned system extensions: 71
[2018-08-17 22:44:12.139] [sharedprocess] [info] Scanned system extensions: 71
[2018-08-17 22:45:37.899] [sharedprocess] [info] Installing extension: FlatUI
[2018-08-17 22:45:37.902] [sharedprocess] [info] Scanned user extensions: 4
[2018-08-17 22:45:38.760] [sharedprocess] [info] Downloaded extension: FlatUI /tmp/cac9ca8e-02cb-4c76-9eae-a1fda94226e2
[2018-08-17 22:45:38.797] [sharedprocess] [info] Extracted extension to /home/vito/.vscode-oss/extensions/.lkytal.flatui-1.4.7: lkytal.flatui-1.4.7
[2018-08-17 22:45:38.797] [sharedprocess] [info] Renamed to /home/vito/.vscode-oss/extensions/lkytal.flatui-1.4.7
[2018-08-17 22:45:38.797] [sharedprocess] [info] Installation completed. lkytal.flatui-1.4.7
[2018-08-17 22:45:38.799] [sharedprocess] [info] Extensions installed successfully: lkytal.flatui
[2018-08-17 22:45:38.924] [sharedprocess] [info] Scanned user extensions: 5
[2018-08-17 22:45:38.945] [sharedprocess] [info] Scanned system extensions: 71
[2018-08-17 22:45:41.520] [sharedprocess] [info] Scanned user extensions: 5
[2018-08-17 22:45:41.520] [sharedprocess] [info] Scanned user extensions: 5
[2018-08-17 22:45:41.522] [sharedprocess] [info] Scanned user extensions: 5
[2018-08-17 22:45:41.528] [sharedprocess] [info] Scanned user extensions: 5
[2018-08-17 22:45:41.531] [sharedprocess] [info] Scanned user extensions: 5
[2018-08-17 22:45:41.538] [sharedprocess] [info] Scanned user extensions: 5
[2018-08-17 22:45:41.585] [sharedprocess] [info] Scanned system extensions: 71
[2018-08-17 22:45:41.586] [sharedprocess] [info] Scanned system extensions: 71
[2018-08-17 22:45:41.589] [sharedprocess] [info] Scanned system extensions: 71
[2018-08-17 22:45:41.595] [sharedprocess] [info] Scanned system extensions: 71
[2018-08-17 22:45:44.690] [sharedprocess] [info] Scanned user extensions: 5
[2018-08-17 22:45:44.695] [sharedprocess] [info] Scanned user extensions: 5
[2018-08-17 22:50:44.710] [sharedprocess] [info] Scanned user extensions: 5
[2018-08-17 22:55:44.713] [sharedprocess] [info] Scanned user extensions: 5
[2018-08-17 23:00:44.719] [sharedprocess] [info] Scanned user extensions: 5
[2018-08-17 23:05:44.723] [sharedprocess] [info] Scanned user extensions: 5
[2018-08-17 23:10:44.731] [sharedprocess] [info] Scanned user extensions: 5
[2018-08-17 23:15:44.738] [sharedprocess] [info] Scanned user extensions: 5
[2018-08-17 23:20:44.745] [sharedprocess] [info] Scanned user extensions: 5
[2018-08-17 23:25:44.750] [sharedprocess] [info] Scanned user extensions: 5
[2018-08-17 23:30:44.755] [sharedprocess] [info] Scanned user extensions: 5
[2018-08-17 23:32:04.542] [sharedprocess] [info] Scanned user extensions: 5
[2018-08-17 23:32:04.542] [sharedprocess] [info] Scanned user extensions: 5
[2018-08-17 23:32:04.558] [sharedprocess] [info] Scanned system extensions: 71
[2018-08-17 23:32:07.632] [sharedprocess] [info] Scanned user extensions: 5
[2018-08-17 23:32:07.639] [sharedprocess] [info] Scanned user extensions: 5
[2018-08-17 23:37:07.653] [sharedprocess] [info] Scanned user extensions: 5
[2018-08-17 23:42:07.658] [sharedprocess] [info] Scanned user extensions: 5
[2018-08-17 23:47:07.662] [sharedprocess] [info] Scanned user extensions: 5
[2018-08-17 23:52:07.666] [sharedprocess] [info] Scanned user extensions: 5
[2018-08-17 23:57:07.673] [sharedprocess] [info] Scanned user extensions: 5
[2018-08-18 00:02:07.677] [sharedprocess] [info] Scanned user extensions: 5
[2018-08-18 00:07:07.680] [sharedprocess] [info] Scanned user extensions: 5
[2018-08-18 00:12:07.683] [sharedprocess] [info] Scanned user extensions: 5
[2018-08-18 00:17:07.691] [sharedprocess] [info] Scanned user extensions: 5
[2018-08-18 00:22:07.697] [sharedprocess] [info] Scanned user extensions: 5
[2018-08-18 00:27:07.700] [sharedprocess] [info] Scanned user extensions: 5
[2018-08-18 00:31:37.160] [sharedprocess] [info] Scanned user extensions: 5
[2018-08-18 00:31:37.160] [sharedprocess] [info] Scanned user extensions: 5
[2018-08-18 00:31:37.162] [sharedprocess] [info] Scanned user extensions: 5
[2018-08-18 00:31:37.185] [sharedprocess] [info] Scanned system extensions: 71
[2018-08-18 00:31:37.187] [sharedprocess] [info] Scanned system extensions: 71
[2018-08-18 00:31:41.312] [sharedprocess] [info] Installing extension: python
[2018-08-18 00:31:41.313] [sharedprocess] [info] Scanned user extensions: 5
[2018-08-18 00:31:43.351] [sharedprocess] [info] Downloaded extension: python /tmp/f390cc75-c6b0-4bdf-8953-c4069bde017f
[2018-08-18 00:31:46.232] [sharedprocess] [info] Extracted extension to /home/vito/.vscode-oss/extensions/.ms-python.python-2018.7.1: ms-python.python-2018.7.1
[2018-08-18 00:31:46.232] [sharedprocess] [info] Renamed to /home/vito/.vscode-oss/extensions/ms-python.python-2018.7.1
[2018-08-18 00:31:46.232] [sharedprocess] [info] Installation completed. ms-python.python-2018.7.1
[2018-08-18 00:31:46.245] [sharedprocess] [info] Extensions installed successfully: ms-python.python
[2018-08-18 00:31:46.365] [sharedprocess] [info] Scanned user extensions: 6
[2018-08-18 00:31:46.381] [sharedprocess] [info] Scanned system extensions: 71
[2018-08-18 00:32:07.706] [sharedprocess] [info] Scanned user extensions: 6
[2018-08-18 00:33:46.360] [sharedprocess] [info] Installing extension: theme-monokai-pro-vscode
[2018-08-18 00:33:46.365] [sharedprocess] [info] Scanned user extensions: 6
[2018-08-18 00:33:47.160] [sharedprocess] [info] Downloaded extension: theme-monokai-pro-vscode /tmp/2118dc72-3452-4101-bdcb-7fcefdbdf423
[2018-08-18 00:33:47.173] [sharedprocess] [info] Extracted extension to /home/vito/.vscode-oss/extensions/.monokai.theme-monokai-pro-vscode-1.1.8: monokai.theme-monokai-pro-vscode-1.1.8
[2018-08-18 00:33:47.173] [sharedprocess] [info] Renamed to /home/vito/.vscode-oss/extensions/monokai.theme-monokai-pro-vscode-1.1.8
[2018-08-18 00:33:47.173] [sharedprocess] [info] Installation completed. monokai.theme-monokai-pro-vscode-1.1.8
[2018-08-18 00:33:47.176] [sharedprocess] [info] Extensions installed successfully: monokai.theme-monokai-pro-vscode
[2018-08-18 00:33:47.304] [sharedprocess] [info] Scanned user extensions: 7
[2018-08-18 00:33:47.315] [sharedprocess] [info] Scanned system extensions: 71
[2018-08-18 00:37:07.715] [sharedprocess] [info] Scanned user extensions: 7
[2018-08-18 00:37:18.301] [sharedprocess] [info] Installing extension: nord-visual-studio-code
[2018-08-18 00:37:18.304] [sharedprocess] [info] Scanned user extensions: 7
[2018-08-18 00:37:19.187] [sharedprocess] [info] Downloaded extension: nord-visual-studio-code /tmp/adfc897c-fb86-4e5f-be0d-694d8e88dc3a
[2018-08-18 00:37:19.198] [sharedprocess] [info] Extracted extension to /home/vito/.vscode-oss/extensions/.arcticicestudio.nord-visual-studio-code-0.6.0: arcticicestudio.nord-visual-studio-code-0.6.0
[2018-08-18 00:37:19.199] [sharedprocess] [info] Renamed to /home/vito/.vscode-oss/extensions/arcticicestudio.nord-visual-studio-code-0.6.0
[2018-08-18 00:37:19.199] [sharedprocess] [info] Installation completed. arcticicestudio.nord-visual-studio-code-0.6.0
[2018-08-18 00:37:19.202] [sharedprocess] [info] Extensions installed successfully: arcticicestudio.nord-visual-studio-code
[2018-08-18 00:37:19.355] [sharedprocess] [info] Scanned user extensions: 8
[2018-08-18 00:37:19.369] [sharedprocess] [info] Scanned system extensions: 71
[2018-08-18 00:37:22.132] [sharedprocess] [info] Scanned user extensions: 8
[2018-08-18 00:37:22.136] [sharedprocess] [info] Scanned user extensions: 8
[2018-08-18 00:37:22.138] [sharedprocess] [info] Scanned user extensions: 8
[2018-08-18 00:37:22.148] [sharedprocess] [info] Scanned user extensions: 8
[2018-08-18 00:37:22.149] [sharedprocess] [info] Scanned user extensions: 8
[2018-08-18 00:37:22.156] [sharedprocess] [info] Scanned user extensions: 8
[2018-08-18 00:37:22.197] [sharedprocess] [info] Scanned system extensions: 71
[2018-08-18 00:37:22.200] [sharedprocess] [info] Scanned system extensions: 71
[2018-08-18 00:37:22.203] [sharedprocess] [info] Scanned system extensions: 71
[2018-08-18 00:37:22.207] [sharedprocess] [info] Scanned system extensions: 71
[2018-08-18 00:37:25.320] [sharedprocess] [info] Scanned user extensions: 8
[2018-08-18 00:37:25.328] [sharedprocess] [info] Scanned user extensions: 8
[2018-08-18 00:42:25.345] [sharedprocess] [info] Scanned user extensions: 8
[2018-08-18 00:47:25.354] [sharedprocess] [info] Scanned user extensions: 8
[2018-08-18 00:52:25.361] [sharedprocess] [info] Scanned user extensions: 8
[2018-08-18 00:57:25.366] [sharedprocess] [info] Scanned user extensions: 8
[2018-08-18 01:02:25.376] [sharedprocess] [info] Scanned user extensions: 8
[2018-08-18 01:04:20.107] [sharedprocess] [info] Scanned user extensions: 8
[2018-08-18 01:04:20.118] [sharedprocess] [info] Scanned system extensions: 71
[2018-08-18 01:04:55.347] [sharedprocess] [info] Scanned user extensions: 8
[2018-08-18 01:04:55.348] [sharedprocess] [info] Scanned user extensions: 8
[2018-08-18 01:04:55.351] [sharedprocess] [info] Scanned user extensions: 8
[2018-08-18 01:04:55.399] [sharedprocess] [info] Scanned system extensions: 71
[2018-08-18 01:04:55.402] [sharedprocess] [info] Scanned system extensions: 71
[2018-08-18 01:04:55.404] [sharedprocess] [info] Scanned system extensions: 71
[2018-08-18 01:07:25.383] [sharedprocess] [info] Scanned user extensions: 8
[2018-08-18 01:12:25.393] [sharedprocess] [info] Scanned user extensions: 8
[2018-08-18 01:17:25.399] [sharedprocess] [info] Scanned user extensions: 8
[2018-08-18 01:22:25.407] [sharedprocess] [info] Scanned user extensions: 8
[2018-08-18 01:27:25.417] [sharedprocess] [info] Scanned user extensions: 8
[2018-08-18 01:32:25.425] [sharedprocess] [info] Scanned user extensions: 8
[2018-08-18 01:37:25.433] [sharedprocess] [info] Scanned user extensions: 8
[2018-08-18 01:42:25.440] [sharedprocess] [info] Scanned user extensions: 8
[2018-08-18 01:47:25.446] [sharedprocess] [info] Scanned user extensions: 8
[2018-08-18 01:52:25.452] [sharedprocess] [info] Scanned user extensions: 8
[2018-08-18 01:57:25.460] [sharedprocess] [info] Scanned user extensions: 8
[2018-08-18 02:02:25.467] [sharedprocess] [info] Scanned user extensions: 8
[2018-08-18 02:07:25.474] [sharedprocess] [info] Scanned user extensions: 8
[2018-08-18 02:12:25.482] [sharedprocess] [info] Scanned user extensions: 8
[2018-08-18 02:17:25.491] [sharedprocess] [info] Scanned user extensions: 8
[2018-08-18 02:22:25.499] [sharedprocess] [info] Scanned user extensions: 8
[2018-08-18 02:27:25.506] [sharedprocess] [info] Scanned user extensions: 8
[2018-08-18 02:32:25.512] [sharedprocess] [info] Scanned user extensions: 8
[2018-08-18 02:37:25.519] [sharedprocess] [info] Scanned user extensions: 8
[2018-08-18 02:42:25.525] [sharedprocess] [info] Scanned user extensions: 8
[2018-08-18 02:47:25.531] [sharedprocess] [info] Scanned user extensions: 8
[2018-08-18 02:52:25.538] [sharedprocess] [info] Scanned user extensions: 8
[2018-08-18 02:57:25.550] [sharedprocess] [info] Scanned user extensions: 8
[2018-08-18 03:02:25.560] [sharedprocess] [info] Scanned user extensions: 8
[2018-08-18 03:07:25.567] [sharedprocess] [info] Scanned user extensions: 8
[2018-08-18 03:12:25.573] [sharedprocess] [info] Scanned user extensions: 8
[2018-08-18 03:17:25.580] [sharedprocess] [info] Scanned user extensions: 8
[2018-08-18 03:22:25.589] [sharedprocess] [info] Scanned user extensions: 8
[2018-08-18 03:27:25.596] [sharedprocess] [info] Scanned user extensions: 8
[2018-08-18 03:32:25.602] [sharedprocess] [info] Scanned user extensions: 8
[2018-08-18 03:37:25.607] [sharedprocess] [info] Scanned user extensions: 8
[2018-08-18 03:42:25.617] [sharedprocess] [info] Scanned user extensions: 8
[2018-08-18 03:47:25.624] [sharedprocess] [info] Scanned user extensions: 8
[2018-08-18 03:52:25.630] [sharedprocess] [info] Scanned user extensions: 8
[2018-08-18 03:57:25.642] [sharedprocess] [info] Scanned user extensions: 8
[2018-08-18 04:02:25.652] [sharedprocess] [info] Scanned user extensions: 8
[2018-08-18 04:07:25.662] [sharedprocess] [info] Scanned user extensions: 8
[2018-08-18 04:12:25.670] [sharedprocess] [info] Scanned user extensions: 8
[2018-08-18 04:17:25.682] [sharedprocess] [info] Scanned user extensions: 8
[2018-08-18 04:22:25.688] [sharedprocess] [info] Scanned user extensions: 8
[2018-08-18 04:27:25.694] [sharedprocess] [info] Scanned user extensions: 8
[2018-08-18 04:32:25.702] [sharedprocess] [info] Scanned user extensions: 8
[2018-08-18 04:37:25.709] [sharedprocess] [info] Scanned user extensions: 8
[2018-08-18 04:42:25.715] [sharedprocess] [info] Scanned user extensions: 8
[2018-08-18 04:47:25.723] [sharedprocess] [info] Scanned user extensions: 8
[2018-08-18 04:52:25.735] [sharedprocess] [info] Scanned user extensions: 8
[2018-08-18 04:57:25.743] [sharedprocess] [info] Scanned user extensions: 8
[2018-08-18 05:02:25.755] [sharedprocess] [info] Scanned user extensions: 8
[2018-08-18 05:07:25.765] [sharedprocess] [info] Scanned user extensions: 8
[2018-08-18 05:12:25.778] [sharedprocess] [info] Scanned user extensions: 8
[2018-08-18 05:17:25.789] [sharedprocess] [info] Scanned user extensions: 8
[2018-08-18 05:22:25.804] [sharedprocess] [info] Scanned user extensions: 8
[2018-08-18 05:27:25.811] [sharedprocess] [info] Scanned user extensions: 8
[2018-08-18 05:32:25.822] [sharedprocess] [info] Scanned user extensions: 8
[2018-08-18 05:37:25.831] [sharedprocess] [info] Scanned user extensions: 8
[2018-08-18 05:42:25.840] [sharedprocess] [info] Scanned user extensions: 8
[2018-08-18 05:47:25.851] [sharedprocess] [info] Scanned user extensions: 8
[2018-08-18 05:52:25.860] [sharedprocess] [info] Scanned user extensions: 8
[2018-08-18 05:57:25.866] [sharedprocess] [info] Scanned user extensions: 8
[2018-08-18 06:02:25.873] [sharedprocess] [info] Scanned user extensions: 8
[2018-08-18 06:07:25.880] [sharedprocess] [info] Scanned user extensions: 8
[2018-08-18 06:12:25.887] [sharedprocess] [info] Scanned user extensions: 8
[2018-08-18 06:17:25.893] [sharedprocess] [info] Scanned user extensions: 8
[2018-08-18 06:22:25.899] [sharedprocess] [info] Scanned user extensions: 8
[2018-08-18 06:27:25.905] [sharedprocess] [info] Scanned user extensions: 8
[2018-08-18 06:32:25.912] [sharedprocess] [info] Scanned user extensions: 8
[2018-08-18 06:37:25.918] [sharedprocess] [info] Scanned user extensions: 8
[2018-08-18 06:42:25.929] [sharedprocess] [info] Scanned user extensions: 8
[2018-08-18 06:47:25.937] [sharedprocess] [info] Scanned user extensions: 8
[2018-08-18 06:52:25.949] [sharedprocess] [info] Scanned user extensions: 8
[2018-08-18 06:57:25.962] [sharedprocess] [info] Scanned user extensions: 8
[2018-08-18 07:02:25.970] [sharedprocess] [info] Scanned user extensions: 8
[2018-08-18 07:07:25.976] [sharedprocess] [info] Scanned user extensions: 8
[2018-08-18 07:12:25.983] [sharedprocess] [info] Scanned user extensions: 8
[2018-08-18 07:17:25.993] [sharedprocess] [info] Scanned user extensions: 8
[2018-08-18 07:22:26.006] [sharedprocess] [info] Scanned user extensions: 8
[2018-08-18 07:27:26.014] [sharedprocess] [info] Scanned user extensions: 8
[2018-08-18 07:32:26.019] [sharedprocess] [info] Scanned user extensions: 8
[2018-08-18 07:37:26.027] [sharedprocess] [info] Scanned user extensions: 8
[2018-08-18 07:42:26.033] [sharedprocess] [info] Scanned user extensions: 8
[2018-08-18 07:47:26.040] [sharedprocess] [info] Scanned user extensions: 8
[2018-08-18 07:52:26.048] [sharedprocess] [info] Scanned user extensions: 8
[2018-08-18 07:57:26.057] [sharedprocess] [info] Scanned user extensions: 8
[2018-08-18 08:02:26.066] [sharedprocess] [info] Scanned user extensions: 8
[2018-08-18 08:07:26.074] [sharedprocess] [info] Scanned user extensions: 8
[2018-08-18 08:12:26.082] [sharedprocess] [info] Scanned user extensions: 8
[2018-08-18 08:17:26.090] [sharedprocess] [info] Scanned user extensions: 8
[2018-08-18 08:22:26.104] [sharedprocess] [info] Scanned user extensions: 8
[2018-08-18 08:27:26.111] [sharedprocess] [info] Scanned user extensions: 8
[2018-08-18 08:32:26.117] [sharedprocess] [info] Scanned user extensions: 8
[2018-08-18 08:37:26.129] [sharedprocess] [info] Scanned user extensions: 8
[2018-08-18 08:42:26.137] [sharedprocess] [info] Scanned user extensions: 8
[2018-08-18 08:47:26.143] [sharedprocess] [info] Scanned user extensions: 8
[2018-08-18 08:52:26.152] [sharedprocess] [info] Scanned user extensions: 8
[2018-08-18 08:57:26.159] [sharedprocess] [info] Scanned user extensions: 8
[2018-08-18 09:02:26.165] [sharedprocess] [info] Scanned user extensions: 8
[2018-08-18 09:07:26.173] [sharedprocess] [info] Scanned user extensions: 8
[2018-08-18 09:12:26.183] [sharedprocess] [info] Scanned user extensions: 8
[2018-08-18 09:17:26.197] [sharedprocess] [info] Scanned user extensions: 8
[2018-08-18 09:22:26.204] [sharedprocess] [info] Scanned user extensions: 8
[2018-08-18 09:27:26.213] [sharedprocess] [info] Scanned user extensions: 8
[2018-08-18 09:32:26.221] [sharedprocess] [info] Scanned user extensions: 8
[2018-08-18 09:37:26.226] [sharedprocess] [info] Scanned user extensions: 8
[2018-08-18 09:42:26.233] [sharedprocess] [info] Scanned user extensions: 8
[2018-08-18 09:47:26.240] [sharedprocess] [info] Scanned user extensions: 8
[2018-08-18 09:52:26.247] [sharedprocess] [info] Scanned user extensions: 8
[2018-08-18 09:57:26.255] [sharedprocess] [info] Scanned user extensions: 8
[2018-08-18 10:02:26.260] [sharedprocess] [info] Scanned user extensions: 8
[2018-08-18 10:07:26.267] [sharedprocess] [info] Scanned user extensions: 8
[2018-08-18 10:12:26.279] [sharedprocess] [info] Scanned user extensions: 8
[2018-08-18 10:17:26.293] [sharedprocess] [info] Scanned user extensions: 8
[2018-08-18 10:22:26.300] [sharedprocess] [info] Scanned user extensions: 8
[2018-08-18 10:27:26.307] [sharedprocess] [info] Scanned user extensions: 8
[2018-08-18 10:32:26.318] [sharedprocess] [info] Scanned user extensions: 8
[2018-08-18 10:37:26.332] [sharedprocess] [info] Scanned user extensions: 8
[2018-08-18 10:42:26.340] [sharedprocess] [info] Scanned user extensions: 8
[2018-08-18 10:47:26.350] [sharedprocess] [info] Scanned user extensions: 8
[2018-08-18 10:52:26.363] [sharedprocess] [info] Scanned user extensions: 8
[2018-08-18 10:57:26.371] [sharedprocess] [info] Scanned user extensions: 8
[2018-08-18 11:02:26.376] [sharedprocess] [info] Scanned user extensions: 8
[2018-08-18 11:07:26.381] [sharedprocess] [info] Scanned user extensions: 8
[2018-08-18 11:12:26.387] [sharedprocess] [info] Scanned user extensions: 8
[2018-08-18 11:17:26.395] [sharedprocess] [info] Scanned user extensions: 8
[2018-08-18 11:22:26.402] [sharedprocess] [info] Scanned user extensions: 8
[2018-08-18 11:27:26.409] [sharedprocess] [info] Scanned user extensions: 8
[2018-08-18 11:32:26.415] [sharedprocess] [info] Scanned user extensions: 8
[2018-08-18 11:37:26.420] [sharedprocess] [info] Scanned user extensions: 8
[2018-08-18 11:42:26.427] [sharedprocess] [info] Scanned user extensions: 8
[2018-08-18 11:47:26.437] [sharedprocess] [info] Scanned user extensions: 8
[2018-08-18 11:52:26.446] [sharedprocess] [info] Scanned user extensions: 8
[2018-08-18 11:57:26.451] [sharedprocess] [info] Scanned user extensions: 8
[2018-08-18 12:02:26.459] [sharedprocess] [info] Scanned user extensions: 8
[2018-08-18 12:07:26.466] [sharedprocess] [info] Scanned user extensions: 8
[2018-08-18 12:12:26.471] [sharedprocess] [info] Scanned user extensions: 8
[2018-08-18 12:17:26.480] [sharedprocess] [info] Scanned user extensions: 8
[2018-08-18 12:22:26.487] [sharedprocess] [info] Scanned user extensions: 8
[2018-08-18 12:27:26.493] [sharedprocess] [info] Scanned user extensions: 8
[2018-08-18 12:32:26.499] [sharedprocess] [info] Scanned user extensions: 8
[2018-08-18 12:37:26.505] [sharedprocess] [info] Scanned user extensions: 8
[2018-08-18 12:42:26.511] [sharedprocess] [info] Scanned user extensions: 8
[2018-08-18 12:47:26.516] [sharedprocess] [info] Scanned user extensions: 8
[2018-08-18 12:52:26.522] [sharedprocess] [info] Scanned user extensions: 8
[2018-08-18 12:57:26.527] [sharedprocess] [info] Scanned user extensions: 8
[2018-08-18 13:02:26.539] [sharedprocess] [info] Scanned user extensions: 8
[2018-08-18 13:07:26.546] [sharedprocess] [info] Scanned user extensions: 8
[2018-08-18 13:12:26.552] [sharedprocess] [info] Scanned user extensions: 8
[2018-08-18 13:17:26.557] [sharedprocess] [info] Scanned user extensions: 8
[2018-08-18 13:22:26.570] [sharedprocess] [info] Scanned user extensions: 8
[2018-08-18 13:27:26.578] [sharedprocess] [info] Scanned user extensions: 8
[2018-08-18 13:32:26.588] [sharedprocess] [info] Scanned user extensions: 8
[2018-08-18 13:37:26.598] [sharedprocess] [info] Scanned user extensions: 8
[2018-08-18 13:42:26.605] [sharedprocess] [info] Scanned user extensions: 8
[2018-08-18 13:47:26.610] [sharedprocess] [info] Scanned user extensions: 8
[2018-08-18 13:52:26.617] [sharedprocess] [info] Scanned user extensions: 8
[2018-08-18 13:57:26.628] [sharedprocess] [info] Scanned user extensions: 8
[2018-08-18 14:02:26.638] [sharedprocess] [info] Scanned user extensions: 8
[2018-08-18 14:07:26.645] [sharedprocess] [info] Scanned user extensions: 8
[2018-08-18 14:12:26.651] [sharedprocess] [info] Scanned user extensions: 8
[2018-08-18 14:17:26.658] [sharedprocess] [info] Scanned user extensions: 8
[2018-08-18 14:22:26.665] [sharedprocess] [info] Scanned user extensions: 8
[2018-08-18 14:27:26.677] [sharedprocess] [info] Scanned user extensions: 8
[2018-08-18 14:32:26.683] [sharedprocess] [info] Scanned user extensions: 8
[2018-08-18 14:37:26.691] [sharedprocess] [info] Scanned user extensions: 8
[2018-08-18 14:42:26.699] [sharedprocess] [info] Scanned user extensions: 8
[2018-08-18 14:47:26.713] [sharedprocess] [info] Scanned user extensions: 8
[2018-08-18 14:52:26.721] [sharedprocess] [info] Scanned user extensions: 8
[2018-08-18 14:57:26.727] [sharedprocess] [info] Scanned user extensions: 8
[2018-08-18 15:02:26.732] [sharedprocess] [info] Scanned user extensions: 8
[2018-08-18 15:07:26.740] [sharedprocess] [info] Scanned user extensions: 8
[2018-08-18 15:12:26.748] [sharedprocess] [info] Scanned user extensions: 8
[2018-08-18 15:17:26.754] [sharedprocess] [info] Scanned user extensions: 8
[2018-08-18 15:22:26.759] [sharedprocess] [info] Scanned user extensions: 8
[2018-08-18 15:27:26.765] [sharedprocess] [info] Scanned user extensions: 8
[2018-08-18 15:32:26.771] [sharedprocess] [info] Scanned user extensions: 8
[2018-08-18 15:37:26.776] [sharedprocess] [info] Scanned user extensions: 8
[2018-08-18 15:42:26.784] [sharedprocess] [info] Scanned user extensions: 8
[2018-08-18 15:47:26.797] [sharedprocess] [info] Scanned user extensions: 8
[2018-08-18 15:52:26.802] [sharedprocess] [info] Scanned user extensions: 8
[2018-08-18 15:57:26.808] [sharedprocess] [info] Scanned user extensions: 8
[2018-08-18 16:02:26.826] [sharedprocess] [info] Scanned user extensions: 8
[2018-08-18 16:07:26.833] [sharedprocess] [info] Scanned user extensions: 8
[2018-08-18 16:12:26.841] [sharedprocess] [info] Scanned user extensions: 8
[2018-08-18 16:17:26.847] [sharedprocess] [info] Scanned user extensions: 8
[2018-08-18 16:22:26.853] [sharedprocess] [info] Scanned user extensions: 8
[2018-08-18 16:27:26.858] [sharedprocess] [info] Scanned user extensions: 8
[2018-08-18 16:32:26.864] [sharedprocess] [info] Scanned user extensions: 8
[2018-08-18 16:37:26.875] [sharedprocess] [info] Scanned user extensions: 8
[2018-08-18 16:42:26.885] [sharedprocess] [info] Scanned user extensions: 8
[2018-08-18 16:47:26.890] [sharedprocess] [info] Scanned user extensions: 8
[2018-08-18 16:52:26.899] [sharedprocess] [info] Scanned user extensions: 8
[2018-08-18 16:57:26.906] [sharedprocess] [info] Scanned user extensions: 8
[2018-08-18 17:02:26.914] [sharedprocess] [info] Scanned user extensions: 8
[2018-08-18 17:07:26.923] [sharedprocess] [info] Scanned user extensions: 8
[2018-08-18 17:12:26.932] [sharedprocess] [info] Scanned user extensions: 8
[2018-08-18 17:17:26.939] [sharedprocess] [info] Scanned user extensions: 8
[2018-08-18 17:22:26.946] [sharedprocess] [info] Scanned user extensions: 8
[2018-08-18 17:27:26.957] [sharedprocess] [info] Scanned user extensions: 8
[2018-08-18 17:32:26.963] [sharedprocess] [info] Scanned user extensions: 8
[2018-08-18 17:37:26.970] [sharedprocess] [info] Scanned user extensions: 8
[2018-08-18 17:42:26.978] [sharedprocess] [info] Scanned user extensions: 8
[2018-08-18 17:47:26.984] [sharedprocess] [info] Scanned user extensions: 8
[2018-08-18 17:52:26.990] [sharedprocess] [info] Scanned user extensions: 8
[2018-08-18 17:57:27.001] [sharedprocess] [info] Scanned user extensions: 8
[2018-08-18 18:02:27.017] [sharedprocess] [info] Scanned user extensions: 8
[2018-08-18 18:07:27.027] [sharedprocess] [info] Scanned user extensions: 8
[2018-08-18 18:12:27.034] [sharedprocess] [info] Scanned user extensions: 8
[2018-08-18 18:17:27.040] [sharedprocess] [info] Scanned user extensions: 8
[2018-08-18 18:22:27.047] [sharedprocess] [info] Scanned user extensions: 8
[2018-08-18 18:27:27.053] [sharedprocess] [info] Scanned user extensions: 8
[2018-08-18 18:32:27.067] [sharedprocess] [info] Scanned user extensions: 8
[2018-08-18 18:37:27.073] [sharedprocess] [info] Scanned user extensions: 8
[2018-08-18 18:42:27.080] [sharedprocess] [info] Scanned user extensions: 8
[2018-08-18 18:47:27.085] [sharedprocess] [info] Scanned user extensions: 8
[2018-08-18 18:52:27.091] [sharedprocess] [info] Scanned user extensions: 8
[2018-08-18 18:57:27.096] [sharedprocess] [info] Scanned user extensions: 8
[2018-08-18 19:02:27.104] [sharedprocess] [info] Scanned user extensions: 8
[2018-08-18 19:07:27.111] [sharedprocess] [info] Scanned user extensions: 8
[2018-08-18 19:12:27.120] [sharedprocess] [info] Scanned user extensions: 8
[2018-08-18 19:17:27.126] [sharedprocess] [info] Scanned user extensions: 8
[2018-08-18 19:22:27.134] [sharedprocess] [info] Scanned user extensions: 8
[2018-08-18 19:27:27.140] [sharedprocess] [info] Scanned user extensions: 8
[2018-08-18 19:32:27.149] [sharedprocess] [info] Scanned user extensions: 8
[2018-08-18 19:37:27.157] [sharedprocess] [info] Scanned user extensions: 8
[2018-08-18 19:42:27.167] [sharedprocess] [info] Scanned user extensions: 8
[2018-08-18 19:47:27.174] [sharedprocess] [info] Scanned user extensions: 8
[2018-08-18 19:52:27.184] [sharedprocess] [info] Scanned user extensions: 8
[2018-08-18 19:57:27.196] [sharedprocess] [info] Scanned user extensions: 8
[2018-08-18 20:02:27.207] [sharedprocess] [info] Scanned user extensions: 8
[2018-08-18 20:07:27.213] [sharedprocess] [info] Scanned user extensions: 8
[2018-08-18 20:12:27.219] [sharedprocess] [info] Scanned user extensions: 8
[2018-08-18 20:17:27.226] [sharedprocess] [info] Scanned user extensions: 8
[2018-08-18 20:22:27.232] [sharedprocess] [info] Scanned user extensions: 8
[2018-08-18 20:27:27.238] [sharedprocess] [info] Scanned user extensions: 8
[2018-08-18 20:32:27.244] [sharedprocess] [info] Scanned user extensions: 8
[2018-08-18 20:37:27.257] [sharedprocess] [info] Scanned user extensions: 8
[2018-08-18 20:42:27.264] [sharedprocess] [info] Scanned user extensions: 8
[2018-08-18 20:47:27.270] [sharedprocess] [info] Scanned user extensions: 8
[2018-08-18 20:52:27.277] [sharedprocess] [info] Scanned user extensions: 8
[2018-08-18 20:57:27.285] [sharedprocess] [info] Scanned user extensions: 8
[2018-08-18 21:02:27.293] [sharedprocess] [info] Scanned user extensions: 8
[2018-08-18 21:07:27.300] [sharedprocess] [info] Scanned user extensions: 8
[2018-08-18 21:12:27.306] [sharedprocess] [info] Scanned user extensions: 8
[2018-08-18 21:17:27.314] [sharedprocess] [info] Scanned user extensions: 8
[2018-08-18 21:22:27.323] [sharedprocess] [info] Scanned user extensions: 8
[2018-08-18 21:27:27.334] [sharedprocess] [info] Scanned user extensions: 8
[2018-08-18 21:32:27.343] [sharedprocess] [info] Scanned user extensions: 8
[2018-08-18 21:37:27.348] [sharedprocess] [info] Scanned user extensions: 8
[2018-08-18 21:42:27.356] [sharedprocess] [info] Scanned user extensions: 8
[2018-08-18 21:47:27.365] [sharedprocess] [info] Scanned user extensions: 8
[2018-08-18 21:52:27.372] [sharedprocess] [info] Scanned user extensions: 8
[2018-08-18 21:57:27.379] [sharedprocess] [info] Scanned user extensions: 8
[2018-08-18 22:02:27.386] [sharedprocess] [info] Scanned user extensions: 8
[2018-08-18 22:07:27.393] [sharedprocess] [info] Scanned user extensions: 8
[2018-08-18 22:12:27.401] [sharedprocess] [info] Scanned user extensions: 8
[2018-08-18 22:17:27.410] [sharedprocess] [info] Scanned user extensions: 8
[2018-08-18 22:22:27.422] [sharedprocess] [info] Scanned user extensions: 8
[2018-08-18 22:27:27.430] [sharedprocess] [info] Scanned user extensions: 8
[2018-08-18 22:32:27.436] [sharedprocess] [info] Scanned user extensions: 8
[2018-08-18 22:37:27.443] [sharedprocess] [info] Scanned user extensions: 8
[2018-08-18 22:42:27.449] [sharedprocess] [info] Scanned user extensions: 8
[2018-08-18 22:47:27.455] [sharedprocess] [info] Scanned user extensions: 8
[2018-08-18 22:52:27.461] [sharedprocess] [info] Scanned user extensions: 8
[2018-08-18 22:57:27.470] [sharedprocess] [info] Scanned user extensions: 8
[2018-08-18 23:02:27.476] [sharedprocess] [info] Scanned user extensions: 8
[2018-08-18 23:07:27.484] [sharedprocess] [info] Scanned user extensions: 8
[2018-08-18 23:12:27.493] [sharedprocess] [info] Scanned user extensions: 8
[2018-08-18 23:17:27.500] [sharedprocess] [info] Scanned user extensions: 8
[2018-08-18 23:22:27.507] [sharedprocess] [info] Scanned user extensions: 8
[2018-08-18 23:27:27.514] [sharedprocess] [info] Scanned user extensions: 8
[2018-08-18 23:32:27.520] [sharedprocess] [info] Scanned user extensions: 8
[2018-08-18 23:37:27.525] [sharedprocess] [info] Scanned user extensions: 8
[2018-08-18 23:42:27.532] [sharedprocess] [info] Scanned user extensions: 8
[2018-08-18 23:47:27.540] [sharedprocess] [info] Scanned user extensions: 8
[2018-08-18 23:52:27.547] [sharedprocess] [info] Scanned user extensions: 8
[2018-08-18 23:57:27.555] [sharedprocess] [info] Scanned user extensions: 8
[2018-08-19 00:02:27.562] [sharedprocess] [info] Scanned user extensions: 8
[2018-08-19 00:07:27.575] [sharedprocess] [info] Scanned user extensions: 8
[2018-08-19 00:12:27.585] [sharedprocess] [info] Scanned user extensions: 8
[2018-08-19 00:17:27.598] [sharedprocess] [info] Scanned user extensions: 8
[2018-08-19 00:22:27.605] [sharedprocess] [info] Scanned user extensions: 8
[2018-08-19 00:27:27.613] [sharedprocess] [info] Scanned user extensions: 8
[2018-08-19 00:32:27.621] [sharedprocess] [info] Scanned user extensions: 8
[2018-08-19 00:37:27.630] [sharedprocess] [info] Scanned user extensions: 8
[2018-08-19 00:42:27.639] [sharedprocess] [info] Scanned user extensions: 8
[2018-08-19 00:47:27.646] [sharedprocess] [info] Scanned user extensions: 8
[2018-08-19 00:52:27.652] [sharedprocess] [info] Scanned user extensions: 8
[2018-08-19 00:57:27.658] [sharedprocess] [info] Scanned user extensions: 8
[2018-08-19 01:02:27.664] [sharedprocess] [info] Scanned user extensions: 8
[2018-08-19 01:07:27.671] [sharedprocess] [info] Scanned user extensions: 8
[2018-08-19 01:12:27.678] [sharedprocess] [info] Scanned user extensions: 8
[2018-08-19 01:17:27.685] [sharedprocess] [info] Scanned user extensions: 8
[2018-08-19 01:22:27.691] [sharedprocess] [info] Scanned user extensions: 8
[2018-08-19 01:27:27.697] [sharedprocess] [info] Scanned user extensions: 8
[2018-08-19 01:32:27.712] [sharedprocess] [info] Scanned user extensions: 8
[2018-08-19 01:37:27.719] [sharedprocess] [info] Scanned user extensions: 8
[2018-08-19 01:42:27.725] [sharedprocess] [info] Scanned user extensions: 8
[2018-08-19 01:47:27.731] [sharedprocess] [info] Scanned user extensions: 8
[2018-08-19 01:52:27.736] [sharedprocess] [info] Scanned user extensions: 8
[2018-08-19 01:57:27.742] [sharedprocess] [info] Scanned user extensions: 8
[2018-08-19 02:02:27.750] [sharedprocess] [info] Scanned user extensions: 8
[2018-08-19 02:07:27.756] [sharedprocess] [info] Scanned user extensions: 8
[2018-08-19 02:12:27.761] [sharedprocess] [info] Scanned user extensions: 8
[2018-08-19 02:17:27.766] [sharedprocess] [info] Scanned user extensions: 8
[2018-08-19 02:22:27.771] [sharedprocess] [info] Scanned user extensions: 8
[2018-08-19 02:27:27.777] [sharedprocess] [info] Scanned user extensions: 8
[2018-08-19 02:32:27.783] [sharedprocess] [info] Scanned user extensions: 8
[2018-08-19 02:37:27.791] [sharedprocess] [info] Scanned user extensions: 8
[2018-08-19 02:42:27.801] [sharedprocess] [info] Scanned user extensions: 8
[2018-08-19 02:47:27.811] [sharedprocess] [info] Scanned user extensions: 8
[2018-08-19 02:52:27.817] [sharedprocess] [info] Scanned user extensions: 8
[2018-08-19 02:57:27.824] [sharedprocess] [info] Scanned user extensions: 8
[2018-08-19 03:02:27.832] [sharedprocess] [info] Scanned user extensions: 8
[2018-08-19 03:07:27.839] [sharedprocess] [info] Scanned user extensions: 8
[2018-08-19 03:12:27.847] [sharedprocess] [info] Scanned user extensions: 8
[2018-08-19 03:17:27.860] [sharedprocess] [info] Scanned user extensions: 8
[2018-08-19 03:22:27.872] [sharedprocess] [info] Scanned user extensions: 8
[2018-08-19 03:27:27.882] [sharedprocess] [info] Scanned user extensions: 8
[2018-08-19 03:32:27.893] [sharedprocess] [info] Scanned user extensions: 8
[2018-08-19 03:37:27.900] [sharedprocess] [info] Scanned user extensions: 8
[2018-08-19 03:42:27.908] [sharedprocess] [info] Scanned user extensions: 8
[2018-08-19 03:47:27.915] [sharedprocess] [info] Scanned user extensions: 8
[2018-08-19 03:52:27.921] [sharedprocess] [info] Scanned user extensions: 8
[2018-08-19 03:57:27.933] [sharedprocess] [info] Scanned user extensions: 8
[2018-08-19 04:02:27.941] [sharedprocess] [info] Scanned user extensions: 8
[2018-08-19 04:07:27.953] [sharedprocess] [info] Scanned user extensions: 8
[2018-08-19 04:12:27.961] [sharedprocess] [info] Scanned user extensions: 8
[2018-08-19 04:17:27.968] [sharedprocess] [info] Scanned user extensions: 8
[2018-08-19 04:22:27.976] [sharedprocess] [info] Scanned user extensions: 8
[2018-08-19 04:27:27.982] [sharedprocess] [info] Scanned user extensions: 8
[2018-08-19 04:32:27.988] [sharedprocess] [info] Scanned user extensions: 8
[2018-08-19 04:37:27.993] [sharedprocess] [info] Scanned user extensions: 8
[2018-08-19 04:42:28.000] [sharedprocess] [info] Scanned user extensions: 8
[2018-08-19 04:47:28.012] [sharedprocess] [info] Scanned user extensions: 8
[2018-08-19 04:52:28.019] [sharedprocess] [info] Scanned user extensions: 8
[2018-08-19 04:57:28.029] [sharedprocess] [info] Scanned user extensions: 8
[2018-08-19 05:02:28.038] [sharedprocess] [info] Scanned user extensions: 8
[2018-08-19 05:07:28.044] [sharedprocess] [info] Scanned user extensions: 8
[2018-08-19 05:12:28.049] [sharedprocess] [info] Scanned user extensions: 8
[2018-08-19 05:17:28.054] [sharedprocess] [info] Scanned user extensions: 8
[2018-08-19 05:22:28.061] [sharedprocess] [info] Scanned user extensions: 8
[2018-08-19 05:27:28.066] [sharedprocess] [info] Scanned user extensions: 8
[2018-08-19 05:32:28.073] [sharedprocess] [info] Scanned user extensions: 8
[2018-08-19 05:37:28.078] [sharedprocess] [info] Scanned user extensions: 8
[2018-08-19 05:42:28.085] [sharedprocess] [info] Scanned user extensions: 8
[2018-08-19 05:47:28.091] [sharedprocess] [info] Scanned user extensions: 8
[2018-08-19 05:52:28.099] [sharedprocess] [info] Scanned user extensions: 8
[2018-08-19 05:57:28.107] [sharedprocess] [info] Scanned user extensions: 8
[2018-08-19 06:02:28.117] [sharedprocess] [info] Scanned user extensions: 8
[2018-08-19 06:07:28.132] [sharedprocess] [info] Scanned user extensions: 8
[2018-08-19 06:12:28.146] [sharedprocess] [info] Scanned user extensions: 8
[2018-08-19 06:17:28.156] [sharedprocess] [info] Scanned user extensions: 8
[2018-08-19 06:22:28.167] [sharedprocess] [info] Scanned user extensions: 8
[2018-08-19 06:27:28.174] [sharedprocess] [info] Scanned user extensions: 8
[2018-08-19 06:32:28.180] [sharedprocess] [info] Scanned user extensions: 8
[2018-08-19 06:37:28.186] [sharedprocess] [info] Scanned user extensions: 8
[2018-08-19 06:42:28.193] [sharedprocess] [info] Scanned user extensions: 8
[2018-08-19 06:47:28.199] [sharedprocess] [info] Scanned user extensions: 8
[2018-08-19 06:52:28.216] [sharedprocess] [info] Scanned user extensions: 8
[2018-08-19 06:57:28.222] [sharedprocess] [info] Scanned user extensions: 8
[2018-08-19 07:02:28.228] [sharedprocess] [info] Scanned user extensions: 8
[2018-08-19 07:07:28.233] [sharedprocess] [info] Scanned user extensions: 8
[2018-08-19 07:12:28.240] [sharedprocess] [info] Scanned user extensions: 8
[2018-08-19 07:17:28.248] [sharedprocess] [info] Scanned user extensions: 8
[2018-08-19 07:22:28.256] [sharedprocess] [info] Scanned user extensions: 8
[2018-08-19 07:27:28.265] [sharedprocess] [info] Scanned user extensions: 8
[2018-08-19 07:32:28.271] [sharedprocess] [info] Scanned user extensions: 8
[2018-08-19 07:37:28.280] [sharedprocess] [info] Scanned user extensions: 8
[2018-08-19 07:42:28.289] [sharedprocess] [info] Scanned user extensions: 8
[2018-08-19 07:47:28.297] [sharedprocess] [info] Scanned user extensions: 8
[2018-08-19 07:52:28.303] [sharedprocess] [info] Scanned user extensions: 8
[2018-08-19 07:57:28.309] [sharedprocess] [info] Scanned user extensions: 8
[2018-08-19 08:02:28.316] [sharedprocess] [info] Scanned user extensions: 8
[2018-08-19 08:07:28.326] [sharedprocess] [info] Scanned user extensions: 8
[2018-08-19 08:12:28.334] [sharedprocess] [info] Scanned user extensions: 8
[2018-08-19 08:17:28.348] [sharedprocess] [info] Scanned user extensions: 8
[2018-08-19 08:22:28.356] [sharedprocess] [info] Scanned user extensions: 8
[2018-08-19 08:27:28.365] [sharedprocess] [info] Scanned user extensions: 8
[2018-08-19 08:32:28.372] [sharedprocess] [info] Scanned user extensions: 8
[2018-08-19 08:37:28.378] [sharedprocess] [info] Scanned user extensions: 8
[2018-08-19 08:42:28.384] [sharedprocess] [info] Scanned user extensions: 8
[2018-08-19 08:47:28.393] [sharedprocess] [info] Scanned user extensions: 8
[2018-08-19 08:52:28.401] [sharedprocess] [info] Scanned user extensions: 8
[2018-08-19 08:57:28.408] [sharedprocess] [info] Scanned user extensions: 8
[2018-08-19 09:02:28.418] [sharedprocess] [info] Scanned user extensions: 8
[2018-08-19 09:07:28.427] [sharedprocess] [info] Scanned user extensions: 8
[2018-08-19 09:12:28.436] [sharedprocess] [info] Scanned user extensions: 8
[2018-08-19 09:17:28.444] [sharedprocess] [info] Scanned user extensions: 8
[2018-08-19 09:22:28.453] [sharedprocess] [info] Scanned user extensions: 8
[2018-08-19 09:27:28.464] [sharedprocess] [info] Scanned user extensions: 8
[2018-08-19 09:32:28.471] [sharedprocess] [info] Scanned user extensions: 8
[2018-08-19 09:37:28.477] [sharedprocess] [info] Scanned user extensions: 8
[2018-08-19 09:42:28.482] [sharedprocess] [info] Scanned user extensions: 8
[2018-08-19 09:47:28.490] [sharedprocess] [info] Scanned user extensions: 8
[2018-08-19 09:52:28.503] [sharedprocess] [info] Scanned user extensions: 8
[2018-08-19 09:57:28.511] [sharedprocess] [info] Scanned user extensions: 8
[2018-08-19 10:02:28.523] [sharedprocess] [info] Scanned user extensions: 8
[2018-08-19 10:07:28.533] [sharedprocess] [info] Scanned user extensions: 8
[2018-08-19 10:12:28.541] [sharedprocess] [info] Scanned user extensions: 8
[2018-08-19 10:17:28.548] [sharedprocess] [info] Scanned user extensions: 8
[2018-08-19 10:22:28.555] [sharedprocess] [info] Scanned user extensions: 8
[2018-08-19 10:27:28.562] [sharedprocess] [info] Scanned user extensions: 8
[2018-08-19 10:32:28.568] [sharedprocess] [info] Scanned user extensions: 8
[2018-08-19 10:37:28.577] [sharedprocess] [info] Scanned user extensions: 8
[2018-08-19 10:42:28.588] [sharedprocess] [info] Scanned user extensions: 8
[2018-08-19 10:47:28.596] [sharedprocess] [info] Scanned user extensions: 8
[2018-08-19 10:52:28.601] [sharedprocess] [info] Scanned user extensions: 8
[2018-08-19 10:57:28.608] [sharedprocess] [info] Scanned user extensions: 8
[2018-08-19 11:02:28.615] [sharedprocess] [info] Scanned user extensions: 8
[2018-08-19 11:07:28.620] [sharedprocess] [info] Scanned user extensions: 8
[2018-08-19 11:12:28.626] [sharedprocess] [info] Scanned user extensions: 8
[2018-08-19 11:17:28.633] [sharedprocess] [info] Scanned user extensions: 8
[2018-08-19 11:22:28.642] [sharedprocess] [info] Scanned user extensions: 8
[2018-08-19 11:27:28.649] [sharedprocess] [info] Scanned user extensions: 8
[2018-08-19 11:32:28.654] [sharedprocess] [info] Scanned user extensions: 8
[2018-08-19 11:37:28.663] [sharedprocess] [info] Scanned user extensions: 8
[2018-08-19 11:42:28.671] [sharedprocess] [info] Scanned user extensions: 8
[2018-08-19 11:47:28.678] [sharedprocess] [info] Scanned user extensions: 8
[2018-08-19 11:52:28.684] [sharedprocess] [info] Scanned user extensions: 8
[2018-08-19 11:57:28.692] [sharedprocess] [info] Scanned user extensions: 8
[2018-08-19 12:02:28.699] [sharedprocess] [info] Scanned user extensions: 8
[2018-08-19 12:07:28.707] [sharedprocess] [info] Scanned user extensions: 8
[2018-08-19 12:12:28.712] [sharedprocess] [info] Scanned user extensions: 8
[2018-08-19 12:17:28.720] [sharedprocess] [info] Scanned user extensions: 8
[2018-08-19 12:22:28.727] [sharedprocess] [info] Scanned user extensions: 8
[2018-08-19 12:27:28.743] [sharedprocess] [info] Scanned user extensions: 8
[2018-08-19 12:32:28.750] [sharedprocess] [info] Scanned user extensions: 8
[2018-08-19 12:37:28.755] [sharedprocess] [info] Scanned user extensions: 8
[2018-08-19 12:42:28.761] [sharedprocess] [info] Scanned user extensions: 8
[2018-08-19 12:47:28.772] [sharedprocess] [info] Scanned user extensions: 8
[2018-08-19 12:52:28.781] [sharedprocess] [info] Scanned user extensions: 8
[2018-08-19 12:57:28.795] [sharedprocess] [info] Scanned user extensions: 8
[2018-08-19 13:02:28.803] [sharedprocess] [info] Scanned user extensions: 8
[2018-08-19 13:07:28.810] [sharedprocess] [info] Scanned user extensions: 8
[2018-08-19 13:12:28.822] [sharedprocess] [info] Scanned user extensions: 8
[2018-08-19 13:17:28.831] [sharedprocess] [info] Scanned user extensions: 8
[2018-08-19 13:22:28.843] [sharedprocess] [info] Scanned user extensions: 8
[2018-08-19 13:27:28.858] [sharedprocess] [info] Scanned user extensions: 8
[2018-08-19 13:32:28.871] [sharedprocess] [info] Scanned user extensions: 8
[2018-08-19 13:37:28.879] [sharedprocess] [info] Scanned user extensions: 8
[2018-08-19 13:42:28.888] [sharedprocess] [info] Scanned user extensions: 8
[2018-08-19 13:47:28.894] [sharedprocess] [info] Scanned user extensions: 8
